{"total": {"lines":{"total":4202,"covered":296,"skipped":0,"pct":7.04},"statements":{"total":4530,"covered":321,"skipped":0,"pct":7.08},"functions":{"total":741,"covered":88,"skipped":0,"pct":11.87},"branches":{"total":2332,"covered":175,"skipped":0,"pct":7.5},"branchesTrue":{"total":0,"covered":0,"skipped":0,"pct":100}}
,"/home/runner/work/Typescript_PassivIncomeCalculator/Typescript_PassivIncomeCalculator/src/service/application/notifications/alertsService/methods/calculateAlertPriority.ts": {"lines":{"total":23,"covered":0,"skipped":0,"pct":0},"functions":{"total":3,"covered":0,"skipped":0,"pct":0},"statements":{"total":28,"covered":0,"skipped":0,"pct":0},"branches":{"total":24,"covered":0,"skipped":0,"pct":0}}
,"/home/runner/work/Typescript_PassivIncomeCalculator/Typescript_PassivIncomeCalculator/src/service/application/notifications/alertsService/methods/filterAlertsByType.ts": {"lines":{"total":4,"covered":0,"skipped":0,"pct":0},"functions":{"total":2,"covered":0,"skipped":0,"pct":0},"statements":{"total":6,"covered":0,"skipped":0,"pct":0},"branches":{"total":2,"covered":0,"skipped":0,"pct":0}}
,"/home/runner/work/Typescript_PassivIncomeCalculator/Typescript_PassivIncomeCalculator/src/service/application/notifications/alertsService/methods/generateCashflowAlerts.ts": {"lines":{"total":22,"covered":0,"skipped":0,"pct":0},"functions":{"total":4,"covered":0,"skipped":0,"pct":0},"statements":{"total":23,"covered":0,"skipped":0,"pct":0},"branches":{"total":22,"covered":0,"skipped":0,"pct":0}}
,"/home/runner/work/Typescript_PassivIncomeCalculator/Typescript_PassivIncomeCalculator/src/service/application/notifications/alertsService/methods/generateDebtAlerts.ts": {"lines":{"total":24,"covered":0,"skipped":0,"pct":0},"functions":{"total":4,"covered":0,"skipped":0,"pct":0},"statements":{"total":25,"covered":0,"skipped":0,"pct":0},"branches":{"total":20,"covered":0,"skipped":0,"pct":0}}
,"/home/runner/work/Typescript_PassivIncomeCalculator/Typescript_PassivIncomeCalculator/src/service/application/notifications/alertsService/methods/generateEmergencyFundAlerts.ts": {"lines":{"total":15,"covered":0,"skipped":0,"pct":0},"functions":{"total":1,"covered":0,"skipped":0,"pct":0},"statements":{"total":16,"covered":0,"skipped":0,"pct":0},"branches":{"total":18,"covered":0,"skipped":0,"pct":0}}
,"/home/runner/work/Typescript_PassivIncomeCalculator/Typescript_PassivIncomeCalculator/src/service/application/notifications/alertsService/methods/generateFinancialAlerts.ts": {"lines":{"total":28,"covered":0,"skipped":0,"pct":0},"functions":{"total":3,"covered":0,"skipped":0,"pct":0},"statements":{"total":29,"covered":0,"skipped":0,"pct":0},"branches":{"total":12,"covered":0,"skipped":0,"pct":0}}
,"/home/runner/work/Typescript_PassivIncomeCalculator/Typescript_PassivIncomeCalculator/src/service/application/notifications/alertsService/methods/generateGeneralAlerts.ts": {"lines":{"total":16,"covered":0,"skipped":0,"pct":0},"functions":{"total":1,"covered":0,"skipped":0,"pct":0},"statements":{"total":17,"covered":0,"skipped":0,"pct":0},"branches":{"total":17,"covered":0,"skipped":0,"pct":0}}
,"/home/runner/work/Typescript_PassivIncomeCalculator/Typescript_PassivIncomeCalculator/src/service/application/notifications/alertsService/methods/generatePassiveIncomeAlerts.ts": {"lines":{"total":18,"covered":0,"skipped":0,"pct":0},"functions":{"total":1,"covered":0,"skipped":0,"pct":0},"statements":{"total":19,"covered":0,"skipped":0,"pct":0},"branches":{"total":18,"covered":0,"skipped":0,"pct":0}}
,"/home/runner/work/Typescript_PassivIncomeCalculator/Typescript_PassivIncomeCalculator/src/service/application/notifications/alertsService/methods/generateSavingsAlerts.ts": {"lines":{"total":14,"covered":0,"skipped":0,"pct":0},"functions":{"total":1,"covered":0,"skipped":0,"pct":0},"statements":{"total":15,"covered":0,"skipped":0,"pct":0},"branches":{"total":14,"covered":0,"skipped":0,"pct":0}}
,"/home/runner/work/Typescript_PassivIncomeCalculator/Typescript_PassivIncomeCalculator/src/service/application/notifications/alertsService/methods/transformToUIAlerts.ts": {"lines":{"total":4,"covered":0,"skipped":0,"pct":0},"functions":{"total":3,"covered":0,"skipped":0,"pct":0},"statements":{"total":6,"covered":0,"skipped":0,"pct":0},"branches":{"total":6,"covered":0,"skipped":0,"pct":0}}
,"/home/runner/work/Typescript_PassivIncomeCalculator/Typescript_PassivIncomeCalculator/src/service/application/orchestration/cacheRefreshService/methods/refreshAllCaches.ts": {"lines":{"total":74,"covered":0,"skipped":0,"pct":0},"functions":{"total":4,"covered":0,"skipped":0,"pct":0},"statements":{"total":75,"covered":0,"skipped":0,"pct":0},"branches":{"total":30,"covered":0,"skipped":0,"pct":0}}
,"/home/runner/work/Typescript_PassivIncomeCalculator/Typescript_PassivIncomeCalculator/src/service/application/orchestration/initService/appInitialization.ts": {"lines":{"total":135,"covered":0,"skipped":0,"pct":0},"functions":{"total":10,"covered":0,"skipped":0,"pct":0},"statements":{"total":136,"covered":0,"skipped":0,"pct":0},"branches":{"total":81,"covered":0,"skipped":0,"pct":0}}
,"/home/runner/work/Typescript_PassivIncomeCalculator/Typescript_PassivIncomeCalculator/src/service/application/setupWizard/methods/setupWizardMethods.ts": {"lines":{"total":81,"covered":0,"skipped":0,"pct":0},"functions":{"total":17,"covered":0,"skipped":0,"pct":0},"statements":{"total":95,"covered":0,"skipped":0,"pct":0},"branches":{"total":52,"covered":0,"skipped":0,"pct":0}}
,"/home/runner/work/Typescript_PassivIncomeCalculator/Typescript_PassivIncomeCalculator/src/service/application/setupWizard/methods/stepValidationService/methods/stepValidationMethods.ts": {"lines":{"total":98,"covered":0,"skipped":0,"pct":0},"functions":{"total":12,"covered":0,"skipped":0,"pct":0},"statements":{"total":105,"covered":0,"skipped":0,"pct":0},"branches":{"total":74,"covered":0,"skipped":0,"pct":0}}
,"/home/runner/work/Typescript_PassivIncomeCalculator/Typescript_PassivIncomeCalculator/src/service/application/workflows/deleteDataService/methods/clearAllData.ts": {"lines":{"total":31,"covered":0,"skipped":0,"pct":0},"functions":{"total":3,"covered":0,"skipped":0,"pct":0},"statements":{"total":31,"covered":0,"skipped":0,"pct":0},"branches":{"total":0,"covered":0,"skipped":0,"pct":100}}
,"/home/runner/work/Typescript_PassivIncomeCalculator/Typescript_PassivIncomeCalculator/src/service/application/workflows/deleteDataService/methods/clearAssetDefinitions.ts": {"lines":{"total":12,"covered":0,"skipped":0,"pct":0},"functions":{"total":1,"covered":0,"skipped":0,"pct":0},"statements":{"total":12,"covered":0,"skipped":0,"pct":0},"branches":{"total":0,"covered":0,"skipped":0,"pct":100}}
,"/home/runner/work/Typescript_PassivIncomeCalculator/Typescript_PassivIncomeCalculator/src/service/application/workflows/deleteDataService/methods/clearAssetTransactions.ts": {"lines":{"total":11,"covered":0,"skipped":0,"pct":0},"functions":{"total":1,"covered":0,"skipped":0,"pct":0},"statements":{"total":11,"covered":0,"skipped":0,"pct":0},"branches":{"total":0,"covered":0,"skipped":0,"pct":100}}
,"/home/runner/work/Typescript_PassivIncomeCalculator/Typescript_PassivIncomeCalculator/src/service/application/workflows/deleteDataService/methods/clearDebts.ts": {"lines":{"total":10,"covered":0,"skipped":0,"pct":0},"functions":{"total":1,"covered":0,"skipped":0,"pct":0},"statements":{"total":10,"covered":0,"skipped":0,"pct":0},"branches":{"total":0,"covered":0,"skipped":0,"pct":100}}
,"/home/runner/work/Typescript_PassivIncomeCalculator/Typescript_PassivIncomeCalculator/src/service/application/workflows/deleteDataService/methods/clearExpenses.ts": {"lines":{"total":10,"covered":0,"skipped":0,"pct":0},"functions":{"total":1,"covered":0,"skipped":0,"pct":0},"statements":{"total":10,"covered":0,"skipped":0,"pct":0},"branches":{"total":0,"covered":0,"skipped":0,"pct":100}}
,"/home/runner/work/Typescript_PassivIncomeCalculator/Typescript_PassivIncomeCalculator/src/service/application/workflows/deleteDataService/methods/clearIncome.ts": {"lines":{"total":10,"covered":0,"skipped":0,"pct":0},"functions":{"total":1,"covered":0,"skipped":0,"pct":0},"statements":{"total":10,"covered":0,"skipped":0,"pct":0},"branches":{"total":0,"covered":0,"skipped":0,"pct":100}}
,"/home/runner/work/Typescript_PassivIncomeCalculator/Typescript_PassivIncomeCalculator/src/service/application/workflows/deleteDataService/methods/clearPartialData.ts": {"lines":{"total":16,"covered":0,"skipped":0,"pct":0},"functions":{"total":1,"covered":0,"skipped":0,"pct":0},"statements":{"total":16,"covered":0,"skipped":0,"pct":0},"branches":{"total":0,"covered":0,"skipped":0,"pct":100}}
,"/home/runner/work/Typescript_PassivIncomeCalculator/Typescript_PassivIncomeCalculator/src/service/application/workflows/deleteDataService/methods/clearPortfolioHistory.ts": {"lines":{"total":9,"covered":0,"skipped":0,"pct":0},"functions":{"total":1,"covered":0,"skipped":0,"pct":0},"statements":{"total":9,"covered":0,"skipped":0,"pct":0},"branches":{"total":0,"covered":0,"skipped":0,"pct":100}}
,"/home/runner/work/Typescript_PassivIncomeCalculator/Typescript_PassivIncomeCalculator/src/service/application/workflows/deleteDataService/methods/clearPriceHistory.ts": {"lines":{"total":17,"covered":0,"skipped":0,"pct":0},"functions":{"total":1,"covered":0,"skipped":0,"pct":0},"statements":{"total":17,"covered":0,"skipped":0,"pct":0},"branches":{"total":2,"covered":0,"skipped":0,"pct":0}}
,"/home/runner/work/Typescript_PassivIncomeCalculator/Typescript_PassivIncomeCalculator/src/service/application/workflows/deleteDataService/methods/clearReduxCacheOnly.ts": {"lines":{"total":14,"covered":0,"skipped":0,"pct":0},"functions":{"total":1,"covered":0,"skipped":0,"pct":0},"statements":{"total":15,"covered":0,"skipped":0,"pct":0},"branches":{"total":0,"covered":0,"skipped":0,"pct":100}}
,"/home/runner/work/Typescript_PassivIncomeCalculator/Typescript_PassivIncomeCalculator/src/service/application/workflows/deleteDataService/methods/deleteDataServiceMethods.ts": {"lines":{"total":21,"covered":0,"skipped":0,"pct":0},"functions":{"total":0,"covered":0,"skipped":0,"pct":100},"statements":{"total":21,"covered":0,"skipped":0,"pct":0},"branches":{"total":0,"covered":0,"skipped":0,"pct":100}}
,"/home/runner/work/Typescript_PassivIncomeCalculator/Typescript_PassivIncomeCalculator/src/service/application/workflows/deleteDataService/methods/refreshPortfolioHistory.ts": {"lines":{"total":21,"covered":0,"skipped":0,"pct":0},"functions":{"total":2,"covered":0,"skipped":0,"pct":0},"statements":{"total":21,"covered":0,"skipped":0,"pct":0},"branches":{"total":0,"covered":0,"skipped":0,"pct":100}}
,"/home/runner/work/Typescript_PassivIncomeCalculator/Typescript_PassivIncomeCalculator/src/service/application/workflows/deleteDataService/methods/utils.ts": {"lines":{"total":20,"covered":0,"skipped":0,"pct":0},"functions":{"total":3,"covered":0,"skipped":0,"pct":0},"statements":{"total":20,"covered":0,"skipped":0,"pct":0},"branches":{"total":6,"covered":0,"skipped":0,"pct":0}}
,"/home/runner/work/Typescript_PassivIncomeCalculator/Typescript_PassivIncomeCalculator/src/service/domain/ai/contextService.ts": {"lines":{"total":51,"covered":0,"skipped":0,"pct":0},"functions":{"total":17,"covered":0,"skipped":0,"pct":0},"statements":{"total":55,"covered":0,"skipped":0,"pct":0},"branches":{"total":67,"covered":0,"skipped":0,"pct":0}}
,"/home/runner/work/Typescript_PassivIncomeCalculator/Typescript_PassivIncomeCalculator/src/service/domain/ai/insights/financialInsightsService.ts": {"lines":{"total":75,"covered":0,"skipped":0,"pct":0},"functions":{"total":16,"covered":0,"skipped":0,"pct":0},"statements":{"total":81,"covered":0,"skipped":0,"pct":0},"branches":{"total":73,"covered":0,"skipped":0,"pct":0}}
,"/home/runner/work/Typescript_PassivIncomeCalculator/Typescript_PassivIncomeCalculator/src/service/domain/ai/llm/modelManager.ts": {"lines":{"total":86,"covered":0,"skipped":0,"pct":0},"functions":{"total":11,"covered":0,"skipped":0,"pct":0},"statements":{"total":86,"covered":0,"skipped":0,"pct":0},"branches":{"total":43,"covered":0,"skipped":0,"pct":0}}
,"/home/runner/work/Typescript_PassivIncomeCalculator/Typescript_PassivIncomeCalculator/src/service/domain/analytics/calculations/financialAnalyticsService/methods/calculateFinancialSummary.ts": {"lines":{"total":22,"covered":0,"skipped":0,"pct":0},"functions":{"total":3,"covered":0,"skipped":0,"pct":0},"statements":{"total":25,"covered":0,"skipped":0,"pct":0},"branches":{"total":5,"covered":0,"skipped":0,"pct":0}}
,"/home/runner/work/Typescript_PassivIncomeCalculator/Typescript_PassivIncomeCalculator/src/service/domain/analytics/calculations/financialAnalyticsService/methods/calculatePortfolioAnalytics.ts": {"lines":{"total":184,"covered":0,"skipped":0,"pct":0},"functions":{"total":57,"covered":0,"skipped":0,"pct":0},"statements":{"total":195,"covered":0,"skipped":0,"pct":0},"branches":{"total":124,"covered":0,"skipped":0,"pct":0}}
,"/home/runner/work/Typescript_PassivIncomeCalculator/Typescript_PassivIncomeCalculator/src/service/domain/analytics/calculations/financialAnalyticsService/methods/calculateProjections.ts": {"lines":{"total":51,"covered":0,"skipped":0,"pct":0},"functions":{"total":4,"covered":0,"skipped":0,"pct":0},"statements":{"total":55,"covered":0,"skipped":0,"pct":0},"branches":{"total":27,"covered":0,"skipped":0,"pct":0}}
,"/home/runner/work/Typescript_PassivIncomeCalculator/Typescript_PassivIncomeCalculator/src/service/domain/analytics/calculations/financialAnalyticsService/methods/calculateRatios.ts": {"lines":{"total":3,"covered":0,"skipped":0,"pct":0},"functions":{"total":1,"covered":0,"skipped":0,"pct":0},"statements":{"total":4,"covered":0,"skipped":0,"pct":0},"branches":{"total":0,"covered":0,"skipped":0,"pct":100}}
,"/home/runner/work/Typescript_PassivIncomeCalculator/Typescript_PassivIncomeCalculator/src/service/domain/analytics/calculations/recommendationService/methods/generateAssetRecommendations.ts": {"lines":{"total":56,"covered":0,"skipped":0,"pct":0},"functions":{"total":23,"covered":0,"skipped":0,"pct":0},"statements":{"total":68,"covered":0,"skipped":0,"pct":0},"branches":{"total":70,"covered":0,"skipped":0,"pct":0}}
,"/home/runner/work/Typescript_PassivIncomeCalculator/Typescript_PassivIncomeCalculator/src/service/domain/analytics/calculations/recommendationService/methods/generateExpenseRecommendations.ts": {"lines":{"total":49,"covered":0,"skipped":0,"pct":0},"functions":{"total":16,"covered":0,"skipped":0,"pct":0},"statements":{"total":54,"covered":0,"skipped":0,"pct":0},"branches":{"total":25,"covered":0,"skipped":0,"pct":0}}
,"/home/runner/work/Typescript_PassivIncomeCalculator/Typescript_PassivIncomeCalculator/src/service/domain/analytics/calculations/recommendationService/methods/generateIncomeRecommendations.ts": {"lines":{"total":46,"covered":0,"skipped":0,"pct":0},"functions":{"total":9,"covered":0,"skipped":0,"pct":0},"statements":{"total":49,"covered":0,"skipped":0,"pct":0},"branches":{"total":33,"covered":0,"skipped":0,"pct":0}}
,"/home/runner/work/Typescript_PassivIncomeCalculator/Typescript_PassivIncomeCalculator/src/service/domain/analytics/calculations/recommendationService/methods/generateLiabilityRecommendations.ts": {"lines":{"total":25,"covered":0,"skipped":0,"pct":0},"functions":{"total":5,"covered":0,"skipped":0,"pct":0},"statements":{"total":30,"covered":0,"skipped":0,"pct":0},"branches":{"total":22,"covered":0,"skipped":0,"pct":0}}
,"/home/runner/work/Typescript_PassivIncomeCalculator/Typescript_PassivIncomeCalculator/src/service/domain/analytics/calculations/recommendationService/methods/generatePlanningRecommendations.ts": {"lines":{"total":13,"covered":0,"skipped":0,"pct":0},"functions":{"total":1,"covered":0,"skipped":0,"pct":0},"statements":{"total":14,"covered":0,"skipped":0,"pct":0},"branches":{"total":8,"covered":0,"skipped":0,"pct":0}}
,"/home/runner/work/Typescript_PassivIncomeCalculator/Typescript_PassivIncomeCalculator/src/service/domain/analytics/calculations/recommendationService/methods/generateRecommendations.ts": {"lines":{"total":17,"covered":0,"skipped":0,"pct":0},"functions":{"total":2,"covered":0,"skipped":0,"pct":0},"statements":{"total":18,"covered":0,"skipped":0,"pct":0},"branches":{"total":1,"covered":0,"skipped":0,"pct":0}}
,"/home/runner/work/Typescript_PassivIncomeCalculator/Typescript_PassivIncomeCalculator/src/service/domain/analytics/reporting/recentActivityService/core/activityFactory.ts": {"lines":{"total":15,"covered":0,"skipped":0,"pct":0},"functions":{"total":4,"covered":0,"skipped":0,"pct":0},"statements":{"total":16,"covered":0,"skipped":0,"pct":0},"branches":{"total":7,"covered":0,"skipped":0,"pct":0}}
,"/home/runner/work/Typescript_PassivIncomeCalculator/Typescript_PassivIncomeCalculator/src/service/domain/analytics/reporting/recentActivityService/core/config.ts": {"lines":{"total":8,"covered":0,"skipped":0,"pct":0},"functions":{"total":2,"covered":0,"skipped":0,"pct":0},"statements":{"total":10,"covered":0,"skipped":0,"pct":0},"branches":{"total":4,"covered":0,"skipped":0,"pct":0}}
,"/home/runner/work/Typescript_PassivIncomeCalculator/Typescript_PassivIncomeCalculator/src/service/domain/analytics/reporting/recentActivityService/core/sharedManager.ts": {"lines":{"total":3,"covered":0,"skipped":0,"pct":0},"functions":{"total":0,"covered":0,"skipped":0,"pct":100},"statements":{"total":3,"covered":0,"skipped":0,"pct":0},"branches":{"total":0,"covered":0,"skipped":0,"pct":100}}
,"/home/runner/work/Typescript_PassivIncomeCalculator/Typescript_PassivIncomeCalculator/src/service/domain/analytics/reporting/recentActivityService/managers/activityManager.ts": {"lines":{"total":55,"covered":0,"skipped":0,"pct":0},"functions":{"total":8,"covered":0,"skipped":0,"pct":0},"statements":{"total":57,"covered":0,"skipped":0,"pct":0},"branches":{"total":33,"covered":0,"skipped":0,"pct":0}}
,"/home/runner/work/Typescript_PassivIncomeCalculator/Typescript_PassivIncomeCalculator/src/service/domain/analytics/reporting/recentActivityService/managers/storageManager.ts": {"lines":{"total":42,"covered":0,"skipped":0,"pct":0},"functions":{"total":10,"covered":0,"skipped":0,"pct":0},"statements":{"total":46,"covered":0,"skipped":0,"pct":0},"branches":{"total":12,"covered":0,"skipped":0,"pct":0}}
,"/home/runner/work/Typescript_PassivIncomeCalculator/Typescript_PassivIncomeCalculator/src/service/domain/analytics/reporting/recentActivityService/methods/addAnalyticsActivity.ts": {"lines":{"total":6,"covered":0,"skipped":0,"pct":0},"functions":{"total":1,"covered":0,"skipped":0,"pct":0},"statements":{"total":7,"covered":0,"skipped":0,"pct":0},"branches":{"total":0,"covered":0,"skipped":0,"pct":100}}
,"/home/runner/work/Typescript_PassivIncomeCalculator/Typescript_PassivIncomeCalculator/src/service/domain/analytics/reporting/recentActivityService/methods/addPortfolioActivity.ts": {"lines":{"total":7,"covered":0,"skipped":0,"pct":0},"functions":{"total":1,"covered":0,"skipped":0,"pct":0},"statements":{"total":8,"covered":0,"skipped":0,"pct":0},"branches":{"total":2,"covered":0,"skipped":0,"pct":0}}
,"/home/runner/work/Typescript_PassivIncomeCalculator/Typescript_PassivIncomeCalculator/src/service/domain/analytics/reporting/recentActivityService/methods/addTransactionActivity.ts": {"lines":{"total":6,"covered":0,"skipped":0,"pct":0},"functions":{"total":1,"covered":0,"skipped":0,"pct":0},"statements":{"total":7,"covered":0,"skipped":0,"pct":0},"branches":{"total":0,"covered":0,"skipped":0,"pct":100}}
,"/home/runner/work/Typescript_PassivIncomeCalculator/Typescript_PassivIncomeCalculator/src/service/domain/analytics/reporting/recentActivityService/methods/clearActivities.ts": {"lines":{"total":3,"covered":0,"skipped":0,"pct":0},"functions":{"total":1,"covered":0,"skipped":0,"pct":0},"statements":{"total":4,"covered":0,"skipped":0,"pct":0},"branches":{"total":0,"covered":0,"skipped":0,"pct":100}}
,"/home/runner/work/Typescript_PassivIncomeCalculator/Typescript_PassivIncomeCalculator/src/service/domain/analytics/reporting/recentActivityService/methods/getActivitiesByType.ts": {"lines":{"total":3,"covered":0,"skipped":0,"pct":0},"functions":{"total":1,"covered":0,"skipped":0,"pct":0},"statements":{"total":4,"covered":0,"skipped":0,"pct":0},"branches":{"total":0,"covered":0,"skipped":0,"pct":100}}
,"/home/runner/work/Typescript_PassivIncomeCalculator/Typescript_PassivIncomeCalculator/src/service/domain/analytics/reporting/recentActivityService/methods/getRecentActivities.ts": {"lines":{"total":3,"covered":0,"skipped":0,"pct":0},"functions":{"total":1,"covered":0,"skipped":0,"pct":0},"statements":{"total":4,"covered":0,"skipped":0,"pct":0},"branches":{"total":1,"covered":0,"skipped":0,"pct":0}}
,"/home/runner/work/Typescript_PassivIncomeCalculator/Typescript_PassivIncomeCalculator/src/service/domain/analytics/reporting/recentActivityService/methods/replaceAnalyticsActivity.ts": {"lines":{"total":5,"covered":0,"skipped":0,"pct":0},"functions":{"total":1,"covered":0,"skipped":0,"pct":0},"statements":{"total":6,"covered":0,"skipped":0,"pct":0},"branches":{"total":0,"covered":0,"skipped":0,"pct":100}}
,"/home/runner/work/Typescript_PassivIncomeCalculator/Typescript_PassivIncomeCalculator/src/service/domain/analytics/reporting/recentActivityService/resolvers/iconResolver.ts": {"lines":{"total":12,"covered":0,"skipped":0,"pct":0},"functions":{"total":4,"covered":0,"skipped":0,"pct":0},"statements":{"total":13,"covered":0,"skipped":0,"pct":0},"branches":{"total":8,"covered":0,"skipped":0,"pct":0}}
,"/home/runner/work/Typescript_PassivIncomeCalculator/Typescript_PassivIncomeCalculator/src/service/domain/assets/calculations/assetCalculatorStoreService.ts": {"lines":{"total":18,"covered":0,"skipped":0,"pct":0},"functions":{"total":4,"covered":0,"skipped":0,"pct":0},"statements":{"total":18,"covered":0,"skipped":0,"pct":0},"branches":{"total":6,"covered":0,"skipped":0,"pct":0}}
,"/home/runner/work/Typescript_PassivIncomeCalculator/Typescript_PassivIncomeCalculator/src/service/domain/assets/calculations/assetCalculatorService/methods/calculateAllocations.ts": {"lines":{"total":9,"covered":0,"skipped":0,"pct":0},"functions":{"total":3,"covered":0,"skipped":0,"pct":0},"statements":{"total":10,"covered":0,"skipped":0,"pct":0},"branches":{"total":0,"covered":0,"skipped":0,"pct":100}}
,"/home/runner/work/Typescript_PassivIncomeCalculator/Typescript_PassivIncomeCalculator/src/service/domain/assets/calculations/assetCalculatorService/methods/calculateAssetIncome.ts": {"lines":{"total":10,"covered":0,"skipped":0,"pct":0},"functions":{"total":8,"covered":0,"skipped":0,"pct":0},"statements":{"total":11,"covered":0,"skipped":0,"pct":0},"branches":{"total":0,"covered":0,"skipped":0,"pct":100}}
,"/home/runner/work/Typescript_PassivIncomeCalculator/Typescript_PassivIncomeCalculator/src/service/domain/assets/calculations/assetCalculatorService/methods/calculateAssetIncomeCache.ts": {"lines":{"total":13,"covered":0,"skipped":0,"pct":0},"functions":{"total":1,"covered":0,"skipped":0,"pct":0},"statements":{"total":14,"covered":0,"skipped":0,"pct":0},"branches":{"total":4,"covered":0,"skipped":0,"pct":0}}
,"/home/runner/work/Typescript_PassivIncomeCalculator/Typescript_PassivIncomeCalculator/src/service/domain/assets/calculations/assetCalculatorService/methods/calculateAssetIncomeCore.ts": {"lines":{"total":53,"covered":0,"skipped":0,"pct":0},"functions":{"total":4,"covered":0,"skipped":0,"pct":0},"statements":{"total":56,"covered":0,"skipped":0,"pct":0},"branches":{"total":32,"covered":0,"skipped":0,"pct":0}}
,"/home/runner/work/Typescript_PassivIncomeCalculator/Typescript_PassivIncomeCalculator/src/service/domain/assets/calculations/assetCalculatorService/methods/calculateAssetIncomeMonthly.ts": {"lines":{"total":75,"covered":0,"skipped":0,"pct":0},"functions":{"total":6,"covered":0,"skipped":0,"pct":0},"statements":{"total":78,"covered":0,"skipped":0,"pct":0},"branches":{"total":47,"covered":0,"skipped":0,"pct":0}}
,"/home/runner/work/Typescript_PassivIncomeCalculator/Typescript_PassivIncomeCalculator/src/service/domain/assets/calculations/assetCalculatorService/methods/calculateAssetIncomeWithCache.ts": {"lines":{"total":1,"covered":0,"skipped":0,"pct":0},"functions":{"total":1,"covered":0,"skipped":0,"pct":0},"statements":{"total":2,"covered":0,"skipped":0,"pct":0},"branches":{"total":0,"covered":0,"skipped":0,"pct":100}}
,"/home/runner/work/Typescript_PassivIncomeCalculator/Typescript_PassivIncomeCalculator/src/service/domain/assets/market-data/dividendAPIService/methods/dividendApiServiceObject.ts": {"lines":{"total":9,"covered":0,"skipped":0,"pct":0},"functions":{"total":1,"covered":0,"skipped":0,"pct":0},"statements":{"total":10,"covered":0,"skipped":0,"pct":0},"branches":{"total":6,"covered":0,"skipped":0,"pct":0}}
,"/home/runner/work/Typescript_PassivIncomeCalculator/Typescript_PassivIncomeCalculator/src/service/domain/assets/market-data/dividendAPIService/methods/dividendProviders.ts": {"lines":{"total":8,"covered":0,"skipped":0,"pct":0},"functions":{"total":2,"covered":0,"skipped":0,"pct":0},"statements":{"total":9,"covered":0,"skipped":0,"pct":0},"branches":{"total":2,"covered":0,"skipped":0,"pct":0}}
,"/home/runner/work/Typescript_PassivIncomeCalculator/Typescript_PassivIncomeCalculator/src/service/domain/assets/market-data/dividendAPIService/providers/finnhub/fetchDividendsFinnhub.ts": {"lines":{"total":16,"covered":0,"skipped":0,"pct":0},"functions":{"total":4,"covered":0,"skipped":0,"pct":0},"statements":{"total":17,"covered":0,"skipped":0,"pct":0},"branches":{"total":6,"covered":0,"skipped":0,"pct":0}}
,"/home/runner/work/Typescript_PassivIncomeCalculator/Typescript_PassivIncomeCalculator/src/service/domain/assets/market-data/dividendAPIService/providers/yahoo/fetchDividendsYahoo.ts": {"lines":{"total":25,"covered":0,"skipped":0,"pct":0},"functions":{"total":3,"covered":0,"skipped":0,"pct":0},"statements":{"total":27,"covered":0,"skipped":0,"pct":0},"branches":{"total":14,"covered":0,"skipped":0,"pct":0}}
,"/home/runner/work/Typescript_PassivIncomeCalculator/Typescript_PassivIncomeCalculator/src/service/domain/assets/market-data/dividendAPIService/utils/detectDividendFrequency.ts": {"lines":{"total":13,"covered":0,"skipped":0,"pct":0},"functions":{"total":6,"covered":0,"skipped":0,"pct":0},"statements":{"total":18,"covered":0,"skipped":0,"pct":0},"branches":{"total":15,"covered":0,"skipped":0,"pct":0}}
,"/home/runner/work/Typescript_PassivIncomeCalculator/Typescript_PassivIncomeCalculator/src/service/domain/assets/market-data/stockAPIService/methods/getAvailableProviders.ts": {"lines":{"total":3,"covered":0,"skipped":0,"pct":0},"functions":{"total":1,"covered":0,"skipped":0,"pct":0},"statements":{"total":4,"covered":0,"skipped":0,"pct":0},"branches":{"total":0,"covered":0,"skipped":0,"pct":100}}
,"/home/runner/work/Typescript_PassivIncomeCalculator/Typescript_PassivIncomeCalculator/src/service/domain/assets/market-data/stockAPIService/methods/getCurrentStockPrice.ts": {"lines":{"total":44,"covered":0,"skipped":0,"pct":0},"functions":{"total":1,"covered":0,"skipped":0,"pct":0},"statements":{"total":51,"covered":0,"skipped":0,"pct":0},"branches":{"total":23,"covered":0,"skipped":0,"pct":0}}
,"/home/runner/work/Typescript_PassivIncomeCalculator/Typescript_PassivIncomeCalculator/src/service/domain/assets/market-data/stockAPIService/methods/getHistory.ts": {"lines":{"total":44,"covered":0,"skipped":0,"pct":0},"functions":{"total":1,"covered":0,"skipped":0,"pct":0},"statements":{"total":51,"covered":0,"skipped":0,"pct":0},"branches":{"total":23,"covered":0,"skipped":0,"pct":0}}
,"/home/runner/work/Typescript_PassivIncomeCalculator/Typescript_PassivIncomeCalculator/src/service/domain/assets/market-data/stockAPIService/methods/getHistory30Days.ts": {"lines":{"total":44,"covered":0,"skipped":0,"pct":0},"functions":{"total":1,"covered":0,"skipped":0,"pct":0},"statements":{"total":51,"covered":0,"skipped":0,"pct":0},"branches":{"total":23,"covered":0,"skipped":0,"pct":0}}
,"/home/runner/work/Typescript_PassivIncomeCalculator/Typescript_PassivIncomeCalculator/src/service/domain/assets/market-data/stockAPIService/methods/getIntradayHistory.ts": {"lines":{"total":44,"covered":0,"skipped":0,"pct":0},"functions":{"total":1,"covered":0,"skipped":0,"pct":0},"statements":{"total":51,"covered":0,"skipped":0,"pct":0},"branches":{"total":24,"covered":0,"skipped":0,"pct":0}}
,"/home/runner/work/Typescript_PassivIncomeCalculator/Typescript_PassivIncomeCalculator/src/service/domain/assets/market-data/stockAPIService/providers/AlphaVantageAPIService.ts": {"lines":{"total":46,"covered":0,"skipped":0,"pct":0},"functions":{"total":9,"covered":0,"skipped":0,"pct":0},"statements":{"total":53,"covered":0,"skipped":0,"pct":0},"branches":{"total":29,"covered":0,"skipped":0,"pct":0}}
,"/home/runner/work/Typescript_PassivIncomeCalculator/Typescript_PassivIncomeCalculator/src/service/domain/assets/market-data/stockAPIService/providers/BaseStockAPIService.ts": {"lines":{"total":26,"covered":0,"skipped":0,"pct":0},"functions":{"total":7,"covered":0,"skipped":0,"pct":0},"statements":{"total":26,"covered":0,"skipped":0,"pct":0},"branches":{"total":16,"covered":0,"skipped":0,"pct":0}}
,"/home/runner/work/Typescript_PassivIncomeCalculator/Typescript_PassivIncomeCalculator/src/service/domain/assets/market-data/stockAPIService/providers/EODHistoricalDataAPIService.ts": {"lines":{"total":37,"covered":0,"skipped":0,"pct":0},"functions":{"total":5,"covered":0,"skipped":0,"pct":0},"statements":{"total":39,"covered":0,"skipped":0,"pct":0},"branches":{"total":17,"covered":0,"skipped":0,"pct":0}}
,"/home/runner/work/Typescript_PassivIncomeCalculator/Typescript_PassivIncomeCalculator/src/service/domain/assets/market-data/stockAPIService/providers/FinnhubAPIService.ts": {"lines":{"total":83,"covered":0,"skipped":0,"pct":0},"functions":{"total":8,"covered":0,"skipped":0,"pct":0},"statements":{"total":85,"covered":0,"skipped":0,"pct":0},"branches":{"total":28,"covered":0,"skipped":0,"pct":0}}
,"/home/runner/work/Typescript_PassivIncomeCalculator/Typescript_PassivIncomeCalculator/src/service/domain/assets/market-data/stockAPIService/providers/IEXCloudAPIService.ts": {"lines":{"total":37,"covered":0,"skipped":0,"pct":0},"functions":{"total":6,"covered":0,"skipped":0,"pct":0},"statements":{"total":43,"covered":0,"skipped":0,"pct":0},"branches":{"total":17,"covered":0,"skipped":0,"pct":0}}
,"/home/runner/work/Typescript_PassivIncomeCalculator/Typescript_PassivIncomeCalculator/src/service/domain/assets/market-data/stockAPIService/providers/PolygonIOAPIService.ts": {"lines":{"total":48,"covered":0,"skipped":0,"pct":0},"functions":{"total":5,"covered":0,"skipped":0,"pct":0},"statements":{"total":48,"covered":0,"skipped":0,"pct":0},"branches":{"total":13,"covered":0,"skipped":0,"pct":0}}
,"/home/runner/work/Typescript_PassivIncomeCalculator/Typescript_PassivIncomeCalculator/src/service/domain/assets/market-data/stockAPIService/providers/QuandlAPIService.ts": {"lines":{"total":52,"covered":0,"skipped":0,"pct":0},"functions":{"total":4,"covered":0,"skipped":0,"pct":0},"statements":{"total":53,"covered":0,"skipped":0,"pct":0},"branches":{"total":13,"covered":0,"skipped":0,"pct":0}}
,"/home/runner/work/Typescript_PassivIncomeCalculator/Typescript_PassivIncomeCalculator/src/service/domain/assets/market-data/stockAPIService/providers/TwelveDataAPIService.ts": {"lines":{"total":41,"covered":0,"skipped":0,"pct":0},"functions":{"total":5,"covered":0,"skipped":0,"pct":0},"statements":{"total":43,"covered":0,"skipped":0,"pct":0},"branches":{"total":13,"covered":0,"skipped":0,"pct":0}}
,"/home/runner/work/Typescript_PassivIncomeCalculator/Typescript_PassivIncomeCalculator/src/service/domain/assets/market-data/stockAPIService/providers/YahooAPIService.ts": {"lines":{"total":77,"covered":0,"skipped":0,"pct":0},"functions":{"total":8,"covered":0,"skipped":0,"pct":0},"statements":{"total":77,"covered":0,"skipped":0,"pct":0},"branches":{"total":46,"covered":0,"skipped":0,"pct":0}}
,"/home/runner/work/Typescript_PassivIncomeCalculator/Typescript_PassivIncomeCalculator/src/service/domain/assets/market-data/stockAPIService/utils/fetch.ts": {"lines":{"total":25,"covered":0,"skipped":0,"pct":0},"functions":{"total":4,"covered":0,"skipped":0,"pct":0},"statements":{"total":29,"covered":0,"skipped":0,"pct":0},"branches":{"total":4,"covered":0,"skipped":0,"pct":0}}
,"/home/runner/work/Typescript_PassivIncomeCalculator/Typescript_PassivIncomeCalculator/src/service/domain/dashboard/assetFocusService.ts": {"lines":{"total":39,"covered":0,"skipped":0,"pct":0},"functions":{"total":10,"covered":0,"skipped":0,"pct":0},"statements":{"total":43,"covered":0,"skipped":0,"pct":0},"branches":{"total":35,"covered":0,"skipped":0,"pct":0}}
,"/home/runner/work/Typescript_PassivIncomeCalculator/Typescript_PassivIncomeCalculator/src/service/domain/financial/calculations/compositeCalculatorService.ts": {"lines":{"total":7,"covered":7,"skipped":0,"pct":100},"functions":{"total":0,"covered":0,"skipped":0,"pct":100},"statements":{"total":7,"covered":7,"skipped":0,"pct":100},"branches":{"total":0,"covered":0,"skipped":0,"pct":100}}
,"/home/runner/work/Typescript_PassivIncomeCalculator/Typescript_PassivIncomeCalculator/src/service/domain/financial/calculations/financialCalculatorService/methods/calculateCashFlow.ts": {"lines":{"total":2,"covered":0,"skipped":0,"pct":0},"functions":{"total":1,"covered":0,"skipped":0,"pct":0},"statements":{"total":3,"covered":0,"skipped":0,"pct":0},"branches":{"total":0,"covered":0,"skipped":0,"pct":100}}
,"/home/runner/work/Typescript_PassivIncomeCalculator/Typescript_PassivIncomeCalculator/src/service/domain/financial/calculations/financialCalculatorService/methods/calculateNetWorth.ts": {"lines":{"total":2,"covered":0,"skipped":0,"pct":0},"functions":{"total":1,"covered":0,"skipped":0,"pct":0},"statements":{"total":3,"covered":0,"skipped":0,"pct":0},"branches":{"total":0,"covered":0,"skipped":0,"pct":100}}
,"/home/runner/work/Typescript_PassivIncomeCalculator/Typescript_PassivIncomeCalculator/src/service/domain/financial/exchange/exchangeService/methods/clearExchangeRates.ts": {"lines":{"total":15,"covered":0,"skipped":0,"pct":0},"functions":{"total":1,"covered":0,"skipped":0,"pct":0},"statements":{"total":16,"covered":0,"skipped":0,"pct":0},"branches":{"total":6,"covered":0,"skipped":0,"pct":0}}
,"/home/runner/work/Typescript_PassivIncomeCalculator/Typescript_PassivIncomeCalculator/src/service/domain/financial/exchange/exchangeService/methods/getAllExchangeRates.ts": {"lines":{"total":12,"covered":0,"skipped":0,"pct":0},"functions":{"total":2,"covered":0,"skipped":0,"pct":0},"statements":{"total":14,"covered":0,"skipped":0,"pct":0},"branches":{"total":0,"covered":0,"skipped":0,"pct":100}}
,"/home/runner/work/Typescript_PassivIncomeCalculator/Typescript_PassivIncomeCalculator/src/service/domain/financial/exchange/exchangeService/methods/getExchangeRate.ts": {"lines":{"total":32,"covered":0,"skipped":0,"pct":0},"functions":{"total":4,"covered":0,"skipped":0,"pct":0},"statements":{"total":36,"covered":0,"skipped":0,"pct":0},"branches":{"total":6,"covered":0,"skipped":0,"pct":0}}
,"/home/runner/work/Typescript_PassivIncomeCalculator/Typescript_PassivIncomeCalculator/src/service/domain/financial/exchange/exchangeService/methods/getExchangeRateByDate.ts": {"lines":{"total":18,"covered":0,"skipped":0,"pct":0},"functions":{"total":2,"covered":0,"skipped":0,"pct":0},"statements":{"total":20,"covered":0,"skipped":0,"pct":0},"branches":{"total":4,"covered":0,"skipped":0,"pct":0}}
,"/home/runner/work/Typescript_PassivIncomeCalculator/Typescript_PassivIncomeCalculator/src/service/domain/financial/exchange/exchangeService/methods/refreshExchangeRate.ts": {"lines":{"total":42,"covered":0,"skipped":0,"pct":0},"functions":{"total":2,"covered":0,"skipped":0,"pct":0},"statements":{"total":44,"covered":0,"skipped":0,"pct":0},"branches":{"total":18,"covered":0,"skipped":0,"pct":0}}
,"/home/runner/work/Typescript_PassivIncomeCalculator/Typescript_PassivIncomeCalculator/src/service/domain/financial/expenses/expenseCalculatorService/methods/calculateExpenseBreakdown.ts": {"lines":{"total":16,"covered":0,"skipped":0,"pct":0},"functions":{"total":4,"covered":0,"skipped":0,"pct":0},"statements":{"total":18,"covered":0,"skipped":0,"pct":0},"branches":{"total":6,"covered":0,"skipped":0,"pct":0}}
,"/home/runner/work/Typescript_PassivIncomeCalculator/Typescript_PassivIncomeCalculator/src/service/domain/financial/expenses/expenseCalculatorService/methods/calculateExpenses.ts": {"lines":{"total":33,"covered":0,"skipped":0,"pct":0},"functions":{"total":7,"covered":0,"skipped":0,"pct":0},"statements":{"total":40,"covered":0,"skipped":0,"pct":0},"branches":{"total":21,"covered":0,"skipped":0,"pct":0}}
,"/home/runner/work/Typescript_PassivIncomeCalculator/Typescript_PassivIncomeCalculator/src/service/domain/financial/income/incomeCalculatorService/methods/calculateAllocations.ts": {"lines":{"total":9,"covered":0,"skipped":0,"pct":0},"functions":{"total":3,"covered":0,"skipped":0,"pct":0},"statements":{"total":10,"covered":0,"skipped":0,"pct":0},"branches":{"total":0,"covered":0,"skipped":0,"pct":100}}
,"/home/runner/work/Typescript_PassivIncomeCalculator/Typescript_PassivIncomeCalculator/src/service/domain/financial/income/incomeCalculatorService/methods/calculateIncome.ts": {"lines":{"total":37,"covered":0,"skipped":0,"pct":0},"functions":{"total":10,"covered":0,"skipped":0,"pct":0},"statements":{"total":45,"covered":0,"skipped":0,"pct":0},"branches":{"total":21,"covered":0,"skipped":0,"pct":0}}
,"/home/runner/work/Typescript_PassivIncomeCalculator/Typescript_PassivIncomeCalculator/src/service/domain/financial/income/incomeCalculatorService/methods/calculatePayment.ts": {"lines":{"total":22,"covered":0,"skipped":0,"pct":0},"functions":{"total":3,"covered":0,"skipped":0,"pct":0},"statements":{"total":25,"covered":0,"skipped":0,"pct":0},"branches":{"total":23,"covered":0,"skipped":0,"pct":0}}
,"/home/runner/work/Typescript_PassivIncomeCalculator/Typescript_PassivIncomeCalculator/src/service/domain/financial/income/incomeCalculatorService/methods/paymentHelpers.ts": {"lines":{"total":29,"covered":0,"skipped":0,"pct":0},"functions":{"total":3,"covered":0,"skipped":0,"pct":0},"statements":{"total":32,"covered":0,"skipped":0,"pct":0},"branches":{"total":38,"covered":0,"skipped":0,"pct":0}}
,"/home/runner/work/Typescript_PassivIncomeCalculator/Typescript_PassivIncomeCalculator/src/service/domain/financial/liabilities/liabilityCalculatorService/methods/calculateLiabilities.ts": {"lines":{"total":17,"covered":0,"skipped":0,"pct":0},"functions":{"total":6,"covered":0,"skipped":0,"pct":0},"statements":{"total":22,"covered":0,"skipped":0,"pct":0},"branches":{"total":9,"covered":0,"skipped":0,"pct":0}}
,"/home/runner/work/Typescript_PassivIncomeCalculator/Typescript_PassivIncomeCalculator/src/service/domain/portfolio/history/portfolioHistoryService/methods/calculatePerformanceMetrics.ts": {"lines":{"total":20,"covered":0,"skipped":0,"pct":0},"functions":{"total":3,"covered":0,"skipped":0,"pct":0},"statements":{"total":20,"covered":0,"skipped":0,"pct":0},"branches":{"total":10,"covered":0,"skipped":0,"pct":0}}
,"/home/runner/work/Typescript_PassivIncomeCalculator/Typescript_PassivIncomeCalculator/src/service/domain/portfolio/history/portfolioHistoryService/methods/calculatePortfolioHistory.ts": {"lines":{"total":14,"covered":0,"skipped":0,"pct":0},"functions":{"total":1,"covered":0,"skipped":0,"pct":0},"statements":{"total":15,"covered":0,"skipped":0,"pct":0},"branches":{"total":3,"covered":0,"skipped":0,"pct":0}}
,"/home/runner/work/Typescript_PassivIncomeCalculator/Typescript_PassivIncomeCalculator/src/service/domain/portfolio/history/portfolioHistoryService/methods/calculatePortfolioHistoryForDays.ts": {"lines":{"total":20,"covered":0,"skipped":0,"pct":0},"functions":{"total":1,"covered":0,"skipped":0,"pct":0},"statements":{"total":21,"covered":0,"skipped":0,"pct":0},"branches":{"total":6,"covered":0,"skipped":0,"pct":0}}
,"/home/runner/work/Typescript_PassivIncomeCalculator/Typescript_PassivIncomeCalculator/src/service/domain/portfolio/history/portfolioHistoryService/methods/calculatePortfolioHistoryTimeRanges.ts": {"lines":{"total":20,"covered":0,"skipped":0,"pct":0},"functions":{"total":8,"covered":0,"skipped":0,"pct":0},"statements":{"total":20,"covered":0,"skipped":0,"pct":0},"branches":{"total":8,"covered":0,"skipped":0,"pct":0}}
,"/home/runner/work/Typescript_PassivIncomeCalculator/Typescript_PassivIncomeCalculator/src/service/domain/portfolio/history/portfolioHistoryService/methods/calculatePortfolioIntraday.ts": {"lines":{"total":67,"covered":0,"skipped":0,"pct":0},"functions":{"total":12,"covered":0,"skipped":0,"pct":0},"statements":{"total":76,"covered":0,"skipped":0,"pct":0},"branches":{"total":47,"covered":0,"skipped":0,"pct":0}}
,"/home/runner/work/Typescript_PassivIncomeCalculator/Typescript_PassivIncomeCalculator/src/service/domain/portfolio/history/portfolioHistoryService/methods/calculatePortfolioValueForDate.ts": {"lines":{"total":55,"covered":0,"skipped":0,"pct":0},"functions":{"total":7,"covered":0,"skipped":0,"pct":0},"statements":{"total":55,"covered":0,"skipped":0,"pct":0},"branches":{"total":37,"covered":0,"skipped":0,"pct":0}}
,"/home/runner/work/Typescript_PassivIncomeCalculator/Typescript_PassivIncomeCalculator/src/service/domain/portfolio/history/portfolioHistoryService/methods/formatForChart.ts": {"lines":{"total":11,"covered":0,"skipped":0,"pct":0},"functions":{"total":2,"covered":0,"skipped":0,"pct":0},"statements":{"total":11,"covered":0,"skipped":0,"pct":0},"branches":{"total":2,"covered":0,"skipped":0,"pct":0}}
,"/home/runner/work/Typescript_PassivIncomeCalculator/Typescript_PassivIncomeCalculator/src/service/domain/portfolio/history/portfolioHistoryService/methods/getHistoricalPrice.ts": {"lines":{"total":37,"covered":0,"skipped":0,"pct":0},"functions":{"total":7,"covered":0,"skipped":0,"pct":0},"statements":{"total":44,"covered":0,"skipped":0,"pct":0},"branches":{"total":28,"covered":0,"skipped":0,"pct":0}}
,"/home/runner/work/Typescript_PassivIncomeCalculator/Typescript_PassivIncomeCalculator/src/service/domain/portfolio/history/portfolioHistoryService/methods/portfolioHistoryHelper.ts": {"lines":{"total":114,"covered":0,"skipped":0,"pct":0},"functions":{"total":24,"covered":0,"skipped":0,"pct":0},"statements":{"total":120,"covered":0,"skipped":0,"pct":0},"branches":{"total":72,"covered":0,"skipped":0,"pct":0}}
,"/home/runner/work/Typescript_PassivIncomeCalculator/Typescript_PassivIncomeCalculator/src/service/domain/portfolio/management/portfolioService/portfolioCalculations.ts": {"lines":{"total":93,"covered":0,"skipped":0,"pct":0},"functions":{"total":21,"covered":0,"skipped":0,"pct":0},"statements":{"total":101,"covered":0,"skipped":0,"pct":0},"branches":{"total":75,"covered":0,"skipped":0,"pct":0}}
,"/home/runner/work/Typescript_PassivIncomeCalculator/Typescript_PassivIncomeCalculator/src/service/domain/portfolio/management/portfolioService/methods/calculatePortfolio.ts": {"lines":{"total":8,"covered":0,"skipped":0,"pct":0},"functions":{"total":1,"covered":0,"skipped":0,"pct":0},"statements":{"total":8,"covered":0,"skipped":0,"pct":0},"branches":{"total":4,"covered":0,"skipped":0,"pct":0}}
,"/home/runner/work/Typescript_PassivIncomeCalculator/Typescript_PassivIncomeCalculator/src/service/domain/portfolio/management/portfolioService/methods/calculateProjectedIncome.ts": {"lines":{"total":10,"covered":0,"skipped":0,"pct":0},"functions":{"total":3,"covered":0,"skipped":0,"pct":0},"statements":{"total":11,"covered":0,"skipped":0,"pct":0},"branches":{"total":7,"covered":0,"skipped":0,"pct":0}}
,"/home/runner/work/Typescript_PassivIncomeCalculator/Typescript_PassivIncomeCalculator/src/service/domain/portfolio/management/portfolioService/methods/getPosition.ts": {"lines":{"total":4,"covered":0,"skipped":0,"pct":0},"functions":{"total":2,"covered":0,"skipped":0,"pct":0},"statements":{"total":5,"covered":0,"skipped":0,"pct":0},"branches":{"total":5,"covered":0,"skipped":0,"pct":0}}
,"/home/runner/work/Typescript_PassivIncomeCalculator/Typescript_PassivIncomeCalculator/src/service/domain/portfolio/management/portfolioService/methods/getPositionTransactions.ts": {"lines":{"total":4,"covered":0,"skipped":0,"pct":0},"functions":{"total":2,"covered":0,"skipped":0,"pct":0},"statements":{"total":4,"covered":0,"skipped":0,"pct":0},"branches":{"total":2,"covered":0,"skipped":0,"pct":0}}
,"/home/runner/work/Typescript_PassivIncomeCalculator/Typescript_PassivIncomeCalculator/src/service/infrastructure/configService/methods/getDashboardMilestones.ts": {"lines":{"total":3,"covered":3,"skipped":0,"pct":100},"functions":{"total":1,"covered":1,"skipped":0,"pct":100},"statements":{"total":4,"covered":4,"skipped":0,"pct":100},"branches":{"total":2,"covered":2,"skipped":0,"pct":100}}
,"/home/runner/work/Typescript_PassivIncomeCalculator/Typescript_PassivIncomeCalculator/src/service/infrastructure/configService/methods/getDashboardMiniAnalytics.ts": {"lines":{"total":3,"covered":3,"skipped":0,"pct":100},"functions":{"total":1,"covered":1,"skipped":0,"pct":100},"statements":{"total":4,"covered":4,"skipped":0,"pct":100},"branches":{"total":0,"covered":0,"skipped":0,"pct":100}}
,"/home/runner/work/Typescript_PassivIncomeCalculator/Typescript_PassivIncomeCalculator/src/service/infrastructure/configService/methods/getDashboardQuickActions.ts": {"lines":{"total":2,"covered":2,"skipped":0,"pct":100},"functions":{"total":1,"covered":1,"skipped":0,"pct":100},"statements":{"total":4,"covered":4,"skipped":0,"pct":100},"branches":{"total":0,"covered":0,"skipped":0,"pct":100}}
,"/home/runner/work/Typescript_PassivIncomeCalculator/Typescript_PassivIncomeCalculator/src/service/infrastructure/formatService/methods/formatCurrency.ts": {"lines":{"total":5,"covered":0,"skipped":0,"pct":0},"functions":{"total":1,"covered":0,"skipped":0,"pct":0},"statements":{"total":6,"covered":0,"skipped":0,"pct":0},"branches":{"total":2,"covered":0,"skipped":0,"pct":0}}
,"/home/runner/work/Typescript_PassivIncomeCalculator/Typescript_PassivIncomeCalculator/src/service/infrastructure/formatService/methods/formatPercentage.ts": {"lines":{"total":4,"covered":0,"skipped":0,"pct":0},"functions":{"total":1,"covered":0,"skipped":0,"pct":0},"statements":{"total":5,"covered":0,"skipped":0,"pct":0},"branches":{"total":4,"covered":0,"skipped":0,"pct":0}}
,"/home/runner/work/Typescript_PassivIncomeCalculator/Typescript_PassivIncomeCalculator/src/service/infrastructure/sqlLitePortfolioHistory/methods/dbOperations.ts": {"lines":{"total":37,"covered":0,"skipped":0,"pct":0},"functions":{"total":13,"covered":0,"skipped":0,"pct":0},"statements":{"total":37,"covered":0,"skipped":0,"pct":0},"branches":{"total":0,"covered":0,"skipped":0,"pct":100}}
,"/home/runner/work/Typescript_PassivIncomeCalculator/Typescript_PassivIncomeCalculator/src/service/infrastructure/sqlLitePortfolioHistory/methods/importExportOperations.ts": {"lines":{"total":25,"covered":0,"skipped":0,"pct":0},"functions":{"total":2,"covered":0,"skipped":0,"pct":0},"statements":{"total":25,"covered":0,"skipped":0,"pct":0},"branches":{"total":12,"covered":0,"skipped":0,"pct":0}}
,"/home/runner/work/Typescript_PassivIncomeCalculator/Typescript_PassivIncomeCalculator/src/service/infrastructure/sqlLitePortfolioHistory/methods/initDatabase.ts": {"lines":{"total":28,"covered":0,"skipped":0,"pct":0},"functions":{"total":2,"covered":0,"skipped":0,"pct":0},"statements":{"total":29,"covered":0,"skipped":0,"pct":0},"branches":{"total":10,"covered":0,"skipped":0,"pct":0}}
,"/home/runner/work/Typescript_PassivIncomeCalculator/Typescript_PassivIncomeCalculator/src/service/infrastructure/sqlLitePortfolioHistory/methods/specializedOperations.ts": {"lines":{"total":55,"covered":0,"skipped":0,"pct":0},"functions":{"total":15,"covered":0,"skipped":0,"pct":0},"statements":{"total":59,"covered":0,"skipped":0,"pct":0},"branches":{"total":8,"covered":0,"skipped":0,"pct":0}}
,"/home/runner/work/Typescript_PassivIncomeCalculator/Typescript_PassivIncomeCalculator/src/service/infrastructure/sqlLiteService/methods/dbOperations.ts": {"lines":{"total":19,"covered":0,"skipped":0,"pct":0},"functions":{"total":5,"covered":0,"skipped":0,"pct":0},"statements":{"total":19,"covered":0,"skipped":0,"pct":0},"branches":{"total":2,"covered":0,"skipped":0,"pct":0}}
,"/home/runner/work/Typescript_PassivIncomeCalculator/Typescript_PassivIncomeCalculator/src/service/infrastructure/sqlLiteService/methods/importExportOperations.ts": {"lines":{"total":46,"covered":0,"skipped":0,"pct":0},"functions":{"total":9,"covered":0,"skipped":0,"pct":0},"statements":{"total":48,"covered":0,"skipped":0,"pct":0},"branches":{"total":24,"covered":0,"skipped":0,"pct":0}}
,"/home/runner/work/Typescript_PassivIncomeCalculator/Typescript_PassivIncomeCalculator/src/service/infrastructure/sqlLiteService/methods/initDatabase.ts": {"lines":{"total":43,"covered":0,"skipped":0,"pct":0},"functions":{"total":2,"covered":0,"skipped":0,"pct":0},"statements":{"total":44,"covered":0,"skipped":0,"pct":0},"branches":{"total":22,"covered":0,"skipped":0,"pct":0}}
,"/home/runner/work/Typescript_PassivIncomeCalculator/Typescript_PassivIncomeCalculator/src/service/infrastructure/sqlLiteService/utils/clearDatabase.ts": {"lines":{"total":20,"covered":0,"skipped":0,"pct":0},"functions":{"total":5,"covered":0,"skipped":0,"pct":0},"statements":{"total":21,"covered":0,"skipped":0,"pct":0},"branches":{"total":4,"covered":0,"skipped":0,"pct":0}}
,"/home/runner/work/Typescript_PassivIncomeCalculator/Typescript_PassivIncomeCalculator/src/service/shared/cache/assetIncomeCacheUtils.ts": {"lines":{"total":41,"covered":0,"skipped":0,"pct":0},"functions":{"total":4,"covered":0,"skipped":0,"pct":0},"statements":{"total":44,"covered":0,"skipped":0,"pct":0},"branches":{"total":10,"covered":0,"skipped":0,"pct":0}}
,"/home/runner/work/Typescript_PassivIncomeCalculator/Typescript_PassivIncomeCalculator/src/service/shared/calculations/allocationCalculations.ts": {"lines":{"total":53,"covered":52,"skipped":0,"pct":98.11},"functions":{"total":11,"covered":11,"skipped":0,"pct":100},"statements":{"total":62,"covered":59,"skipped":0,"pct":95.16},"branches":{"total":32,"covered":26,"skipped":0,"pct":81.25}}
,"/home/runner/work/Typescript_PassivIncomeCalculator/Typescript_PassivIncomeCalculator/src/service/shared/calculations/assetIncomeCalculations.ts": {"lines":{"total":52,"covered":0,"skipped":0,"pct":0},"functions":{"total":5,"covered":0,"skipped":0,"pct":0},"statements":{"total":63,"covered":0,"skipped":0,"pct":0},"branches":{"total":42,"covered":0,"skipped":0,"pct":0}}
,"/home/runner/work/Typescript_PassivIncomeCalculator/Typescript_PassivIncomeCalculator/src/service/shared/logging/Logger/logger.ts": {"lines":{"total":64,"covered":0,"skipped":0,"pct":0},"functions":{"total":17,"covered":0,"skipped":0,"pct":0},"statements":{"total":67,"covered":0,"skipped":0,"pct":0},"branches":{"total":67,"covered":0,"skipped":0,"pct":0}}
,"/home/runner/work/Typescript_PassivIncomeCalculator/Typescript_PassivIncomeCalculator/src/service/shared/utilities/dataValidationUtils.ts": {"lines":{"total":116,"covered":109,"skipped":0,"pct":93.96},"functions":{"total":18,"covered":17,"skipped":0,"pct":94.44},"statements":{"total":120,"covered":113,"skipped":0,"pct":94.16},"branches":{"total":111,"covered":105,"skipped":0,"pct":94.59}}
,"/home/runner/work/Typescript_PassivIncomeCalculator/Typescript_PassivIncomeCalculator/src/service/shared/utilities/financialCalculatorUtils.ts": {"lines":{"total":42,"covered":40,"skipped":0,"pct":95.23},"functions":{"total":24,"covered":24,"skipped":0,"pct":100},"statements":{"total":48,"covered":46,"skipped":0,"pct":95.83},"branches":{"total":22,"covered":20,"skipped":0,"pct":90.9}}
,"/home/runner/work/Typescript_PassivIncomeCalculator/Typescript_PassivIncomeCalculator/src/service/shared/utilities/mathUtils.ts": {"lines":{"total":8,"covered":8,"skipped":0,"pct":100},"functions":{"total":4,"covered":4,"skipped":0,"pct":100},"statements":{"total":9,"covered":9,"skipped":0,"pct":100},"branches":{"total":4,"covered":4,"skipped":0,"pct":100}}
,"/home/runner/work/Typescript_PassivIncomeCalculator/Typescript_PassivIncomeCalculator/src/service/shared/utilities/portfolioAnalysisUtils.ts": {"lines":{"total":47,"covered":47,"skipped":0,"pct":100},"functions":{"total":23,"covered":23,"skipped":0,"pct":100},"statements":{"total":50,"covered":50,"skipped":0,"pct":100},"branches":{"total":15,"covered":12,"skipped":0,"pct":80}}
,"/home/runner/work/Typescript_PassivIncomeCalculator/Typescript_PassivIncomeCalculator/src/service/shared/utilities/setupWizardService.ts": {"lines":{"total":26,"covered":25,"skipped":0,"pct":96.15},"functions":{"total":6,"covered":6,"skipped":0,"pct":100},"statements":{"total":26,"covered":25,"skipped":0,"pct":96.15},"branches":{"total":10,"covered":6,"skipped":0,"pct":60}}
,"/home/runner/work/Typescript_PassivIncomeCalculator/Typescript_PassivIncomeCalculator/src/service/shared/utilities/helper/downloadFile.ts": {"lines":{"total":33,"covered":0,"skipped":0,"pct":0},"functions":{"total":3,"covered":0,"skipped":0,"pct":0},"statements":{"total":34,"covered":0,"skipped":0,"pct":0},"branches":{"total":2,"covered":0,"skipped":0,"pct":0}}
,"/home/runner/work/Typescript_PassivIncomeCalculator/Typescript_PassivIncomeCalculator/src/service/shared/utilities/helper/fontSizeHelper.ts": {"lines":{"total":11,"covered":0,"skipped":0,"pct":0},"functions":{"total":1,"covered":0,"skipped":0,"pct":0},"statements":{"total":12,"covered":0,"skipped":0,"pct":0},"branches":{"total":6,"covered":0,"skipped":0,"pct":0}}
,"/home/runner/work/Typescript_PassivIncomeCalculator/Typescript_PassivIncomeCalculator/src/service/shared/utilities/helper/stockPriceUpdater.ts": {"lines":{"total":94,"covered":0,"skipped":0,"pct":0},"functions":{"total":18,"covered":0,"skipped":0,"pct":0},"statements":{"total":97,"covered":0,"skipped":0,"pct":0},"branches":{"total":42,"covered":0,"skipped":0,"pct":0}}
,"/home/runner/work/Typescript_PassivIncomeCalculator/Typescript_PassivIncomeCalculator/src/service/shared/utilities/helper/useDeviceCheck.ts": {"lines":{"total":11,"covered":0,"skipped":0,"pct":0},"functions":{"total":4,"covered":0,"skipped":0,"pct":0},"statements":{"total":13,"covered":0,"skipped":0,"pct":0},"branches":{"total":2,"covered":0,"skipped":0,"pct":0}}
}
