{"total": {"lines":{"total":76,"covered":48,"skipped":0,"pct":63.15},"statements":{"total":83,"covered":55,"skipped":0,"pct":66.26},"functions":{"total":34,"covered":28,"skipped":0,"pct":82.35},"branches":{"total":36,"covered":24,"skipped":0,"pct":66.66},"branchesTrue":{"total":0,"covered":0,"skipped":0,"pct":"Unknown"}}
,"/home/runner/work/Typescript_PassivIncomeCalculator/Typescript_PassivIncomeCalculator/src/service/shared/utilities/financialCalculatorUtils.ts": {"lines":{"total":42,"covered":40,"skipped":0,"pct":95.23},"functions":{"total":24,"covered":24,"skipped":0,"pct":100},"statements":{"total":48,"covered":46,"skipped":0,"pct":95.83},"branches":{"total":22,"covered":20,"skipped":0,"pct":90.9}}
,"/home/runner/work/Typescript_PassivIncomeCalculator/Typescript_PassivIncomeCalculator/src/service/shared/utilities/mathUtils.ts": {"lines":{"total":8,"covered":8,"skipped":0,"pct":100},"functions":{"total":4,"covered":4,"skipped":0,"pct":100},"statements":{"total":9,"covered":9,"skipped":0,"pct":100},"branches":{"total":4,"covered":4,"skipped":0,"pct":100}}
,"/home/runner/work/Typescript_PassivIncomeCalculator/Typescript_PassivIncomeCalculator/src/service/shared/utilities/setupWizardService.ts": {"lines":{"total":26,"covered":0,"skipped":0,"pct":0},"functions":{"total":6,"covered":0,"skipped":0,"pct":0},"statements":{"total":26,"covered":0,"skipped":0,"pct":0},"branches":{"total":10,"covered":0,"skipped":0,"pct":0}}
}
