TN:
SF:src/service/shared/utilities/financialCalculatorUtils.ts
FN:31,(anonymous_0)
FN:44,(anonymous_1)
FN:45,(anonymous_2)
FN:50,(anonymous_3)
FN:52,(anonymous_4)
FN:53,(anonymous_5)
FN:58,(anonymous_6)
FN:64,(anonymous_7)
FN:77,(anonymous_8)
FN:78,(anonymous_9)
FN:83,(anonymous_10)
FN:86,(anonymous_11)
FN:99,(anonymous_12)
FN:106,(anonymous_13)
FN:107,(anonymous_14)
FN:113,(anonymous_15)
FN:114,(anonymous_16)
FN:117,(anonymous_17)
FN:118,(anonymous_18)
FN:121,(anonymous_19)
FN:127,(anonymous_20)
FN:131,(anonymous_21)
FN:136,(anonymous_22)
FN:141,(anonymous_23)
FNF:24
FNH:24
FNDA:13,(anonymous_0)
FNDA:2,(anonymous_1)
FNDA:6,(anonymous_2)
FNDA:2,(anonymous_3)
FNDA:6,(anonymous_4)
FNDA:4,(anonymous_5)
FNDA:4,(anonymous_6)
FNDA:14,(anonymous_7)
FNDA:2,(anonymous_8)
FNDA:7,(anonymous_9)
FNDA:1,(anonymous_10)
FNDA:4,(anonymous_11)
FNDA:9,(anonymous_12)
FNDA:2,(anonymous_13)
FNDA:6,(anonymous_14)
FNDA:2,(anonymous_15)
FNDA:5,(anonymous_16)
FNDA:2,(anonymous_17)
FNDA:5,(anonymous_18)
FNDA:2,(anonymous_19)
FNDA:4,(anonymous_20)
FNDA:4,(anonymous_21)
FNDA:4,(anonymous_22)
FNDA:4,(anonymous_23)
DA:29,1
DA:32,13
DA:34,3
DA:36,5
DA:38,5
DA:40,0
DA:45,2
DA:46,6
DA:51,2
DA:52,6
DA:54,4
DA:59,4
DA:60,3
DA:65,14
DA:67,6
DA:69,4
DA:71,4
DA:73,0
DA:78,2
DA:79,7
DA:84,1
DA:86,1
DA:87,4
DA:88,4
DA:89,1
DA:91,3
DA:95,1
DA:100,9
DA:101,5
DA:103,4
DA:107,2
DA:108,6
DA:114,5
DA:118,5
DA:122,2
DA:123,1
DA:128,4
DA:132,4
DA:137,4
DA:138,3
DA:142,4
DA:143,3
LF:42
LH:40
BRDA:32,0,0,3
BRDA:32,0,1,5
BRDA:32,0,2,5
BRDA:32,0,3,0
BRDA:59,1,0,1
BRDA:59,1,1,3
BRDA:65,2,0,6
BRDA:65,2,1,4
BRDA:65,2,2,4
BRDA:65,2,3,0
BRDA:88,3,0,1
BRDA:88,3,1,3
BRDA:100,4,0,5
BRDA:100,4,1,4
BRDA:100,5,0,9
BRDA:100,5,1,5
BRDA:122,6,0,1
BRDA:122,6,1,1
BRDA:137,7,0,1
BRDA:137,7,1,3
BRDA:142,8,0,1
BRDA:142,8,1,3
BRF:22
BRH:20
end_of_record
TN:
SF:src/service/shared/utilities/mathUtils.ts
FN:6,(anonymous_0)
FN:7,(anonymous_1)
FN:8,(anonymous_2)
FN:14,(anonymous_3)
FNF:4
FNH:4
FNDA:5,(anonymous_0)
FNDA:5,(anonymous_1)
FNDA:4,(anonymous_2)
FNDA:4,(anonymous_3)
DA:5,1
DA:6,5
DA:7,5
DA:9,4
DA:10,1
DA:12,3
DA:15,4
DA:16,3
LF:8
LH:8
BRDA:9,0,0,1
BRDA:9,0,1,3
BRDA:15,1,0,1
BRDA:15,1,1,3
BRF:4
BRH:4
end_of_record
TN:
SF:src/service/shared/utilities/setupWizardService.ts
FN:14,(anonymous_1)
FN:30,(anonymous_2)
FN:42,(anonymous_3)
FN:54,(anonymous_4)
FN:61,(anonymous_5)
FN:68,(anonymous_6)
FNF:6
FNH:0
FNDA:0,(anonymous_1)
FNDA:0,(anonymous_2)
FNDA:0,(anonymous_3)
FNDA:0,(anonymous_4)
FNDA:0,(anonymous_5)
FNDA:0,(anonymous_6)
DA:4,0
DA:6,0
DA:7,0
DA:8,0
DA:9,0
DA:15,0
DA:16,0
DA:17,0
DA:20,0
DA:22,0
DA:23,0
DA:31,0
DA:32,0
DA:33,0
DA:35,0
DA:43,0
DA:44,0
DA:45,0
DA:47,0
DA:55,0
DA:62,0
DA:69,0
DA:70,0
DA:72,0
DA:73,0
DA:78,0
LF:26
LH:0
BRDA:20,0,0,0
BRDA:20,0,1,0
BRDA:22,1,0,0
BRDA:22,1,1,0
BRDA:35,2,0,0
BRDA:35,2,1,0
BRDA:47,3,0,0
BRDA:47,3,1,0
BRDA:72,4,0,0
BRDA:72,4,1,0
BRF:10
BRH:0
end_of_record
