TN:
SF:src/service/application/notifications/alertsService/methods/calculateAlertPriority.ts
FN:9,(anonymous_0)
FN:19,(anonymous_1)
FN:38,(anonymous_2)
FNF:3
FNH:0
FNDA:0,(anonymous_0)
FNDA:0,(anonymous_1)
FNDA:0,(anonymous_2)
DA:9,0
DA:10,0
DA:16,0
DA:19,0
DA:24,0
DA:25,0
DA:27,0
DA:28,0
DA:29,0
DA:31,0
DA:32,0
DA:35,0
DA:38,0
DA:43,0
DA:45,0
DA:46,0
DA:50,0
DA:51,0
DA:54,0
DA:55,0
DA:56,0
DA:61,0
DA:64,0
LF:23
LH:0
BRDA:16,0,0,0
BRDA:16,0,1,0
BRDA:24,1,0,0
BRDA:24,1,1,0
BRDA:25,2,0,0
BRDA:25,2,1,0
BRDA:27,3,0,0
BRDA:27,3,1,0
BRDA:28,4,0,0
BRDA:28,4,1,0
BRDA:29,5,0,0
BRDA:29,5,1,0
BRDA:31,6,0,0
BRDA:31,6,1,0
BRDA:32,7,0,0
BRDA:32,7,1,0
BRDA:45,8,0,0
BRDA:45,8,1,0
BRDA:45,9,0,0
BRDA:45,9,1,0
BRDA:50,10,0,0
BRDA:50,10,1,0
BRDA:55,11,0,0
BRDA:55,11,1,0
BRF:24
BRH:0
end_of_record
TN:
SF:src/service/application/notifications/alertsService/methods/filterAlertsByType.ts
FN:3,(anonymous_0)
FN:11,(anonymous_1)
FNF:2
FNH:0
FNDA:0,(anonymous_0)
FNDA:0,(anonymous_1)
DA:3,0
DA:7,0
DA:8,0
DA:11,0
LF:4
LH:0
BRDA:7,0,0,0
BRDA:7,0,1,0
BRF:2
BRH:0
end_of_record
TN:
SF:src/service/application/notifications/alertsService/methods/generateCashflowAlerts.ts
FN:4,(anonymous_0)
FN:23,(anonymous_1)
FN:42,(anonymous_2)
FN:58,(anonymous_3)
FNF:4
FNH:0
FNDA:0,(anonymous_0)
FNDA:0,(anonymous_1)
FNDA:0,(anonymous_2)
FNDA:0,(anonymous_3)
DA:2,0
DA:4,0
DA:5,0
DA:7,0
DA:23,0
DA:24,0
DA:26,0
DA:42,0
DA:43,0
DA:58,0
DA:59,0
DA:60,0
DA:61,0
DA:64,0
DA:65,0
DA:69,0
DA:70,0
DA:71,0
DA:72,0
DA:77,0
DA:78,0
DA:81,0
LF:22
LH:0
BRDA:9,0,0,0
BRDA:9,0,1,0
BRDA:13,1,0,0
BRDA:13,1,1,0
BRDA:19,2,0,0
BRDA:19,2,1,0
BRDA:28,3,0,0
BRDA:28,3,1,0
BRDA:32,4,0,0
BRDA:32,4,1,0
BRDA:64,5,0,0
BRDA:64,5,1,0
BRDA:69,6,0,0
BRDA:69,6,1,0
BRDA:69,7,0,0
BRDA:69,7,1,0
BRDA:71,8,0,0
BRDA:71,8,1,0
BRDA:77,9,0,0
BRDA:77,9,1,0
BRDA:77,10,0,0
BRDA:77,10,1,0
BRF:22
BRH:0
end_of_record
TN:
SF:src/service/application/notifications/alertsService/methods/generateDebtAlerts.ts
FN:4,(anonymous_0)
FN:23,(anonymous_1)
FN:42,(anonymous_2)
FN:58,(anonymous_3)
FNF:4
FNH:0
FNDA:0,(anonymous_0)
FNDA:0,(anonymous_1)
FNDA:0,(anonymous_2)
FNDA:0,(anonymous_3)
DA:2,0
DA:4,0
DA:5,0
DA:7,0
DA:23,0
DA:24,0
DA:26,0
DA:42,0
DA:43,0
DA:58,0
DA:59,0
DA:60,0
DA:61,0
DA:64,0
DA:65,0
DA:66,0
DA:67,0
DA:72,0
DA:73,0
DA:74,0
DA:75,0
DA:80,0
DA:81,0
DA:84,0
LF:24
LH:0
BRDA:9,0,0,0
BRDA:9,0,1,0
BRDA:13,1,0,0
BRDA:13,1,1,0
BRDA:28,2,0,0
BRDA:28,2,1,0
BRDA:32,3,0,0
BRDA:32,3,1,0
BRDA:64,4,0,0
BRDA:64,4,1,0
BRDA:66,5,0,0
BRDA:66,5,1,0
BRDA:72,6,0,0
BRDA:72,6,1,0
BRDA:74,7,0,0
BRDA:74,7,1,0
BRDA:80,8,0,0
BRDA:80,8,1,0
BRDA:80,9,0,0
BRDA:80,9,1,0
BRF:20
BRH:0
end_of_record
TN:
SF:src/service/application/notifications/alertsService/methods/generateEmergencyFundAlerts.ts
FN:4,(anonymous_0)
FNF:1
FNH:0
FNDA:0,(anonymous_0)
DA:2,0
DA:4,0
DA:5,0
DA:6,0
DA:7,0
DA:10,0
DA:13,0
DA:14,0
DA:16,0
DA:17,0
DA:39,0
DA:40,0
DA:42,0
DA:43,0
DA:59,0
LF:15
LH:0
BRDA:13,0,0,0
BRDA:13,0,1,0
BRDA:13,1,0,0
BRDA:13,1,1,0
BRDA:16,2,0,0
BRDA:16,2,1,0
BRDA:19,3,0,0
BRDA:19,3,1,0
BRDA:23,4,0,0
BRDA:23,4,1,0
BRDA:39,5,0,0
BRDA:39,5,1,0
BRDA:39,6,0,0
BRDA:39,6,1,0
BRDA:42,7,0,0
BRDA:42,7,1,0
BRDA:42,8,0,0
BRDA:42,8,1,0
BRF:18
BRH:0
end_of_record
TN:
SF:src/service/application/notifications/alertsService/methods/generateFinancialAlerts.ts
FN:9,(anonymous_0)
FN:47,(anonymous_1)
FN:48,(anonymous_2)
FNF:3
FNH:0
FNDA:0,(anonymous_0)
FNDA:0,(anonymous_1)
FNDA:0,(anonymous_2)
DA:2,0
DA:3,0
DA:4,0
DA:5,0
DA:6,0
DA:7,0
DA:9,0
DA:13,0
DA:14,0
DA:15,0
DA:16,0
DA:18,0
DA:21,0
DA:22,0
DA:25,0
DA:26,0
DA:29,0
DA:30,0
DA:33,0
DA:34,0
DA:37,0
DA:38,0
DA:41,0
DA:42,0
DA:46,0
DA:47,0
DA:48,0
DA:51,0
LF:28
LH:0
BRDA:21,0,0,0
BRDA:21,0,1,0
BRDA:25,1,0,0
BRDA:25,1,1,0
BRDA:29,2,0,0
BRDA:29,2,1,0
BRDA:33,3,0,0
BRDA:33,3,1,0
BRDA:37,4,0,0
BRDA:37,4,1,0
BRDA:41,5,0,0
BRDA:41,5,1,0
BRF:12
BRH:0
end_of_record
TN:
SF:src/service/application/notifications/alertsService/methods/generateGeneralAlerts.ts
FN:4,(anonymous_0)
FNF:1
FNH:0
FNDA:0,(anonymous_0)
DA:2,0
DA:4,0
DA:5,0
DA:6,0
DA:7,0
DA:10,0
DA:11,0
DA:27,0
DA:28,0
DA:44,0
DA:45,0
DA:46,0
DA:47,0
DA:49,0
DA:50,0
DA:69,0
LF:16
LH:0
BRDA:4,0,0,0
BRDA:10,1,0,0
BRDA:10,1,1,0
BRDA:10,2,0,0
BRDA:10,2,1,0
BRDA:27,3,0,0
BRDA:27,3,1,0
BRDA:44,4,0,0
BRDA:44,4,1,0
BRDA:44,5,0,0
BRDA:44,5,1,0
BRDA:44,5,2,0
BRDA:49,6,0,0
BRDA:49,6,1,0
BRDA:49,7,0,0
BRDA:49,7,1,0
BRDA:49,7,2,0
BRF:17
BRH:0
end_of_record
TN:
SF:src/service/application/notifications/alertsService/methods/generatePassiveIncomeAlerts.ts
FN:4,(anonymous_0)
FNF:1
FNH:0
FNDA:0,(anonymous_0)
DA:2,0
DA:4,0
DA:5,0
DA:6,0
DA:7,0
DA:8,0
DA:9,0
DA:12,0
DA:13,0
DA:15,0
DA:16,0
DA:34,0
DA:35,0
DA:37,0
DA:38,0
DA:55,0
DA:56,0
DA:71,0
LF:18
LH:0
BRDA:12,0,0,0
BRDA:12,0,1,0
BRDA:15,1,0,0
BRDA:15,1,1,0
BRDA:18,2,0,0
BRDA:18,2,1,0
BRDA:22,3,0,0
BRDA:22,3,1,0
BRDA:34,4,0,0
BRDA:34,4,1,0
BRDA:37,5,0,0
BRDA:37,5,1,0
BRDA:37,6,0,0
BRDA:37,6,1,0
BRDA:55,7,0,0
BRDA:55,7,1,0
BRDA:55,8,0,0
BRDA:55,8,1,0
BRF:18
BRH:0
end_of_record
TN:
SF:src/service/application/notifications/alertsService/methods/generateSavingsAlerts.ts
FN:4,(anonymous_0)
FNF:1
FNH:0
FNDA:0,(anonymous_0)
DA:2,0
DA:4,0
DA:5,0
DA:6,0
DA:7,0
DA:10,0
DA:11,0
DA:13,0
DA:14,0
DA:31,0
DA:32,0
DA:34,0
DA:35,0
DA:51,0
LF:14
LH:0
BRDA:10,0,0,0
BRDA:10,0,1,0
BRDA:10,1,0,0
BRDA:10,1,1,0
BRDA:13,2,0,0
BRDA:13,2,1,0
BRDA:31,3,0,0
BRDA:31,3,1,0
BRDA:31,4,0,0
BRDA:31,4,1,0
BRDA:34,5,0,0
BRDA:34,5,1,0
BRDA:34,6,0,0
BRDA:34,6,1,0
BRF:14
BRH:0
end_of_record
TN:
SF:src/service/application/notifications/alertsService/methods/transformToUIAlerts.ts
FN:3,(anonymous_0)
FN:8,(anonymous_1)
FN:12,(anonymous_2)
FNF:3
FNH:0
FNDA:0,(anonymous_0)
FNDA:0,(anonymous_1)
FNDA:0,(anonymous_2)
DA:3,0
DA:8,0
DA:13,0
DA:14,0
LF:4
LH:0
BRDA:13,0,0,0
BRDA:13,0,1,0
BRDA:13,1,0,0
BRDA:13,1,1,0
BRDA:17,2,0,0
BRDA:17,2,1,0
BRF:6
BRH:0
end_of_record
TN:
SF:src/service/application/orchestration/cacheRefreshService/methods/refreshAllCaches.ts
FN:40,refreshAllCaches
FN:122,(anonymous_11)
FN:123,(anonymous_12)
FN:126,(anonymous_13)
FNF:4
FNH:0
FNDA:0,refreshAllCaches
FNDA:0,(anonymous_11)
FNDA:0,(anonymous_12)
FNDA:0,(anonymous_13)
DA:1,0
DA:2,0
DA:7,0
DA:8,0
DA:13,0
DA:14,0
DA:15,0
DA:16,0
DA:17,0
DA:20,0
DA:21,0
DA:22,0
DA:23,0
DA:24,0
DA:40,0
DA:41,0
DA:44,0
DA:46,0
DA:48,0
DA:52,0
DA:53,0
DA:56,0
DA:57,0
DA:60,0
DA:61,0
DA:64,0
DA:65,0
DA:68,0
DA:71,0
DA:86,0
DA:89,0
DA:90,0
DA:91,0
DA:92,0
DA:93,0
DA:94,0
DA:95,0
DA:97,0
DA:100,0
DA:101,0
DA:108,0
DA:109,0
DA:115,0
DA:117,0
DA:118,0
DA:119,0
DA:120,0
DA:121,0
DA:122,0
DA:123,0
DA:124,0
DA:125,0
DA:126,0
DA:127,0
DA:128,0
DA:129,0
DA:130,0
DA:131,0
DA:132,0
DA:135,0
DA:143,0
DA:145,0
DA:148,0
DA:151,0
DA:152,0
DA:153,0
DA:155,0
DA:156,0
DA:157,0
DA:161,0
DA:163,0
DA:167,0
DA:168,0
DA:169,0
LF:74
LH:0
BRDA:100,0,0,0
BRDA:100,0,1,0
BRDA:100,1,0,0
BRDA:100,1,1,0
BRDA:118,2,0,0
BRDA:118,2,1,0
BRDA:119,3,0,0
BRDA:119,3,1,0
BRDA:120,4,0,0
BRDA:120,4,1,0
BRDA:120,5,0,0
BRDA:120,5,1,0
BRDA:124,6,0,0
BRDA:124,6,1,0
BRDA:125,7,0,0
BRDA:125,7,1,0
BRDA:125,8,0,0
BRDA:125,8,1,0
BRDA:130,9,0,0
BRDA:130,9,1,0
BRDA:152,10,0,0
BRDA:152,10,1,0
BRDA:153,11,0,0
BRDA:153,11,1,0
BRDA:156,12,0,0
BRDA:156,12,1,0
BRDA:156,13,0,0
BRDA:156,13,1,0
BRDA:167,14,0,0
BRDA:167,14,1,0
BRF:30
BRH:0
end_of_record
TN:
SF:src/service/application/orchestration/initService/appInitialization.ts
FN:21,(anonymous_1)
FN:31,(anonymous_2)
FN:70,(anonymous_3)
FN:155,(anonymous_4)
FN:158,(anonymous_5)
FN:213,(anonymous_6)
FN:256,(anonymous_7)
FN:293,(anonymous_8)
FN:310,(anonymous_9)
FN:319,(anonymous_10)
FNF:10
FNH:0
FNDA:0,(anonymous_1)
FNDA:0,(anonymous_2)
FNDA:0,(anonymous_3)
FNDA:0,(anonymous_4)
FNDA:0,(anonymous_5)
FNDA:0,(anonymous_6)
FNDA:0,(anonymous_7)
FNDA:0,(anonymous_8)
FNDA:0,(anonymous_9)
FNDA:0,(anonymous_10)
DA:2,0
DA:3,0
DA:4,0
DA:5,0
DA:6,0
DA:7,0
DA:8,0
DA:9,0
DA:16,0
DA:18,0
DA:19,0
DA:22,0
DA:23,0
DA:25,0
DA:36,0
DA:37,0
DA:41,0
DA:42,0
DA:45,0
DA:47,0
DA:52,0
DA:53,0
DA:54,0
DA:55,0
DA:59,0
DA:63,0
DA:64,0
DA:67,0
DA:75,0
DA:76,0
DA:80,0
DA:81,0
DA:82,0
DA:83,0
DA:84,0
DA:86,0
DA:87,0
DA:88,0
DA:89,0
DA:90,0
DA:91,0
DA:93,0
DA:94,0
DA:97,0
DA:98,0
DA:99,0
DA:100,0
DA:101,0
DA:102,0
DA:104,0
DA:105,0
DA:108,0
DA:109,0
DA:110,0
DA:111,0
DA:112,0
DA:113,0
DA:115,0
DA:116,0
DA:119,0
DA:120,0
DA:121,0
DA:122,0
DA:123,0
DA:124,0
DA:126,0
DA:127,0
DA:130,0
DA:131,0
DA:132,0
DA:133,0
DA:134,0
DA:135,0
DA:137,0
DA:138,0
DA:143,0
DA:146,0
DA:149,0
DA:152,0
DA:155,0
DA:162,0
DA:163,0
DA:166,0
DA:168,0
DA:172,0
DA:174,0
DA:175,0
DA:178,0
DA:183,0
DA:184,0
DA:190,0
DA:192,0
DA:198,0
DA:199,0
DA:202,0
DA:203,0
DA:207,0
DA:217,0
DA:218,0
DA:221,0
DA:224,0
DA:225,0
DA:229,0
DA:231,0
DA:232,0
DA:233,0
DA:234,0
DA:236,0
DA:237,0
DA:241,0
DA:247,0
DA:248,0
DA:250,0
DA:260,0
DA:261,0
DA:264,0
DA:265,0
DA:268,0
DA:272,0
DA:273,0
DA:274,0
DA:275,0
DA:276,0
DA:278,0
DA:284,0
DA:285,0
DA:287,0
DA:294,0
DA:295,0
DA:299,0
DA:311,0
DA:312,0
DA:313,0
DA:320,0
DA:324,0
LF:135
LH:0
BRDA:22,0,0,0
BRDA:22,0,1,0
BRDA:36,1,0,0
BRDA:36,1,1,0
BRDA:41,2,0,0
BRDA:41,2,1,0
BRDA:61,3,0,0
BRDA:61,3,1,0
BRDA:80,4,0,0
BRDA:80,4,1,0
BRDA:80,4,2,0
BRDA:81,5,0,0
BRDA:81,5,1,0
BRDA:81,5,2,0
BRDA:82,6,0,0
BRDA:82,6,1,0
BRDA:82,6,2,0
BRDA:83,7,0,0
BRDA:83,7,1,0
BRDA:83,7,2,0
BRDA:84,8,0,0
BRDA:84,8,1,0
BRDA:84,8,2,0
BRDA:86,9,0,0
BRDA:86,9,1,0
BRDA:97,10,0,0
BRDA:97,10,1,0
BRDA:108,11,0,0
BRDA:108,11,1,0
BRDA:119,12,0,0
BRDA:119,12,1,0
BRDA:130,13,0,0
BRDA:130,13,1,0
BRDA:166,14,0,0
BRDA:166,14,1,0
BRDA:168,15,0,0
BRDA:168,15,1,0
BRDA:172,16,0,0
BRDA:172,16,1,0
BRDA:174,17,0,0
BRDA:174,17,1,0
BRDA:174,18,0,0
BRDA:174,18,1,0
BRDA:179,19,0,0
BRDA:179,19,1,0
BRDA:180,20,0,0
BRDA:180,20,1,0
BRDA:181,21,0,0
BRDA:181,21,1,0
BRDA:198,22,0,0
BRDA:198,22,1,0
BRDA:198,23,0,0
BRDA:198,23,1,0
BRDA:202,24,0,0
BRDA:202,24,1,0
BRDA:221,25,0,0
BRDA:221,25,1,0
BRDA:224,26,0,0
BRDA:224,26,1,0
BRDA:232,27,0,0
BRDA:232,27,1,0
BRDA:233,28,0,0
BRDA:233,28,1,0
BRDA:234,29,0,0
BRDA:234,29,1,0
BRDA:247,30,0,0
BRDA:247,30,1,0
BRDA:264,31,0,0
BRDA:264,31,1,0
BRDA:265,32,0,0
BRDA:265,32,1,0
BRDA:268,33,0,0
BRDA:268,33,1,0
BRDA:268,33,2,0
BRDA:272,34,0,0
BRDA:272,34,1,0
BRDA:272,35,0,0
BRDA:272,35,1,0
BRDA:272,35,2,0
BRDA:284,36,0,0
BRDA:284,36,1,0
BRF:81
BRH:0
end_of_record
TN:
SF:src/service/application/setupWizard/methods/setupWizardMethods.ts
FN:13,(anonymous_1)
FN:60,(anonymous_2)
FN:67,(anonymous_3)
FN:79,(anonymous_4)
FN:84,(anonymous_5)
FN:85,(anonymous_6)
FN:100,(anonymous_7)
FN:229,(anonymous_8)
FN:230,(anonymous_9)
FN:233,(anonymous_10)
FN:252,(anonymous_11)
FN:255,(anonymous_12)
FN:264,(anonymous_13)
FN:281,(anonymous_14)
FN:322,(anonymous_15)
FN:338,(anonymous_16)
FN:343,(anonymous_17)
FNF:17
FNH:0
FNDA:0,(anonymous_1)
FNDA:0,(anonymous_2)
FNDA:0,(anonymous_3)
FNDA:0,(anonymous_4)
FNDA:0,(anonymous_5)
FNDA:0,(anonymous_6)
FNDA:0,(anonymous_7)
FNDA:0,(anonymous_8)
FNDA:0,(anonymous_9)
FNDA:0,(anonymous_10)
FNDA:0,(anonymous_11)
FNDA:0,(anonymous_12)
FNDA:0,(anonymous_13)
FNDA:0,(anonymous_14)
FNDA:0,(anonymous_15)
FNDA:0,(anonymous_16)
FNDA:0,(anonymous_17)
DA:9,0
DA:11,0
DA:13,0
DA:14,0
DA:60,0
DA:65,0
DA:66,0
DA:67,0
DA:68,0
DA:69,0
DA:71,0
DA:79,0
DA:83,0
DA:84,0
DA:85,0
DA:87,0
DA:88,0
DA:89,0
DA:90,0
DA:92,0
DA:100,0
DA:101,0
DA:229,0
DA:230,0
DA:233,0
DA:234,0
DA:235,0
DA:237,0
DA:238,0
DA:239,0
DA:248,0
DA:250,0
DA:251,0
DA:252,0
DA:253,0
DA:254,0
DA:255,0
DA:256,0
DA:258,0
DA:261,0
DA:264,0
DA:269,0
DA:274,0
DA:281,0
DA:282,0
DA:283,0
DA:285,0
DA:286,0
DA:287,0
DA:290,0
DA:292,0
DA:293,0
DA:294,0
DA:295,0
DA:299,0
DA:300,0
DA:301,0
DA:302,0
DA:306,0
DA:307,0
DA:310,0
DA:311,0
DA:314,0
DA:322,0
DA:325,0
DA:327,0
DA:328,0
DA:330,0
DA:334,0
DA:338,0
DA:342,0
DA:343,0
DA:345,0
DA:346,0
DA:349,0
DA:352,0
DA:353,0
DA:354,0
DA:356,0
DA:358,0
DA:363,0
LF:81
LH:0
BRDA:89,0,0,0
BRDA:89,0,1,0
BRDA:237,1,0,0
BRDA:237,1,1,0
BRDA:242,2,0,0
BRDA:242,2,1,0
BRDA:243,3,0,0
BRDA:243,3,1,0
BRDA:244,4,0,0
BRDA:244,4,1,0
BRDA:245,5,0,0
BRDA:245,5,1,0
BRDA:248,6,0,0
BRDA:248,6,1,0
BRDA:256,7,0,0
BRDA:256,7,1,0
BRDA:285,8,0,0
BRDA:285,8,1,0
BRDA:292,9,0,0
BRDA:292,9,1,0
BRDA:292,10,0,0
BRDA:292,10,1,0
BRDA:294,11,0,0
BRDA:294,11,1,0
BRDA:299,12,0,0
BRDA:299,12,1,0
BRDA:299,13,0,0
BRDA:299,13,1,0
BRDA:301,14,0,0
BRDA:301,14,1,0
BRDA:306,15,0,0
BRDA:306,15,1,0
BRDA:306,16,0,0
BRDA:306,16,1,0
BRDA:310,17,0,0
BRDA:310,17,1,0
BRDA:310,18,0,0
BRDA:310,18,1,0
BRDA:332,19,0,0
BRDA:332,19,1,0
BRDA:345,20,0,0
BRDA:345,20,1,0
BRDA:352,21,0,0
BRDA:352,21,1,0
BRDA:352,22,0,0
BRDA:352,22,1,0
BRDA:353,23,0,0
BRDA:353,23,1,0
BRDA:354,24,0,0
BRDA:354,24,1,0
BRDA:356,25,0,0
BRDA:356,25,1,0
BRF:52
BRH:0
end_of_record
TN:
SF:src/service/application/setupWizard/methods/stepValidationService/methods/stepValidationMethods.ts
FN:7,(anonymous_0)
FN:24,(anonymous_1)
FN:44,(anonymous_2)
FN:61,(anonymous_3)
FN:80,(anonymous_4)
FN:99,(anonymous_5)
FN:128,(anonymous_6)
FN:138,(anonymous_7)
FN:164,(anonymous_8)
FN:174,(anonymous_9)
FN:197,(anonymous_10)
FN:209,(anonymous_11)
FNF:12
FNH:0
FNDA:0,(anonymous_0)
FNDA:0,(anonymous_1)
FNDA:0,(anonymous_2)
FNDA:0,(anonymous_3)
FNDA:0,(anonymous_4)
FNDA:0,(anonymous_5)
FNDA:0,(anonymous_6)
FNDA:0,(anonymous_7)
FNDA:0,(anonymous_8)
FNDA:0,(anonymous_9)
FNDA:0,(anonymous_10)
FNDA:0,(anonymous_11)
DA:5,0
DA:7,0
DA:8,0
DA:10,0
DA:12,0
DA:14,0
DA:16,0
DA:18,0
DA:20,0
DA:24,0
DA:25,0
DA:26,0
DA:29,0
DA:30,0
DA:33,0
DA:34,0
DA:37,0
DA:44,0
DA:45,0
DA:46,0
DA:49,0
DA:50,0
DA:53,0
DA:54,0
DA:56,0
DA:57,0
DA:61,0
DA:62,0
DA:63,0
DA:65,0
DA:66,0
DA:68,0
DA:69,0
DA:73,0
DA:80,0
DA:81,0
DA:82,0
DA:85,0
DA:86,0
DA:90,0
DA:93,0
DA:94,0
DA:95,0
DA:99,0
DA:100,0
DA:101,0
DA:103,0
DA:104,0
DA:106,0
DA:107,0
DA:109,0
DA:110,0
DA:112,0
DA:113,0
DA:117,0
DA:118,0
DA:121,0
DA:128,0
DA:129,0
DA:130,0
DA:133,0
DA:134,0
DA:138,0
DA:139,0
DA:140,0
DA:142,0
DA:143,0
DA:145,0
DA:146,0
DA:148,0
DA:149,0
DA:153,0
DA:154,0
DA:157,0
DA:164,0
DA:165,0
DA:166,0
DA:169,0
DA:170,0
DA:174,0
DA:175,0
DA:176,0
DA:178,0
DA:179,0
DA:181,0
DA:182,0
DA:186,0
DA:187,0
DA:190,0
DA:197,0
DA:198,0
DA:199,0
DA:201,0
DA:209,0
DA:210,0
DA:211,0
DA:212,0
DA:215,0
LF:98
LH:0
BRDA:8,0,0,0
BRDA:8,0,1,0
BRDA:8,0,2,0
BRDA:8,0,3,0
BRDA:8,0,4,0
BRDA:8,0,5,0
BRDA:29,1,0,0
BRDA:29,1,1,0
BRDA:29,2,0,0
BRDA:29,2,1,0
BRDA:33,3,0,0
BRDA:33,3,1,0
BRDA:33,4,0,0
BRDA:33,4,1,0
BRDA:33,4,2,0
BRDA:49,5,0,0
BRDA:49,5,1,0
BRDA:56,6,0,0
BRDA:56,6,1,0
BRDA:56,7,0,0
BRDA:56,7,1,0
BRDA:62,8,0,0
BRDA:62,8,1,0
BRDA:65,9,0,0
BRDA:65,9,1,0
BRDA:68,10,0,0
BRDA:68,10,1,0
BRDA:85,11,0,0
BRDA:85,11,1,0
BRDA:90,12,0,0
BRDA:90,12,1,0
BRDA:93,13,0,0
BRDA:93,13,1,0
BRDA:100,14,0,0
BRDA:100,14,1,0
BRDA:103,15,0,0
BRDA:103,15,1,0
BRDA:106,16,0,0
BRDA:106,16,1,0
BRDA:109,17,0,0
BRDA:109,17,1,0
BRDA:112,18,0,0
BRDA:112,18,1,0
BRDA:112,19,0,0
BRDA:112,19,1,0
BRDA:112,19,2,0
BRDA:117,20,0,0
BRDA:117,20,1,0
BRDA:133,21,0,0
BRDA:133,21,1,0
BRDA:139,22,0,0
BRDA:139,22,1,0
BRDA:142,23,0,0
BRDA:142,23,1,0
BRDA:145,24,0,0
BRDA:145,24,1,0
BRDA:145,25,0,0
BRDA:145,25,1,0
BRDA:148,26,0,0
BRDA:148,26,1,0
BRDA:148,27,0,0
BRDA:148,27,1,0
BRDA:153,28,0,0
BRDA:153,28,1,0
BRDA:169,29,0,0
BRDA:169,29,1,0
BRDA:175,30,0,0
BRDA:175,30,1,0
BRDA:178,31,0,0
BRDA:178,31,1,0
BRDA:181,32,0,0
BRDA:181,32,1,0
BRDA:186,33,0,0
BRDA:186,33,1,0
BRF:74
BRH:0
end_of_record
TN:
SF:src/service/application/workflows/deleteDataService/methods/clearAllData.ts
FN:14,clearAllData
FN:51,(anonymous_2)
FN:59,(anonymous_3)
FNF:3
FNH:0
FNDA:0,clearAllData
FNDA:0,(anonymous_2)
FNDA:0,(anonymous_3)
DA:1,0
DA:2,0
DA:3,0
DA:4,0
DA:5,0
DA:6,0
DA:7,0
DA:8,0
DA:9,0
DA:10,0
DA:12,0
DA:14,0
DA:15,0
DA:18,0
DA:19,0
DA:20,0
DA:21,0
DA:22,0
DA:25,0
DA:38,0
DA:39,0
DA:42,0
DA:43,0
DA:46,0
DA:51,0
DA:52,0
DA:54,0
DA:56,0
DA:59,0
DA:60,0
DA:61,0
LF:31
LH:0
BRF:0
BRH:0
end_of_record
TN:
SF:src/service/application/workflows/deleteDataService/methods/clearAssetDefinitions.ts
FN:8,clearAssetDefinitions
FNF:1
FNH:0
FNDA:0,clearAssetDefinitions
DA:1,0
DA:2,0
DA:3,0
DA:4,0
DA:6,0
DA:8,0
DA:9,0
DA:12,0
DA:15,0
DA:23,0
DA:26,0
DA:28,0
LF:12
LH:0
BRF:0
BRH:0
end_of_record
TN:
SF:src/service/application/workflows/deleteDataService/methods/clearAssetTransactions.ts
FN:7,clearAssetTransactions
FNF:1
FNH:0
FNDA:0,clearAssetTransactions
DA:1,0
DA:2,0
DA:3,0
DA:5,0
DA:7,0
DA:8,0
DA:11,0
DA:14,0
DA:17,0
DA:20,0
DA:22,0
LF:11
LH:0
BRF:0
BRH:0
end_of_record
TN:
SF:src/service/application/workflows/deleteDataService/methods/clearDebts.ts
FN:7,clearDebts
FNF:1
FNH:0
FNDA:0,clearDebts
DA:1,0
DA:2,0
DA:3,0
DA:4,0
DA:7,0
DA:8,0
DA:11,0
DA:14,0
DA:17,0
DA:19,0
LF:10
LH:0
BRF:0
BRH:0
end_of_record
TN:
SF:src/service/application/workflows/deleteDataService/methods/clearExpenses.ts
FN:7,clearExpenses
FNF:1
FNH:0
FNDA:0,clearExpenses
DA:1,0
DA:2,0
DA:3,0
DA:5,0
DA:7,0
DA:8,0
DA:11,0
DA:14,0
DA:17,0
DA:18,0
LF:10
LH:0
BRF:0
BRH:0
end_of_record
TN:
SF:src/service/application/workflows/deleteDataService/methods/clearIncome.ts
FN:7,clearIncome
FNF:1
FNH:0
FNDA:0,clearIncome
DA:1,0
DA:2,0
DA:3,0
DA:4,0
DA:7,0
DA:8,0
DA:11,0
DA:14,0
DA:17,0
DA:19,0
LF:10
LH:0
BRF:0
BRH:0
end_of_record
TN:
SF:src/service/application/workflows/deleteDataService/methods/clearPartialData.ts
FN:10,clearPartialData
FNF:1
FNH:0
FNDA:0,clearPartialData
DA:1,0
DA:2,0
DA:3,0
DA:4,0
DA:5,0
DA:6,0
DA:8,0
DA:10,0
DA:11,0
DA:14,0
DA:15,0
DA:16,0
DA:17,0
DA:20,0
DA:28,0
DA:30,0
LF:16
LH:0
BRF:0
BRH:0
end_of_record
TN:
SF:src/service/application/workflows/deleteDataService/methods/clearPortfolioHistory.ts
FN:10,clearPortfolioHistory
FNF:1
FNH:0
FNDA:0,clearPortfolioHistory
DA:1,0
DA:2,0
DA:10,0
DA:11,0
DA:13,0
DA:15,0
DA:20,0
DA:22,0
DA:23,0
LF:9
LH:0
BRF:0
BRH:0
end_of_record
TN:
SF:src/service/application/workflows/deleteDataService/methods/clearPriceHistory.ts
FN:7,clearPriceHistory
FNF:1
FNH:0
FNDA:0,clearPriceHistory
DA:1,0
DA:2,0
DA:3,0
DA:4,0
DA:5,0
DA:7,0
DA:8,0
DA:11,0
DA:12,0
DA:13,0
DA:14,0
DA:15,0
DA:16,0
DA:21,0
DA:22,0
DA:25,0
DA:27,0
LF:17
LH:0
BRDA:13,0,0,0
BRDA:13,0,1,0
BRF:2
BRH:0
end_of_record
TN:
SF:src/service/application/workflows/deleteDataService/methods/clearReduxCacheOnly.ts
FN:13,(anonymous_0)
FNF:1
FNH:0
FNDA:0,(anonymous_0)
DA:2,0
DA:3,0
DA:4,0
DA:5,0
DA:6,0
DA:7,0
DA:13,0
DA:14,0
DA:15,0
DA:16,0
DA:17,0
DA:18,0
DA:19,0
DA:20,0
LF:14
LH:0
BRF:0
BRH:0
end_of_record
TN:
SF:src/service/application/workflows/deleteDataService/methods/deleteDataServiceMethods.ts
FNF:0
FNH:0
DA:2,0
DA:3,0
DA:4,0
DA:5,0
DA:6,0
DA:7,0
DA:8,0
DA:9,0
DA:10,0
DA:11,0
DA:14,0
DA:15,0
DA:16,0
DA:17,0
DA:18,0
DA:19,0
DA:20,0
DA:21,0
DA:22,0
DA:23,0
DA:26,0
LF:21
LH:0
BRF:0
BRH:0
end_of_record
TN:
SF:src/service/application/workflows/deleteDataService/methods/refreshPortfolioHistory.ts
FN:21,refreshPortfolioHistory
FN:29,(anonymous_11)
FNF:2
FNH:0
FNDA:0,refreshPortfolioHistory
FNDA:0,(anonymous_11)
DA:1,0
DA:2,0
DA:8,0
DA:21,0
DA:22,0
DA:25,0
DA:27,0
DA:29,0
DA:32,0
DA:33,0
DA:36,0
DA:39,0
DA:40,0
DA:41,0
DA:42,0
DA:46,0
DA:47,0
DA:48,0
DA:58,0
DA:61,0
DA:62,0
LF:21
LH:0
BRF:0
BRH:0
end_of_record
TN:
SF:src/service/application/workflows/deleteDataService/methods/utils.ts
FN:5,clearSQLiteStores
FN:21,clearLocalStorageData
FN:25,(anonymous_3)
FNF:3
FNH:0
FNDA:0,clearSQLiteStores
FNDA:0,clearLocalStorageData
FNDA:0,(anonymous_3)
DA:1,0
DA:2,0
DA:5,0
DA:6,0
DA:7,0
DA:8,0
DA:9,0
DA:10,0
DA:11,0
DA:14,0
DA:16,0
DA:21,0
DA:22,0
DA:23,0
DA:24,0
DA:25,0
DA:26,0
DA:27,0
DA:35,0
DA:38,0
LF:20
LH:0
BRDA:10,0,0,0
BRDA:10,0,1,0
BRDA:23,1,0,0
BRDA:23,1,1,0
BRDA:26,2,0,0
BRDA:26,2,1,0
BRF:6
BRH:0
end_of_record
TN:
SF:src/service/domain/ai/contextService.ts
FN:35,(anonymous_1)
FN:41,(anonymous_2)
FN:53,(anonymous_3)
FN:62,(anonymous_4)
FN:63,(anonymous_5)
FN:97,(anonymous_6)
FN:109,(anonymous_7)
FN:122,(anonymous_8)
FN:138,(anonymous_9)
FN:147,formatIncomeDetails
FN:148,(anonymous_11)
FN:151,formatExpenseDetails
FN:152,(anonymous_13)
FN:155,formatLiabilityDetails
FN:156,(anonymous_15)
FN:167,(anonymous_16)
FN:194,(anonymous_17)
FNF:17
FNH:0
FNDA:0,(anonymous_1)
FNDA:0,(anonymous_2)
FNDA:0,(anonymous_3)
FNDA:0,(anonymous_4)
FNDA:0,(anonymous_5)
FNDA:0,(anonymous_6)
FNDA:0,(anonymous_7)
FNDA:0,(anonymous_8)
FNDA:0,(anonymous_9)
FNDA:0,formatIncomeDetails
FNDA:0,(anonymous_11)
FNDA:0,formatExpenseDetails
FNDA:0,(anonymous_13)
FNDA:0,formatLiabilityDetails
FNDA:0,(anonymous_15)
FNDA:0,(anonymous_16)
FNDA:0,(anonymous_17)
DA:1,0
DA:30,0
DA:36,0
DA:37,0
DA:41,0
DA:42,0
DA:43,0
DA:44,0
DA:46,0
DA:47,0
DA:48,0
DA:52,0
DA:54,0
DA:63,0
DA:65,0
DA:66,0
DA:67,0
DA:72,0
DA:73,0
DA:74,0
DA:75,0
DA:81,0
DA:85,0
DA:87,0
DA:98,0
DA:100,0
DA:101,0
DA:102,0
DA:105,0
DA:106,0
DA:109,0
DA:110,0
DA:111,0
DA:114,0
DA:115,0
DA:116,0
DA:119,0
DA:121,0
DA:123,0
DA:128,0
DA:130,0
DA:143,0
DA:145,0
DA:148,0
DA:152,0
DA:156,0
DA:159,0
DA:167,0
DA:198,0
DA:200,0
DA:210,0
LF:51
LH:0
BRDA:36,0,0,0
BRDA:36,0,1,0
BRDA:36,1,0,0
BRDA:36,1,1,0
BRDA:42,2,0,0
BRDA:42,2,1,0
BRDA:43,3,0,0
BRDA:43,3,1,0
BRDA:47,4,0,0
BRDA:47,4,1,0
BRDA:65,5,0,0
BRDA:65,5,1,0
BRDA:73,6,0,0
BRDA:73,6,1,0
BRDA:73,7,0,0
BRDA:73,7,1,0
BRDA:75,8,0,0
BRDA:75,8,1,0
BRDA:77,9,0,0
BRDA:77,9,1,0
BRDA:77,9,2,0
BRDA:81,10,0,0
BRDA:81,10,1,0
BRDA:81,11,0,0
BRDA:81,11,1,0
BRDA:82,12,0,0
BRDA:82,12,1,0
BRDA:83,13,0,0
BRDA:83,13,1,0
BRDA:100,14,0,0
BRDA:100,14,1,0
BRDA:100,15,0,0
BRDA:100,15,1,0
BRDA:106,16,0,0
BRDA:106,16,1,0
BRDA:110,17,0,0
BRDA:110,17,1,0
BRDA:114,18,0,0
BRDA:114,18,1,0
BRDA:130,19,0,0
BRDA:130,19,1,0
BRDA:130,20,0,0
BRDA:130,20,1,0
BRDA:130,21,0,0
BRDA:130,21,1,0
BRDA:148,22,0,0
BRDA:148,22,1,0
BRDA:148,23,0,0
BRDA:148,23,1,0
BRDA:152,24,0,0
BRDA:152,24,1,0
BRDA:152,25,0,0
BRDA:152,25,1,0
BRDA:156,26,0,0
BRDA:156,26,1,0
BRDA:156,27,0,0
BRDA:156,27,1,0
BRDA:167,28,0,0
BRDA:167,28,1,0
BRDA:170,29,0,0
BRDA:170,29,1,0
BRDA:178,30,0,0
BRDA:178,30,1,0
BRDA:182,31,0,0
BRDA:182,31,1,0
BRDA:186,32,0,0
BRDA:186,32,1,0
BRF:67
BRH:0
end_of_record
TN:
SF:src/service/domain/ai/insights/financialInsightsService.ts
FN:19,(anonymous_1)
FN:52,(anonymous_2)
FN:58,(anonymous_3)
FN:59,(anonymous_4)
FN:65,(anonymous_5)
FN:72,(anonymous_6)
FN:106,(anonymous_7)
FN:108,(anonymous_8)
FN:112,(anonymous_9)
FN:113,(anonymous_10)
FN:114,(anonymous_11)
FN:117,(anonymous_12)
FN:147,(anonymous_13)
FN:163,(anonymous_14)
FN:194,(anonymous_15)
FN:225,(anonymous_16)
FNF:16
FNH:0
FNDA:0,(anonymous_1)
FNDA:0,(anonymous_2)
FNDA:0,(anonymous_3)
FNDA:0,(anonymous_4)
FNDA:0,(anonymous_5)
FNDA:0,(anonymous_6)
FNDA:0,(anonymous_7)
FNDA:0,(anonymous_8)
FNDA:0,(anonymous_9)
FNDA:0,(anonymous_10)
FNDA:0,(anonymous_11)
FNDA:0,(anonymous_12)
FNDA:0,(anonymous_13)
FNDA:0,(anonymous_14)
FNDA:0,(anonymous_15)
FNDA:0,(anonymous_16)
DA:7,0
DA:8,0
DA:20,0
DA:21,0
DA:22,0
DA:25,0
DA:28,0
DA:31,0
DA:34,0
DA:37,0
DA:39,0
DA:40,0
DA:43,0
DA:44,0
DA:45,0
DA:53,0
DA:55,0
DA:58,0
DA:59,0
DA:65,0
DA:73,0
DA:89,0
DA:91,0
DA:93,0
DA:95,0
DA:97,0
DA:99,0
DA:108,0
DA:111,0
DA:112,0
DA:113,0
DA:114,0
DA:116,0
DA:117,0
DA:121,0
DA:124,0
DA:126,0
DA:148,0
DA:151,0
DA:152,0
DA:153,0
DA:154,0
DA:155,0
DA:157,0
DA:164,0
DA:165,0
DA:166,0
DA:169,0
DA:171,0
DA:181,0
DA:182,0
DA:185,0
DA:186,0
DA:187,0
DA:195,0
DA:196,0
DA:197,0
DA:200,0
DA:202,0
DA:212,0
DA:213,0
DA:216,0
DA:217,0
DA:218,0
DA:226,0
DA:227,0
DA:228,0
DA:231,0
DA:233,0
DA:243,0
DA:244,0
DA:247,0
DA:248,0
DA:249,0
DA:254,0
LF:75
LH:0
BRDA:21,0,0,0
BRDA:21,0,1,0
BRDA:43,1,0,0
BRDA:43,1,1,0
BRDA:56,2,0,0
BRDA:56,2,1,0
BRDA:57,3,0,0
BRDA:57,3,1,0
BRDA:58,4,0,0
BRDA:58,4,1,0
BRDA:59,5,0,0
BRDA:59,5,1,0
BRDA:64,6,0,0
BRDA:64,6,1,0
BRDA:65,7,0,0
BRDA:65,7,1,0
BRDA:89,8,0,0
BRDA:89,8,1,0
BRDA:89,8,2,0
BRDA:89,8,3,0
BRDA:89,8,4,0
BRDA:97,9,0,0
BRDA:97,9,1,0
BRDA:121,10,0,0
BRDA:121,10,1,0
BRDA:128,11,0,0
BRDA:128,11,1,0
BRDA:151,12,0,0
BRDA:151,12,1,0
BRDA:152,13,0,0
BRDA:152,13,1,0
BRDA:153,14,0,0
BRDA:153,14,1,0
BRDA:154,15,0,0
BRDA:154,15,1,0
BRDA:155,16,0,0
BRDA:155,16,1,0
BRDA:165,17,0,0
BRDA:165,17,1,0
BRDA:174,18,0,0
BRDA:174,18,1,0
BRDA:175,19,0,0
BRDA:175,19,1,0
BRDA:176,20,0,0
BRDA:176,20,1,0
BRDA:177,21,0,0
BRDA:177,21,1,0
BRDA:185,22,0,0
BRDA:185,22,1,0
BRDA:196,23,0,0
BRDA:196,23,1,0
BRDA:205,24,0,0
BRDA:205,24,1,0
BRDA:206,25,0,0
BRDA:206,25,1,0
BRDA:207,26,0,0
BRDA:207,26,1,0
BRDA:208,27,0,0
BRDA:208,27,1,0
BRDA:216,28,0,0
BRDA:216,28,1,0
BRDA:227,29,0,0
BRDA:227,29,1,0
BRDA:236,30,0,0
BRDA:236,30,1,0
BRDA:237,31,0,0
BRDA:237,31,1,0
BRDA:238,32,0,0
BRDA:238,32,1,0
BRDA:239,33,0,0
BRDA:239,33,1,0
BRDA:247,34,0,0
BRDA:247,34,1,0
BRF:73
BRH:0
end_of_record
TN:
SF:src/service/domain/ai/llm/modelManager.ts
FN:17,(anonymous_10)
FN:34,(anonymous_11)
FN:47,(anonymous_12)
FN:81,(anonymous_13)
FN:131,(anonymous_14)
FN:146,(anonymous_15)
FN:166,(anonymous_16)
FN:192,(anonymous_17)
FN:199,(anonymous_18)
FN:210,(anonymous_19)
FN:236,(anonymous_20)
FNF:11
FNH:0
FNDA:0,(anonymous_10)
FNDA:0,(anonymous_11)
FNDA:0,(anonymous_12)
FNDA:0,(anonymous_13)
FNDA:0,(anonymous_14)
FNDA:0,(anonymous_15)
FNDA:0,(anonymous_16)
FNDA:0,(anonymous_17)
FNDA:0,(anonymous_18)
FNDA:0,(anonymous_19)
FNDA:0,(anonymous_20)
DA:1,0
DA:2,0
DA:8,0
DA:9,0
DA:10,0
DA:11,0
DA:12,0
DA:18,0
DA:20,0
DA:21,0
DA:22,0
DA:25,0
DA:26,0
DA:27,0
DA:29,0
DA:30,0
DA:35,0
DA:37,0
DA:39,0
DA:40,0
DA:41,0
DA:45,0
DA:49,0
DA:50,0
DA:53,0
DA:54,0
DA:59,0
DA:62,0
DA:64,0
DA:65,0
DA:67,0
DA:69,0
DA:70,0
DA:71,0
DA:72,0
DA:73,0
DA:74,0
DA:82,0
DA:83,0
DA:86,0
DA:87,0
DA:88,0
DA:89,0
DA:90,0
DA:98,0
DA:109,0
DA:110,0
DA:112,0
DA:114,0
DA:115,0
DA:118,0
DA:119,0
DA:120,0
DA:121,0
DA:124,0
DA:132,0
DA:133,0
DA:138,0
DA:139,0
DA:142,0
DA:143,0
DA:146,0
DA:147,0
DA:154,0
DA:155,0
DA:156,0
DA:160,0
DA:167,0
DA:168,0
DA:175,0
DA:182,0
DA:184,0
DA:185,0
DA:193,0
DA:200,0
DA:211,0
DA:237,0
DA:238,0
DA:239,0
DA:240,0
DA:242,0
DA:243,0
DA:245,0
DA:248,0
DA:249,0
DA:254,0
LF:86
LH:0
BRDA:20,0,0,0
BRDA:20,0,1,0
BRDA:39,1,0,0
BRDA:39,1,1,0
BRDA:53,2,0,0
BRDA:53,2,1,0
BRDA:72,3,0,0
BRDA:72,3,1,0
BRDA:81,4,0,0
BRDA:82,5,0,0
BRDA:82,5,1,0
BRDA:109,6,0,0
BRDA:109,6,1,0
BRDA:114,7,0,0
BRDA:114,7,1,0
BRDA:118,8,0,0
BRDA:118,8,1,0
BRDA:118,9,0,0
BRDA:118,9,1,0
BRDA:132,10,0,0
BRDA:132,10,1,0
BRDA:139,11,0,0
BRDA:139,11,1,0
BRDA:143,12,0,0
BRDA:143,12,1,0
BRDA:147,13,0,0
BRDA:147,13,1,0
BRDA:147,13,2,0
BRDA:147,13,3,0
BRDA:147,13,4,0
BRDA:155,14,0,0
BRDA:155,14,1,0
BRDA:182,15,0,0
BRDA:182,15,1,0
BRDA:193,16,0,0
BRDA:193,16,1,0
BRDA:193,16,2,0
BRDA:203,17,0,0
BRDA:203,17,1,0
BRDA:237,18,0,0
BRDA:237,18,1,0
BRDA:242,19,0,0
BRDA:242,19,1,0
BRF:43
BRH:0
end_of_record
TN:
SF:src/service/domain/analytics/calculations/financialAnalyticsService/methods/calculateFinancialSummary.ts
FN:11,(anonymous_0)
FN:20,(anonymous_1)
FN:27,(anonymous_2)
FNF:3
FNH:0
FNDA:0,(anonymous_0)
FNDA:0,(anonymous_1)
FNDA:0,(anonymous_2)
DA:4,0
DA:5,0
DA:6,0
DA:7,0
DA:8,0
DA:11,0
DA:19,0
DA:20,0
DA:22,0
DA:23,0
DA:24,0
DA:25,0
DA:26,0
DA:27,0
DA:29,0
DA:31,0
DA:32,0
DA:33,0
DA:34,0
DA:41,0
DA:42,0
DA:44,0
LF:22
LH:0
BRDA:16,0,0,0
BRDA:41,1,0,0
BRDA:41,1,1,0
BRDA:42,2,0,0
BRDA:42,2,1,0
BRF:5
BRH:0
end_of_record
TN:
SF:src/service/domain/analytics/calculations/financialAnalyticsService/methods/calculatePortfolioAnalytics.ts
FN:13,(anonymous_1)
FN:22,(anonymous_2)
FN:37,(anonymous_3)
FN:44,(anonymous_4)
FN:50,(anonymous_5)
FN:54,(anonymous_6)
FN:55,(anonymous_7)
FN:59,(anonymous_8)
FN:68,(anonymous_9)
FN:75,(anonymous_10)
FN:80,(anonymous_11)
FN:84,(anonymous_12)
FN:84,(anonymous_13)
FN:85,(anonymous_14)
FN:91,(anonymous_15)
FN:96,(anonymous_16)
FN:100,(anonymous_17)
FN:106,(anonymous_18)
FN:111,(anonymous_19)
FN:116,(anonymous_20)
FN:118,(anonymous_21)
FN:131,(anonymous_22)
FN:136,(anonymous_23)
FN:141,(anonymous_24)
FN:143,(anonymous_25)
FN:176,(anonymous_26)
FN:177,(anonymous_27)
FN:179,(anonymous_28)
FN:184,(anonymous_29)
FN:194,(anonymous_30)
FN:211,(anonymous_31)
FN:219,(anonymous_32)
FN:234,(anonymous_33)
FN:243,(anonymous_34)
FN:248,(anonymous_35)
FN:252,(anonymous_36)
FN:254,(anonymous_37)
FN:258,(anonymous_38)
FN:267,(anonymous_39)
FN:276,(anonymous_40)
FN:281,(anonymous_41)
FN:285,(anonymous_42)
FN:287,(anonymous_43)
FN:291,(anonymous_44)
FN:305,(anonymous_45)
FN:310,(anonymous_46)
FN:314,(anonymous_47)
FN:317,(anonymous_48)
FN:331,(anonymous_49)
FN:336,(anonymous_50)
FN:341,(anonymous_51)
FN:344,(anonymous_52)
FN:378,(anonymous_53)
FN:379,(anonymous_54)
FN:381,(anonymous_55)
FN:386,(anonymous_56)
FN:396,(anonymous_57)
FNF:57
FNH:0
FNDA:0,(anonymous_1)
FNDA:0,(anonymous_2)
FNDA:0,(anonymous_3)
FNDA:0,(anonymous_4)
FNDA:0,(anonymous_5)
FNDA:0,(anonymous_6)
FNDA:0,(anonymous_7)
FNDA:0,(anonymous_8)
FNDA:0,(anonymous_9)
FNDA:0,(anonymous_10)
FNDA:0,(anonymous_11)
FNDA:0,(anonymous_12)
FNDA:0,(anonymous_13)
FNDA:0,(anonymous_14)
FNDA:0,(anonymous_15)
FNDA:0,(anonymous_16)
FNDA:0,(anonymous_17)
FNDA:0,(anonymous_18)
FNDA:0,(anonymous_19)
FNDA:0,(anonymous_20)
FNDA:0,(anonymous_21)
FNDA:0,(anonymous_22)
FNDA:0,(anonymous_23)
FNDA:0,(anonymous_24)
FNDA:0,(anonymous_25)
FNDA:0,(anonymous_26)
FNDA:0,(anonymous_27)
FNDA:0,(anonymous_28)
FNDA:0,(anonymous_29)
FNDA:0,(anonymous_30)
FNDA:0,(anonymous_31)
FNDA:0,(anonymous_32)
FNDA:0,(anonymous_33)
FNDA:0,(anonymous_34)
FNDA:0,(anonymous_35)
FNDA:0,(anonymous_36)
FNDA:0,(anonymous_37)
FNDA:0,(anonymous_38)
FNDA:0,(anonymous_39)
FNDA:0,(anonymous_40)
FNDA:0,(anonymous_41)
FNDA:0,(anonymous_42)
FNDA:0,(anonymous_43)
FNDA:0,(anonymous_44)
FNDA:0,(anonymous_45)
FNDA:0,(anonymous_46)
FNDA:0,(anonymous_47)
FNDA:0,(anonymous_48)
FNDA:0,(anonymous_49)
FNDA:0,(anonymous_50)
FNDA:0,(anonymous_51)
FNDA:0,(anonymous_52)
FNDA:0,(anonymous_53)
FNDA:0,(anonymous_54)
FNDA:0,(anonymous_55)
FNDA:0,(anonymous_56)
FNDA:0,(anonymous_57)
DA:6,0
DA:9,0
DA:13,0
DA:17,0
DA:19,0
DA:22,0
DA:24,0
DA:25,0
DA:26,0
DA:36,0
DA:37,0
DA:38,0
DA:39,0
DA:40,0
DA:43,0
DA:44,0
DA:50,0
DA:53,0
DA:54,0
DA:55,0
DA:57,0
DA:58,0
DA:59,0
DA:60,0
DA:61,0
DA:62,0
DA:63,0
DA:67,0
DA:68,0
DA:69,0
DA:70,0
DA:74,0
DA:75,0
DA:80,0
DA:83,0
DA:84,0
DA:85,0
DA:86,0
DA:87,0
DA:89,0
DA:90,0
DA:93,0
DA:94,0
DA:96,0
DA:99,0
DA:100,0
DA:101,0
DA:102,0
DA:103,0
DA:105,0
DA:106,0
DA:111,0
DA:115,0
DA:116,0
DA:117,0
DA:118,0
DA:120,0
DA:121,0
DA:122,0
DA:125,0
DA:126,0
DA:130,0
DA:131,0
DA:136,0
DA:139,0
DA:141,0
DA:142,0
DA:143,0
DA:144,0
DA:145,0
DA:146,0
DA:148,0
DA:149,0
DA:155,0
DA:156,0
DA:157,0
DA:161,0
DA:162,0
DA:163,0
DA:169,0
DA:170,0
DA:171,0
DA:175,0
DA:177,0
DA:178,0
DA:179,0
DA:184,0
DA:186,0
DA:194,0
DA:196,0
DA:200,0
DA:211,0
DA:215,0
DA:216,0
DA:219,0
DA:221,0
DA:222,0
DA:223,0
DA:233,0
DA:234,0
DA:235,0
DA:236,0
DA:237,0
DA:238,0
DA:242,0
DA:243,0
DA:248,0
DA:251,0
DA:252,0
DA:253,0
DA:254,0
DA:256,0
DA:257,0
DA:258,0
DA:259,0
DA:260,0
DA:261,0
DA:262,0
DA:266,0
DA:267,0
DA:268,0
DA:269,0
DA:275,0
DA:276,0
DA:281,0
DA:284,0
DA:285,0
DA:286,0
DA:287,0
DA:288,0
DA:289,0
DA:290,0
DA:291,0
DA:292,0
DA:293,0
DA:294,0
DA:296,0
DA:297,0
DA:298,0
DA:300,0
DA:304,0
DA:305,0
DA:310,0
DA:313,0
DA:314,0
DA:315,0
DA:316,0
DA:317,0
DA:319,0
DA:320,0
DA:321,0
DA:324,0
DA:325,0
DA:330,0
DA:331,0
DA:336,0
DA:339,0
DA:341,0
DA:342,0
DA:343,0
DA:344,0
DA:345,0
DA:346,0
DA:347,0
DA:349,0
DA:350,0
DA:356,0
DA:357,0
DA:358,0
DA:362,0
DA:363,0
DA:364,0
DA:370,0
DA:371,0
DA:372,0
DA:377,0
DA:379,0
DA:380,0
DA:381,0
DA:386,0
DA:388,0
DA:396,0
DA:398,0
DA:402,0
LF:184
LH:0
BRDA:19,0,0,0
BRDA:19,0,1,0
BRDA:24,1,0,0
BRDA:24,1,1,0
BRDA:39,2,0,0
BRDA:39,2,1,0
BRDA:58,3,0,0
BRDA:58,3,1,0
BRDA:58,4,0,0
BRDA:58,4,1,0
BRDA:60,5,0,0
BRDA:60,5,1,0
BRDA:60,5,2,0
BRDA:62,6,0,0
BRDA:62,6,1,0
BRDA:67,7,0,0
BRDA:67,7,1,0
BRDA:67,8,0,0
BRDA:67,8,1,0
BRDA:69,9,0,0
BRDA:69,9,1,0
BRDA:87,10,0,0
BRDA:87,10,1,0
BRDA:101,11,0,0
BRDA:101,11,1,0
BRDA:102,12,0,0
BRDA:102,12,1,0
BRDA:117,13,0,0
BRDA:117,13,1,0
BRDA:117,14,0,0
BRDA:117,14,1,0
BRDA:121,15,0,0
BRDA:121,15,1,0
BRDA:125,16,0,0
BRDA:125,16,1,0
BRDA:142,17,0,0
BRDA:142,17,1,0
BRDA:142,18,0,0
BRDA:142,18,1,0
BRDA:148,19,0,0
BRDA:148,19,1,0
BRDA:156,20,0,0
BRDA:156,20,1,0
BRDA:162,21,0,0
BRDA:162,21,1,0
BRDA:170,22,0,0
BRDA:170,22,1,0
BRDA:182,23,0,0
BRDA:182,23,1,0
BRDA:190,24,0,0
BRDA:190,24,1,0
BRDA:216,25,0,0
BRDA:216,25,1,0
BRDA:221,26,0,0
BRDA:221,26,1,0
BRDA:235,27,0,0
BRDA:235,27,1,0
BRDA:237,28,0,0
BRDA:237,28,1,0
BRDA:253,29,0,0
BRDA:253,29,1,0
BRDA:257,30,0,0
BRDA:257,30,1,0
BRDA:257,31,0,0
BRDA:257,31,1,0
BRDA:259,32,0,0
BRDA:259,32,1,0
BRDA:259,32,2,0
BRDA:261,33,0,0
BRDA:261,33,1,0
BRDA:266,34,0,0
BRDA:266,34,1,0
BRDA:266,35,0,0
BRDA:266,35,1,0
BRDA:268,36,0,0
BRDA:268,36,1,0
BRDA:286,37,0,0
BRDA:286,37,1,0
BRDA:289,38,0,0
BRDA:289,38,1,0
BRDA:290,39,0,0
BRDA:290,39,1,0
BRDA:290,40,0,0
BRDA:290,40,1,0
BRDA:292,41,0,0
BRDA:292,41,1,0
BRDA:294,42,0,0
BRDA:294,42,1,0
BRDA:296,43,0,0
BRDA:296,43,1,0
BRDA:298,44,0,0
BRDA:298,44,1,0
BRDA:300,45,0,0
BRDA:300,45,1,0
BRDA:308,46,0,0
BRDA:308,46,1,0
BRDA:315,47,0,0
BRDA:315,47,1,0
BRDA:316,48,0,0
BRDA:316,48,1,0
BRDA:316,49,0,0
BRDA:316,49,1,0
BRDA:320,50,0,0
BRDA:320,50,1,0
BRDA:324,51,0,0
BRDA:324,51,1,0
BRDA:342,52,0,0
BRDA:342,52,1,0
BRDA:343,53,0,0
BRDA:343,53,1,0
BRDA:343,54,0,0
BRDA:343,54,1,0
BRDA:349,55,0,0
BRDA:349,55,1,0
BRDA:357,56,0,0
BRDA:357,56,1,0
BRDA:363,57,0,0
BRDA:363,57,1,0
BRDA:371,58,0,0
BRDA:371,58,1,0
BRDA:384,59,0,0
BRDA:384,59,1,0
BRDA:392,60,0,0
BRDA:392,60,1,0
BRF:124
BRH:0
end_of_record
TN:
SF:src/service/domain/analytics/calculations/financialAnalyticsService/methods/calculateProjections.ts
FN:15,mapCalculatorToMonthlyProjection
FN:19,(anonymous_2)
FN:46,(anonymous_3)
FN:108,(anonymous_4)
FNF:4
FNH:0
FNDA:0,mapCalculatorToMonthlyProjection
FNDA:0,(anonymous_2)
FNDA:0,(anonymous_3)
FNDA:0,(anonymous_4)
DA:9,0
DA:10,0
DA:11,0
DA:12,0
DA:13,0
DA:18,0
DA:19,0
DA:20,0
DA:21,0
DA:22,0
DA:46,0
DA:53,0
DA:56,0
DA:59,0
DA:62,0
DA:65,0
DA:67,0
DA:70,0
DA:72,0
DA:74,0
DA:75,0
DA:78,0
DA:80,0
DA:81,0
DA:82,0
DA:84,0
DA:85,0
DA:87,0
DA:99,0
DA:100,0
DA:103,0
DA:104,0
DA:108,0
DA:118,0
DA:120,0
DA:123,0
DA:126,0
DA:128,0
DA:130,0
DA:131,0
DA:134,0
DA:136,0
DA:137,0
DA:138,0
DA:140,0
DA:141,0
DA:143,0
DA:155,0
DA:156,0
DA:159,0
DA:160,0
LF:51
LH:0
BRDA:20,0,0,0
BRDA:20,0,1,0
BRDA:21,1,0,0
BRDA:21,1,1,0
BRDA:25,2,0,0
BRDA:25,2,1,0
BRDA:26,3,0,0
BRDA:26,3,1,0
BRDA:27,4,0,0
BRDA:27,4,1,0
BRDA:28,5,0,0
BRDA:28,5,1,0
BRDA:31,6,0,0
BRDA:31,6,1,0
BRDA:40,7,0,0
BRDA:40,7,1,0
BRDA:41,8,0,0
BRDA:41,8,1,0
BRDA:50,9,0,0
BRDA:51,10,0,0
BRDA:96,11,0,0
BRDA:96,11,1,0
BRDA:116,12,0,0
BRDA:134,13,0,0
BRDA:134,13,1,0
BRDA:152,14,0,0
BRDA:152,14,1,0
BRF:27
BRH:0
end_of_record
TN:
SF:src/service/domain/analytics/calculations/financialAnalyticsService/methods/calculateRatios.ts
FN:3,(anonymous_0)
FNF:1
FNH:0
FNDA:0,(anonymous_0)
DA:3,0
DA:11,0
DA:13,0
LF:3
LH:0
BRF:0
BRH:0
end_of_record
TN:
SF:src/service/domain/analytics/calculations/recommendationService/methods/generateAssetRecommendations.ts
FN:6,getTotalValue
FN:7,(anonymous_1)
FN:10,getSectorAllocation
FN:13,(anonymous_3)
FN:15,(anonymous_4)
FN:23,(anonymous_5)
FN:29,getCashQuote
FN:31,(anonymous_7)
FN:31,(anonymous_8)
FN:35,getDividendYield
FN:38,(anonymous_10)
FN:39,(anonymous_11)
FN:44,getSpeculativeQuote
FN:47,(anonymous_13)
FN:47,(anonymous_14)
FN:51,getLossPositions
FN:52,(anonymous_16)
FN:55,(anonymous_17)
FN:63,(anonymous_18)
FN:79,(anonymous_19)
FN:95,(anonymous_20)
FN:170,(anonymous_21)
FN:170,(anonymous_22)
FNF:23
FNH:0
FNDA:0,getTotalValue
FNDA:0,(anonymous_1)
FNDA:0,getSectorAllocation
FNDA:0,(anonymous_3)
FNDA:0,(anonymous_4)
FNDA:0,(anonymous_5)
FNDA:0,getCashQuote
FNDA:0,(anonymous_7)
FNDA:0,(anonymous_8)
FNDA:0,getDividendYield
FNDA:0,(anonymous_10)
FNDA:0,(anonymous_11)
FNDA:0,getSpeculativeQuote
FNDA:0,(anonymous_13)
FNDA:0,(anonymous_14)
FNDA:0,getLossPositions
FNDA:0,(anonymous_16)
FNDA:0,(anonymous_17)
FNDA:0,(anonymous_18)
FNDA:0,(anonymous_19)
FNDA:0,(anonymous_20)
FNDA:0,(anonymous_21)
FNDA:0,(anonymous_22)
DA:3,0
DA:7,0
DA:11,0
DA:12,0
DA:13,0
DA:14,0
DA:15,0
DA:16,0
DA:17,0
DA:20,0
DA:23,0
DA:24,0
DA:26,0
DA:30,0
DA:31,0
DA:32,0
DA:37,0
DA:38,0
DA:39,0
DA:40,0
DA:41,0
DA:46,0
DA:47,0
DA:48,0
DA:52,0
DA:55,0
DA:59,0
DA:60,0
DA:63,0
DA:64,0
DA:65,0
DA:78,0
DA:79,0
DA:80,0
DA:81,0
DA:94,0
DA:95,0
DA:96,0
DA:97,0
DA:110,0
DA:111,0
DA:112,0
DA:125,0
DA:126,0
DA:127,0
DA:140,0
DA:141,0
DA:142,0
DA:155,0
DA:156,0
DA:157,0
DA:170,0
DA:171,0
DA:172,0
DA:173,0
DA:185,0
LF:56
LH:0
BRDA:7,0,0,0
BRDA:7,0,1,0
BRDA:14,1,0,0
BRDA:14,1,1,0
BRDA:14,2,0,0
BRDA:14,2,1,0
BRDA:16,3,0,0
BRDA:16,3,1,0
BRDA:16,3,2,0
BRDA:17,4,0,0
BRDA:17,4,1,0
BRDA:17,5,0,0
BRDA:17,5,1,0
BRDA:20,6,0,0
BRDA:20,6,1,0
BRDA:20,7,0,0
BRDA:20,7,1,0
BRDA:24,8,0,0
BRDA:24,8,1,0
BRDA:31,9,0,0
BRDA:31,9,1,0
BRDA:32,10,0,0
BRDA:32,10,1,0
BRDA:38,11,0,0
BRDA:38,11,1,0
BRDA:39,12,0,0
BRDA:39,12,1,0
BRDA:41,13,0,0
BRDA:41,13,1,0
BRDA:47,14,0,0
BRDA:47,14,1,0
BRDA:47,15,0,0
BRDA:47,15,1,0
BRDA:48,16,0,0
BRDA:48,16,1,0
BRDA:52,17,0,0
BRDA:52,17,1,0
BRDA:57,18,0,0
BRDA:63,19,0,0
BRDA:63,19,1,0
BRDA:63,20,0,0
BRDA:63,20,1,0
BRDA:64,21,0,0
BRDA:64,21,1,0
BRDA:79,22,0,0
BRDA:79,22,1,0
BRDA:80,23,0,0
BRDA:80,23,1,0
BRDA:95,24,0,0
BRDA:95,24,1,0
BRDA:96,25,0,0
BRDA:96,25,1,0
BRDA:111,26,0,0
BRDA:111,26,1,0
BRDA:126,27,0,0
BRDA:126,27,1,0
BRDA:126,28,0,0
BRDA:126,28,1,0
BRDA:141,29,0,0
BRDA:141,29,1,0
BRDA:156,30,0,0
BRDA:156,30,1,0
BRDA:170,31,0,0
BRDA:170,31,1,0
BRDA:171,32,0,0
BRDA:171,32,1,0
BRDA:172,33,0,0
BRDA:172,33,1,0
BRDA:172,34,0,0
BRDA:172,34,1,0
BRF:70
BRH:0
end_of_record
TN:
SF:src/service/domain/analytics/calculations/recommendationService/methods/generateExpenseRecommendations.ts
FN:6,(anonymous_0)
FN:46,(anonymous_1)
FN:47,(anonymous_2)
FN:53,(anonymous_3)
FN:124,(anonymous_4)
FN:125,(anonymous_5)
FN:135,(anonymous_6)
FN:136,(anonymous_7)
FN:139,(anonymous_8)
FN:144,(anonymous_9)
FN:145,(anonymous_10)
FN:149,(anonymous_11)
FN:152,(anonymous_12)
FN:158,(anonymous_13)
FN:160,(anonymous_14)
FN:161,(anonymous_15)
FNF:16
FNH:0
FNDA:0,(anonymous_0)
FNDA:0,(anonymous_1)
FNDA:0,(anonymous_2)
FNDA:0,(anonymous_3)
FNDA:0,(anonymous_4)
FNDA:0,(anonymous_5)
FNDA:0,(anonymous_6)
FNDA:0,(anonymous_7)
FNDA:0,(anonymous_8)
FNDA:0,(anonymous_9)
FNDA:0,(anonymous_10)
FNDA:0,(anonymous_11)
FNDA:0,(anonymous_12)
FNDA:0,(anonymous_13)
FNDA:0,(anonymous_14)
FNDA:0,(anonymous_15)
DA:2,0
DA:6,0
DA:11,0
DA:14,0
DA:15,0
DA:16,0
DA:17,0
DA:20,0
DA:21,0
DA:22,0
DA:35,0
DA:36,0
DA:37,0
DA:46,0
DA:47,0
DA:53,0
DA:54,0
DA:55,0
DA:56,0
DA:69,0
DA:70,0
DA:86,0
DA:87,0
DA:88,0
DA:100,0
DA:101,0
DA:102,0
DA:114,0
DA:124,0
DA:125,0
DA:126,0
DA:127,0
DA:128,0
DA:130,0
DA:131,0
DA:135,0
DA:136,0
DA:139,0
DA:143,0
DA:145,0
DA:146,0
DA:147,0
DA:149,0
DA:152,0
DA:154,0
DA:158,0
DA:160,0
DA:161,0
DA:162,0
LF:49
LH:0
BRDA:9,0,0,0
BRDA:21,1,0,0
BRDA:21,1,1,0
BRDA:21,2,0,0
BRDA:21,2,1,0
BRDA:36,3,0,0
BRDA:36,3,1,0
BRDA:55,4,0,0
BRDA:55,4,1,0
BRDA:69,5,0,0
BRDA:69,5,1,0
BRDA:87,6,0,0
BRDA:87,6,1,0
BRDA:87,7,0,0
BRDA:87,7,1,0
BRDA:101,8,0,0
BRDA:101,8,1,0
BRDA:127,9,0,0
BRDA:127,9,1,0
BRDA:145,10,0,0
BRDA:145,10,1,0
BRDA:146,11,0,0
BRDA:146,11,1,0
BRDA:161,12,0,0
BRDA:161,12,1,0
BRF:25
BRH:0
end_of_record
TN:
SF:src/service/domain/analytics/calculations/recommendationService/methods/generateIncomeRecommendations.ts
FN:7,(anonymous_1)
FN:99,(anonymous_2)
FN:121,(anonymous_3)
FN:122,(anonymous_4)
FN:153,(anonymous_5)
FN:158,(anonymous_6)
FN:163,(anonymous_7)
FN:168,(anonymous_8)
FN:173,(anonymous_9)
FNF:9
FNH:0
FNDA:0,(anonymous_1)
FNDA:0,(anonymous_2)
FNDA:0,(anonymous_3)
FNDA:0,(anonymous_4)
FNDA:0,(anonymous_5)
FNDA:0,(anonymous_6)
FNDA:0,(anonymous_7)
FNDA:0,(anonymous_8)
FNDA:0,(anonymous_9)
DA:3,0
DA:5,0
DA:7,0
DA:13,0
DA:16,0
DA:20,0
DA:21,0
DA:22,0
DA:24,0
DA:25,0
DA:28,0
DA:30,0
DA:31,0
DA:33,0
DA:36,0
DA:37,0
DA:50,0
DA:51,0
DA:52,0
DA:65,0
DA:66,0
DA:67,0
DA:71,0
DA:84,0
DA:85,0
DA:99,0
DA:102,0
DA:108,0
DA:109,0
DA:121,0
DA:122,0
DA:123,0
DA:135,0
DA:136,0
DA:137,0
DA:149,0
DA:153,0
DA:155,0
DA:158,0
DA:160,0
DA:163,0
DA:165,0
DA:168,0
DA:170,0
DA:173,0
DA:175,0
LF:46
LH:0
BRDA:10,0,0,0
BRDA:20,1,0,0
BRDA:20,1,1,0
BRDA:31,2,0,0
BRDA:31,2,1,0
BRDA:36,3,0,0
BRDA:36,3,1,0
BRDA:51,4,0,0
BRDA:51,4,1,0
BRDA:51,5,0,0
BRDA:51,5,1,0
BRDA:67,6,0,0
BRDA:67,6,1,0
BRDA:68,7,0,0
BRDA:68,7,1,0
BRDA:68,7,2,0
BRDA:68,7,3,0
BRDA:84,8,0,0
BRDA:84,8,1,0
BRDA:103,9,0,0
BRDA:103,9,1,0
BRDA:103,9,2,0
BRDA:103,9,3,0
BRDA:108,10,0,0
BRDA:108,10,1,0
BRDA:108,11,0,0
BRDA:108,11,1,0
BRDA:122,12,0,0
BRDA:122,12,1,0
BRDA:122,13,0,0
BRDA:122,13,1,0
BRDA:136,14,0,0
BRDA:136,14,1,0
BRF:33
BRH:0
end_of_record
TN:
SF:src/service/domain/analytics/calculations/recommendationService/methods/generateLiabilityRecommendations.ts
FN:6,(anonymous_0)
FN:22,(anonymous_1)
FN:23,(anonymous_2)
FN:24,(anonymous_3)
FN:41,(anonymous_4)
FNF:5
FNH:0
FNDA:0,(anonymous_0)
FNDA:0,(anonymous_1)
FNDA:0,(anonymous_2)
FNDA:0,(anonymous_3)
FNDA:0,(anonymous_4)
DA:4,0
DA:6,0
DA:10,0
DA:12,0
DA:13,0
DA:17,0
DA:18,0
DA:19,0
DA:22,0
DA:23,0
DA:24,0
DA:25,0
DA:41,0
DA:42,0
DA:43,0
DA:44,0
DA:45,0
DA:46,0
DA:48,0
DA:49,0
DA:62,0
DA:63,0
DA:76,0
DA:77,0
DA:89,0
LF:25
LH:0
BRDA:12,0,0,0
BRDA:12,0,1,0
BRDA:19,1,0,0
BRDA:19,1,1,0
BRDA:22,2,0,0
BRDA:22,2,1,0
BRDA:22,3,0,0
BRDA:22,3,1,0
BRDA:23,4,0,0
BRDA:23,4,1,0
BRDA:24,5,0,0
BRDA:24,5,1,0
BRDA:42,6,0,0
BRDA:42,6,1,0
BRDA:42,7,0,0
BRDA:42,7,1,0
BRDA:48,8,0,0
BRDA:48,8,1,0
BRDA:62,9,0,0
BRDA:62,9,1,0
BRDA:76,10,0,0
BRDA:76,10,1,0
BRF:22
BRH:0
end_of_record
TN:
SF:src/service/domain/analytics/calculations/recommendationService/methods/generatePlanningRecommendations.ts
FN:6,(anonymous_0)
FNF:1
FNH:0
FNDA:0,(anonymous_0)
DA:4,0
DA:6,0
DA:11,0
DA:14,0
DA:15,0
DA:16,0
DA:17,0
DA:20,0
DA:21,0
DA:37,0
DA:38,0
DA:39,0
DA:54,0
LF:13
LH:0
BRDA:20,0,0,0
BRDA:20,0,1,0
BRDA:37,1,0,0
BRDA:37,1,1,0
BRDA:38,2,0,0
BRDA:38,2,1,0
BRDA:38,3,0,0
BRDA:38,3,1,0
BRF:8
BRH:0
end_of_record
TN:
SF:src/service/domain/analytics/calculations/recommendationService/methods/generateRecommendations.ts
FN:10,(anonymous_0)
FN:36,(anonymous_1)
FNF:2
FNH:0
FNDA:0,(anonymous_0)
FNDA:0,(anonymous_1)
DA:3,0
DA:4,0
DA:5,0
DA:6,0
DA:7,0
DA:10,0
DA:19,0
DA:20,0
DA:21,0
DA:22,0
DA:23,0
DA:26,0
DA:35,0
DA:36,0
DA:37,0
DA:41,0
DA:42,0
LF:17
LH:0
BRDA:15,0,0,0
BRF:1
BRH:0
end_of_record
TN:
SF:src/service/domain/analytics/reporting/recentActivityService/core/activityFactory.ts
FN:15,(anonymous_0)
FN:18,(anonymous_1)
FN:37,(anonymous_2)
FN:59,(anonymous_3)
FNF:4
FNH:0
FNDA:0,(anonymous_0)
FNDA:0,(anonymous_1)
FNDA:0,(anonymous_2)
FNDA:0,(anonymous_3)
DA:12,0
DA:15,0
DA:16,0
DA:18,0
DA:22,0
DA:23,0
DA:25,0
DA:37,0
DA:42,0
DA:45,0
DA:47,0
DA:59,0
DA:67,0
DA:69,0
DA:83,0
LF:15
LH:0
BRDA:42,0,0,0
BRDA:42,0,1,0
BRDA:48,1,0,0
BRDA:48,1,1,0
BRDA:65,2,0,0
BRDA:70,3,0,0
BRDA:70,3,1,0
BRF:7
BRH:0
end_of_record
TN:
SF:src/service/domain/analytics/reporting/recentActivityService/core/config.ts
FN:15,(anonymous_0)
FN:27,(anonymous_1)
FNF:2
FNH:0
FNDA:0,(anonymous_0)
FNDA:0,(anonymous_1)
DA:5,0
DA:15,0
DA:16,0
DA:27,0
DA:28,0
DA:30,0
DA:40,0
DA:50,0
LF:8
LH:0
BRDA:27,0,0,0
BRDA:28,1,0,0
BRDA:28,1,1,0
BRDA:28,1,2,0
BRF:4
BRH:0
end_of_record
TN:
SF:src/service/domain/analytics/reporting/recentActivityService/core/sharedManager.ts
FNF:0
FNH:0
DA:1,0
DA:2,0
DA:5,0
LF:3
LH:0
BRF:0
BRH:0
end_of_record
TN:
SF:src/service/domain/analytics/reporting/recentActivityService/managers/activityManager.ts
FN:8,(anonymous_1)
FN:12,(anonymous_2)
FN:18,(anonymous_3)
FN:44,(anonymous_4)
FN:59,(anonymous_5)
FN:75,(anonymous_6)
FN:79,(anonymous_7)
FN:89,(anonymous_8)
FNF:8
FNH:0
FNDA:0,(anonymous_1)
FNDA:0,(anonymous_2)
FNDA:0,(anonymous_3)
FNDA:0,(anonymous_4)
FNDA:0,(anonymous_5)
FNDA:0,(anonymous_6)
FNDA:0,(anonymous_7)
FNDA:0,(anonymous_8)
DA:3,0
DA:4,0
DA:5,0
DA:8,0
DA:9,0
DA:10,0
DA:12,0
DA:13,0
DA:14,0
DA:17,0
DA:18,0
DA:19,0
DA:21,0
DA:22,0
DA:26,0
DA:27,0
DA:31,0
DA:36,0
DA:37,0
DA:38,0
DA:40,0
DA:44,0
DA:45,0
DA:46,0
DA:47,0
DA:48,0
DA:51,0
DA:52,0
DA:54,0
DA:55,0
DA:59,0
DA:60,0
DA:61,0
DA:62,0
DA:65,0
DA:66,0
DA:67,0
DA:69,0
DA:71,0
DA:75,0
DA:76,0
DA:79,0
DA:85,0
DA:86,0
DA:89,0
DA:90,0
DA:91,0
DA:92,0
DA:95,0
DA:99,0
DA:100,0
DA:102,0
DA:103,0
DA:105,0
DA:109,0
LF:55
LH:0
BRDA:17,0,0,0
BRDA:17,0,1,0
BRDA:17,1,0,0
BRDA:17,1,1,0
BRDA:19,2,0,0
BRDA:19,2,1,0
BRDA:21,3,0,0
BRDA:21,3,1,0
BRDA:21,4,0,0
BRDA:21,4,1,0
BRDA:22,5,0,0
BRDA:22,5,1,0
BRDA:26,6,0,0
BRDA:26,6,1,0
BRDA:26,7,0,0
BRDA:26,7,1,0
BRDA:27,8,0,0
BRDA:27,8,1,0
BRDA:46,9,0,0
BRDA:46,9,1,0
BRDA:48,10,0,0
BRDA:48,10,1,0
BRDA:52,11,0,0
BRDA:52,11,1,0
BRDA:61,12,0,0
BRDA:61,12,1,0
BRDA:69,13,0,0
BRDA:69,13,1,0
BRDA:75,14,0,0
BRDA:90,15,0,0
BRDA:90,15,1,0
BRDA:92,16,0,0
BRDA:92,16,1,0
BRF:33
BRH:0
end_of_record
TN:
SF:src/service/domain/analytics/reporting/recentActivityService/managers/storageManager.ts
FN:6,(anonymous_1)
FN:7,(anonymous_2)
FN:24,(anonymous_3)
FN:31,(anonymous_4)
FN:38,(anonymous_5)
FN:42,(anonymous_6)
FN:52,(anonymous_7)
FN:62,(anonymous_8)
FN:65,(anonymous_9)
FN:77,(anonymous_10)
FNF:10
FNH:0
FNDA:0,(anonymous_1)
FNDA:0,(anonymous_2)
FNDA:0,(anonymous_3)
FNDA:0,(anonymous_4)
FNDA:0,(anonymous_5)
FNDA:0,(anonymous_6)
FNDA:0,(anonymous_7)
FNDA:0,(anonymous_8)
FNDA:0,(anonymous_9)
FNDA:0,(anonymous_10)
DA:3,0
DA:6,0
DA:7,0
DA:8,0
DA:10,0
DA:12,0
DA:18,0
DA:20,0
DA:24,0
DA:25,0
DA:26,0
DA:27,0
DA:28,0
DA:30,0
DA:31,0
DA:33,0
DA:34,0
DA:38,0
DA:39,0
DA:40,0
DA:41,0
DA:42,0
DA:45,0
DA:46,0
DA:48,0
DA:52,0
DA:53,0
DA:54,0
DA:55,0
DA:56,0
DA:58,0
DA:62,0
DA:63,0
DA:65,0
DA:66,0
DA:67,0
DA:68,0
DA:69,0
DA:70,0
DA:73,0
DA:77,0
DA:80,0
LF:42
LH:0
BRDA:8,0,0,0
BRDA:8,0,1,0
BRDA:8,0,2,0
BRDA:8,0,3,0
BRDA:8,0,4,0
BRDA:8,0,5,0
BRDA:8,0,6,0
BRDA:8,0,7,0
BRDA:28,1,0,0
BRDA:28,1,1,0
BRDA:68,2,0,0
BRDA:68,2,1,0
BRF:12
BRH:0
end_of_record
TN:
SF:src/service/domain/analytics/reporting/recentActivityService/methods/addAnalyticsActivity.ts
FN:5,(anonymous_1)
FNF:1
FNH:0
FNDA:0,(anonymous_1)
DA:2,0
DA:3,0
DA:5,0
DA:9,0
DA:10,0
DA:11,0
LF:6
LH:0
BRF:0
BRH:0
end_of_record
TN:
SF:src/service/domain/analytics/reporting/recentActivityService/methods/addPortfolioActivity.ts
FN:5,(anonymous_1)
FNF:1
FNH:0
FNDA:0,(anonymous_1)
DA:2,0
DA:3,0
DA:5,0
DA:9,0
DA:10,0
DA:12,0
DA:13,0
LF:7
LH:0
BRDA:12,0,0,0
BRDA:12,0,1,0
BRF:2
BRH:0
end_of_record
TN:
SF:src/service/domain/analytics/reporting/recentActivityService/methods/addTransactionActivity.ts
FN:5,(anonymous_1)
FNF:1
FNH:0
FNDA:0,(anonymous_1)
DA:2,0
DA:3,0
DA:5,0
DA:13,0
DA:16,0
DA:17,0
LF:6
LH:0
BRF:0
BRH:0
end_of_record
TN:
SF:src/service/domain/analytics/reporting/recentActivityService/methods/clearActivities.ts
FN:4,(anonymous_0)
FNF:1
FNH:0
FNDA:0,(anonymous_0)
DA:2,0
DA:4,0
DA:5,0
LF:3
LH:0
BRF:0
BRH:0
end_of_record
TN:
SF:src/service/domain/analytics/reporting/recentActivityService/methods/getActivitiesByType.ts
FN:4,(anonymous_0)
FNF:1
FNH:0
FNDA:0,(anonymous_0)
DA:2,0
DA:4,0
DA:5,0
LF:3
LH:0
BRF:0
BRH:0
end_of_record
TN:
SF:src/service/domain/analytics/reporting/recentActivityService/methods/getRecentActivities.ts
FN:4,(anonymous_0)
FNF:1
FNH:0
FNDA:0,(anonymous_0)
DA:2,0
DA:4,0
DA:5,0
LF:3
LH:0
BRDA:4,0,0,0
BRF:1
BRH:0
end_of_record
TN:
SF:src/service/domain/analytics/reporting/recentActivityService/methods/replaceAnalyticsActivity.ts
FN:5,(anonymous_1)
FNF:1
FNH:0
FNDA:0,(anonymous_1)
DA:2,0
DA:3,0
DA:5,0
DA:11,0
DA:12,0
LF:5
LH:0
BRF:0
BRH:0
end_of_record
TN:
SF:src/service/domain/analytics/reporting/recentActivityService/resolvers/iconResolver.ts
FN:5,(anonymous_0)
FN:6,(anonymous_1)
FN:31,(anonymous_2)
FN:56,(anonymous_3)
FNF:4
FNH:0
FNDA:0,(anonymous_0)
FNDA:0,(anonymous_1)
FNDA:0,(anonymous_2)
FNDA:0,(anonymous_3)
DA:5,0
DA:6,0
DA:7,0
DA:28,0
DA:31,0
DA:32,0
DA:52,0
DA:53,0
DA:56,0
DA:57,0
DA:65,0
DA:68,0
LF:12
LH:0
BRDA:28,0,0,0
BRDA:28,0,1,0
BRDA:52,1,0,0
BRDA:52,1,1,0
BRDA:53,2,0,0
BRDA:53,2,1,0
BRDA:65,3,0,0
BRDA:65,3,1,0
BRF:8
BRH:0
end_of_record
TN:
SF:src/service/domain/assets/calculations/assetCalculatorStoreService.ts
FN:13,(anonymous_1)
FN:19,(anonymous_2)
FN:50,(anonymous_3)
FN:53,(anonymous_4)
FNF:4
FNH:0
FNDA:0,(anonymous_1)
FNDA:0,(anonymous_2)
FNDA:0,(anonymous_3)
FNDA:0,(anonymous_4)
DA:2,0
DA:3,0
DA:4,0
DA:5,0
DA:12,0
DA:13,0
DA:20,0
DA:24,0
DA:25,0
DA:32,0
DA:37,0
DA:38,0
DA:40,0
DA:44,0
DA:51,0
DA:53,0
DA:54,0
DA:59,0
LF:18
LH:0
BRDA:24,0,0,0
BRDA:24,0,1,0
BRDA:24,1,0,0
BRDA:24,1,1,0
BRDA:37,2,0,0
BRDA:37,2,1,0
BRF:6
BRH:0
end_of_record
TN:
SF:src/service/domain/assets/calculations/assetCalculatorService/methods/calculateAllocations.ts
FN:19,(anonymous_0)
FN:9,(anonymous_1)
FN:11,(anonymous_2)
FNF:3
FNH:0
FNDA:0,(anonymous_0)
FNDA:0,(anonymous_1)
FNDA:0,(anonymous_2)
DA:5,0
DA:6,0
DA:7,0
DA:9,0
DA:11,0
DA:12,0
DA:13,0
DA:16,0
DA:19,0
LF:9
LH:0
BRF:0
BRH:0
end_of_record
TN:
SF:src/service/domain/assets/calculations/assetCalculatorService/methods/calculateAssetIncome.ts
FN:7,(anonymous_0)
FN:8,(anonymous_1)
FN:9,(anonymous_2)
FN:10,(anonymous_3)
FN:15,(anonymous_4)
FN:16,(anonymous_5)
FN:17,(anonymous_6)
FN:21,(anonymous_7)
FNF:8
FNH:0
FNDA:0,(anonymous_0)
FNDA:0,(anonymous_1)
FNDA:0,(anonymous_2)
FNDA:0,(anonymous_3)
FNDA:0,(anonymous_4)
FNDA:0,(anonymous_5)
FNDA:0,(anonymous_6)
FNDA:0,(anonymous_7)
DA:6,0
DA:7,0
DA:8,0
DA:9,0
DA:10,0
DA:14,0
DA:15,0
DA:16,0
DA:17,0
DA:21,0
LF:10
LH:0
BRF:0
BRH:0
end_of_record
TN:
SF:src/service/domain/assets/calculations/assetCalculatorService/methods/calculateAssetIncomeCache.ts
FN:7,(anonymous_1)
FNF:1
FNH:0
FNDA:0,(anonymous_1)
DA:2,0
DA:3,0
DA:4,0
DA:7,0
DA:12,0
DA:13,0
DA:14,0
DA:18,0
DA:20,0
DA:21,0
DA:22,0
DA:25,0
DA:26,0
LF:13
LH:0
BRDA:13,0,0,0
BRDA:13,0,1,0
BRDA:22,1,0,0
BRDA:22,1,1,0
BRF:4
BRH:0
end_of_record
TN:
SF:src/service/domain/assets/calculations/assetCalculatorService/methods/calculateAssetIncomeCore.ts
FN:8,(anonymous_1)
FN:40,(anonymous_2)
FN:61,(anonymous_3)
FN:88,(anonymous_4)
FNF:4
FNH:0
FNDA:0,(anonymous_1)
FNDA:0,(anonymous_2)
FNDA:0,(anonymous_3)
FNDA:0,(anonymous_4)
DA:2,0
DA:3,0
DA:4,0
DA:5,0
DA:8,0
DA:9,0
DA:10,0
DA:12,0
DA:14,0
DA:16,0
DA:17,0
DA:20,0
DA:23,0
DA:24,0
DA:31,0
DA:36,0
DA:40,0
DA:41,0
DA:42,0
DA:44,0
DA:45,0
DA:46,0
DA:47,0
DA:54,0
DA:57,0
DA:61,0
DA:62,0
DA:63,0
DA:66,0
DA:68,0
DA:69,0
DA:70,0
DA:73,0
DA:74,0
DA:77,0
DA:79,0
DA:84,0
DA:88,0
DA:90,0
DA:91,0
DA:92,0
DA:95,0
DA:99,0
DA:100,0
DA:107,0
DA:109,0
DA:110,0
DA:114,0
DA:117,0
DA:123,0
DA:127,0
DA:131,0
DA:135,0
LF:53
LH:0
BRDA:9,0,0,0
BRDA:9,0,1,0
BRDA:12,1,0,0
BRDA:12,1,1,0
BRDA:16,2,0,0
BRDA:16,2,1,0
BRDA:31,3,0,0
BRDA:31,3,1,0
BRDA:41,4,0,0
BRDA:41,4,1,0
BRDA:41,5,0,0
BRDA:41,5,1,0
BRDA:44,6,0,0
BRDA:44,6,1,0
BRDA:44,7,0,0
BRDA:44,7,1,0
BRDA:54,8,0,0
BRDA:54,8,1,0
BRDA:62,9,0,0
BRDA:62,9,1,0
BRDA:68,10,0,0
BRDA:68,10,1,0
BRDA:73,11,0,0
BRDA:73,11,1,0
BRDA:77,12,0,0
BRDA:77,12,1,0
BRDA:91,13,0,0
BRDA:91,13,1,0
BRDA:95,14,0,0
BRDA:95,14,1,0
BRDA:109,15,0,0
BRDA:109,15,1,0
BRF:32
BRH:0
end_of_record
TN:
SF:src/service/domain/assets/calculations/assetCalculatorService/methods/calculateAssetIncomeMonthly.ts
FN:11,(anonymous_1)
FN:39,(anonymous_2)
FN:56,(anonymous_3)
FN:79,(anonymous_4)
FN:109,(anonymous_5)
FN:133,(anonymous_6)
FNF:6
FNH:0
FNDA:0,(anonymous_1)
FNDA:0,(anonymous_2)
FNDA:0,(anonymous_3)
FNDA:0,(anonymous_4)
FNDA:0,(anonymous_5)
FNDA:0,(anonymous_6)
DA:2,0
DA:3,0
DA:6,0
DA:7,0
DA:8,0
DA:11,0
DA:12,0
DA:13,0
DA:15,0
DA:17,0
DA:19,0
DA:20,0
DA:21,0
DA:24,0
DA:29,0
DA:32,0
DA:35,0
DA:39,0
DA:40,0
DA:41,0
DA:43,0
DA:44,0
DA:45,0
DA:46,0
DA:49,0
DA:52,0
DA:56,0
DA:57,0
DA:58,0
DA:61,0
DA:63,0
DA:64,0
DA:65,0
DA:68,0
DA:69,0
DA:72,0
DA:75,0
DA:79,0
DA:84,0
DA:85,0
DA:86,0
DA:87,0
DA:88,0
DA:91,0
DA:92,0
DA:98,0
DA:102,0
DA:105,0
DA:109,0
DA:110,0
DA:112,0
DA:113,0
DA:114,0
DA:117,0
DA:119,0
DA:120,0
DA:121,0
DA:123,0
DA:128,0
DA:129,0
DA:133,0
DA:137,0
DA:138,0
DA:139,0
DA:142,0
DA:143,0
DA:144,0
DA:147,0
DA:149,0
DA:153,0
DA:154,0
DA:155,0
DA:157,0
DA:162,0
DA:165,0
LF:75
LH:0
BRDA:12,0,0,0
BRDA:12,0,1,0
BRDA:15,1,0,0
BRDA:15,1,1,0
BRDA:19,2,0,0
BRDA:19,2,1,0
BRDA:32,3,0,0
BRDA:32,3,1,0
BRDA:40,4,0,0
BRDA:40,4,1,0
BRDA:40,5,0,0
BRDA:40,5,1,0
BRDA:43,6,0,0
BRDA:43,6,1,0
BRDA:43,7,0,0
BRDA:43,7,1,0
BRDA:49,8,0,0
BRDA:49,8,1,0
BRDA:57,9,0,0
BRDA:57,9,1,0
BRDA:63,10,0,0
BRDA:63,10,1,0
BRDA:68,11,0,0
BRDA:68,11,1,0
BRDA:72,12,0,0
BRDA:72,12,1,0
BRDA:85,13,0,0
BRDA:85,13,1,0
BRDA:86,14,0,0
BRDA:86,14,1,0
BRDA:112,15,0,0
BRDA:112,15,1,0
BRDA:121,16,0,0
BRDA:121,16,1,0
BRDA:129,17,0,0
BRDA:129,17,1,0
BRDA:137,18,0,0
BRDA:137,18,1,0
BRDA:142,19,0,0
BRDA:142,19,1,0
BRDA:142,20,0,0
BRDA:142,20,1,0
BRDA:142,20,2,0
BRDA:155,21,0,0
BRDA:155,21,1,0
BRDA:165,22,0,0
BRDA:165,22,1,0
BRF:47
BRH:0
end_of_record
TN:
SF:src/service/domain/assets/calculations/assetCalculatorService/methods/calculateAssetIncomeWithCache.ts
FN:2,(anonymous_0)
FNF:1
FNH:0
FNDA:0,(anonymous_0)
DA:2,0
LF:1
LH:0
BRF:0
BRH:0
end_of_record
TN:
SF:src/service/domain/assets/market-data/dividendAPIService/methods/dividendApiServiceObject.ts
FN:5,fetchDividends
FNF:1
FNH:0
FNDA:0,fetchDividends
DA:1,0
DA:3,0
DA:5,0
DA:9,0
DA:11,0
DA:12,0
DA:13,0
DA:14,0
DA:15,0
LF:9
LH:0
BRDA:11,0,0,0
BRDA:11,0,1,0
BRDA:12,1,0,0
BRDA:12,1,1,0
BRDA:14,2,0,0
BRDA:14,2,1,0
BRF:6
BRH:0
end_of_record
TN:
SF:src/service/domain/assets/market-data/dividendAPIService/methods/dividendProviders.ts
FN:8,(anonymous_0)
FN:12,(anonymous_1)
FNF:2
FNH:0
FNDA:0,(anonymous_0)
FNDA:0,(anonymous_1)
DA:2,0
DA:3,0
DA:7,0
DA:9,0
DA:10,0
DA:13,0
DA:14,0
DA:15,0
LF:8
LH:0
BRDA:13,0,0,0
BRDA:13,0,1,0
BRF:2
BRH:0
end_of_record
TN:
SF:src/service/domain/assets/market-data/dividendAPIService/providers/finnhub/fetchDividendsFinnhub.ts
FN:6,fetchDividendsFinnhub
FN:24,(anonymous_2)
FN:25,(anonymous_3)
FN:27,(anonymous_4)
FNF:4
FNH:0
FNDA:0,fetchDividendsFinnhub
FNDA:0,(anonymous_2)
FNDA:0,(anonymous_3)
FNDA:0,(anonymous_4)
DA:1,0
DA:2,0
DA:4,0
DA:6,0
DA:8,0
DA:9,0
DA:10,0
DA:17,0
DA:18,0
DA:21,0
DA:23,0
DA:24,0
DA:25,0
DA:26,0
DA:27,0
DA:32,0
LF:16
LH:0
BRDA:17,0,0,0
BRDA:17,0,1,0
BRDA:21,1,0,0
BRDA:21,1,1,0
BRDA:24,2,0,0
BRDA:24,2,1,0
BRF:6
BRH:0
end_of_record
TN:
SF:src/service/domain/assets/market-data/dividendAPIService/providers/yahoo/fetchDividendsYahoo.ts
FN:6,fetchDividendsYahoo
FN:38,(anonymous_2)
FN:43,(anonymous_3)
FNF:3
FNH:0
FNDA:0,fetchDividendsYahoo
FNDA:0,(anonymous_2)
FNDA:0,(anonymous_3)
DA:1,0
DA:2,0
DA:4,0
DA:6,0
DA:7,0
DA:8,0
DA:9,0
DA:10,0
DA:11,0
DA:12,0
DA:14,0
DA:15,0
DA:23,0
DA:24,0
DA:26,0
DA:27,0
DA:28,0
DA:31,0
DA:33,0
DA:34,0
DA:35,0
DA:38,0
DA:40,0
DA:43,0
DA:48,0
LF:25
LH:0
BRDA:7,0,0,0
BRDA:7,0,1,0
BRDA:8,1,0,0
BRDA:8,1,1,0
BRDA:27,2,0,0
BRDA:27,2,1,0
BRDA:34,3,0,0
BRDA:34,3,1,0
BRDA:38,4,0,0
BRDA:38,4,1,0
BRDA:38,5,0,0
BRDA:38,5,1,0
BRDA:46,6,0,0
BRDA:46,6,1,0
BRF:14
BRH:0
end_of_record
TN:
SF:src/service/domain/assets/market-data/dividendAPIService/utils/detectDividendFrequency.ts
FN:4,detectDividendFrequency
FN:7,(anonymous_1)
FN:9,(anonymous_2)
FN:10,(anonymous_3)
FN:11,(anonymous_4)
FN:13,(anonymous_5)
FNF:6
FNH:0
FNDA:0,detectDividendFrequency
FNDA:0,(anonymous_1)
FNDA:0,(anonymous_2)
FNDA:0,(anonymous_3)
FNDA:0,(anonymous_4)
FNDA:0,(anonymous_5)
DA:4,0
DA:5,0
DA:6,0
DA:7,0
DA:9,0
DA:10,0
DA:11,0
DA:12,0
DA:13,0
DA:14,0
DA:15,0
DA:16,0
DA:17,0
LF:13
LH:0
BRDA:5,0,0,0
BRDA:5,0,1,0
BRDA:5,1,0,0
BRDA:5,1,1,0
BRDA:10,2,0,0
BRDA:10,2,1,0
BRDA:10,3,0,0
BRDA:10,3,1,0
BRDA:10,3,2,0
BRDA:12,4,0,0
BRDA:12,4,1,0
BRDA:15,5,0,0
BRDA:15,5,1,0
BRDA:16,6,0,0
BRDA:16,6,1,0
BRF:15
BRH:0
end_of_record
TN:
SF:src/service/domain/assets/market-data/stockAPIService/methods/getAvailableProviders.ts
FN:9,(anonymous_0)
FNF:1
FNH:0
FNDA:0,(anonymous_0)
DA:1,0
DA:9,0
DA:18,0
LF:3
LH:0
BRF:0
BRH:0
end_of_record
TN:
SF:src/service/domain/assets/market-data/stockAPIService/methods/getCurrentStockPrice.ts
FN:13,getCurrentStockPrice
FNF:1
FNH:0
FNDA:0,getCurrentStockPrice
DA:2,0
DA:3,0
DA:4,0
DA:5,0
DA:6,0
DA:7,0
DA:8,0
DA:9,0
DA:10,0
DA:11,0
DA:13,0
DA:14,0
DA:16,0
DA:18,0
DA:19,0
DA:20,0
DA:21,0
DA:24,0
DA:25,0
DA:28,0
DA:29,0
DA:30,0
DA:31,0
DA:34,0
DA:35,0
DA:36,0
DA:37,0
DA:40,0
DA:41,0
DA:42,0
DA:43,0
DA:46,0
DA:47,0
DA:48,0
DA:49,0
DA:52,0
DA:53,0
DA:54,0
DA:55,0
DA:58,0
DA:59,0
DA:60,0
DA:61,0
DA:64,0
LF:44
LH:0
BRDA:16,0,0,0
BRDA:16,0,1,0
BRDA:16,0,2,0
BRDA:16,0,3,0
BRDA:16,0,4,0
BRDA:16,0,5,0
BRDA:16,0,6,0
BRDA:16,0,7,0
BRDA:16,0,8,0
BRDA:19,1,0,0
BRDA:19,1,1,0
BRDA:29,2,0,0
BRDA:29,2,1,0
BRDA:35,3,0,0
BRDA:35,3,1,0
BRDA:41,4,0,0
BRDA:41,4,1,0
BRDA:47,5,0,0
BRDA:47,5,1,0
BRDA:53,6,0,0
BRDA:53,6,1,0
BRDA:59,7,0,0
BRDA:59,7,1,0
BRF:23
BRH:0
end_of_record
TN:
SF:src/service/domain/assets/market-data/stockAPIService/methods/getHistory.ts
FN:13,getHistory
FNF:1
FNH:0
FNDA:0,getHistory
DA:2,0
DA:3,0
DA:4,0
DA:5,0
DA:6,0
DA:7,0
DA:8,0
DA:9,0
DA:10,0
DA:11,0
DA:13,0
DA:14,0
DA:16,0
DA:18,0
DA:19,0
DA:20,0
DA:21,0
DA:24,0
DA:25,0
DA:28,0
DA:29,0
DA:30,0
DA:31,0
DA:34,0
DA:35,0
DA:36,0
DA:37,0
DA:40,0
DA:41,0
DA:42,0
DA:43,0
DA:46,0
DA:47,0
DA:48,0
DA:49,0
DA:52,0
DA:53,0
DA:54,0
DA:55,0
DA:58,0
DA:59,0
DA:60,0
DA:61,0
DA:64,0
LF:44
LH:0
BRDA:16,0,0,0
BRDA:16,0,1,0
BRDA:16,0,2,0
BRDA:16,0,3,0
BRDA:16,0,4,0
BRDA:16,0,5,0
BRDA:16,0,6,0
BRDA:16,0,7,0
BRDA:16,0,8,0
BRDA:19,1,0,0
BRDA:19,1,1,0
BRDA:29,2,0,0
BRDA:29,2,1,0
BRDA:35,3,0,0
BRDA:35,3,1,0
BRDA:41,4,0,0
BRDA:41,4,1,0
BRDA:47,5,0,0
BRDA:47,5,1,0
BRDA:53,6,0,0
BRDA:53,6,1,0
BRDA:59,7,0,0
BRDA:59,7,1,0
BRF:23
BRH:0
end_of_record
TN:
SF:src/service/domain/assets/market-data/stockAPIService/methods/getHistory30Days.ts
FN:13,getHistory30Days
FNF:1
FNH:0
FNDA:0,getHistory30Days
DA:2,0
DA:3,0
DA:4,0
DA:5,0
DA:6,0
DA:7,0
DA:8,0
DA:9,0
DA:10,0
DA:11,0
DA:13,0
DA:14,0
DA:16,0
DA:18,0
DA:19,0
DA:20,0
DA:21,0
DA:24,0
DA:25,0
DA:28,0
DA:29,0
DA:30,0
DA:31,0
DA:34,0
DA:35,0
DA:36,0
DA:37,0
DA:40,0
DA:41,0
DA:42,0
DA:43,0
DA:46,0
DA:47,0
DA:48,0
DA:49,0
DA:52,0
DA:53,0
DA:54,0
DA:55,0
DA:58,0
DA:59,0
DA:60,0
DA:61,0
DA:64,0
LF:44
LH:0
BRDA:16,0,0,0
BRDA:16,0,1,0
BRDA:16,0,2,0
BRDA:16,0,3,0
BRDA:16,0,4,0
BRDA:16,0,5,0
BRDA:16,0,6,0
BRDA:16,0,7,0
BRDA:16,0,8,0
BRDA:19,1,0,0
BRDA:19,1,1,0
BRDA:29,2,0,0
BRDA:29,2,1,0
BRDA:35,3,0,0
BRDA:35,3,1,0
BRDA:41,4,0,0
BRDA:41,4,1,0
BRDA:47,5,0,0
BRDA:47,5,1,0
BRDA:53,6,0,0
BRDA:53,6,1,0
BRDA:59,7,0,0
BRDA:59,7,1,0
BRF:23
BRH:0
end_of_record
TN:
SF:src/service/domain/assets/market-data/stockAPIService/methods/getIntradayHistory.ts
FN:13,getIntradayHistory
FNF:1
FNH:0
FNDA:0,getIntradayHistory
DA:2,0
DA:3,0
DA:4,0
DA:5,0
DA:6,0
DA:7,0
DA:8,0
DA:9,0
DA:10,0
DA:11,0
DA:13,0
DA:14,0
DA:16,0
DA:18,0
DA:19,0
DA:20,0
DA:21,0
DA:24,0
DA:25,0
DA:28,0
DA:29,0
DA:30,0
DA:31,0
DA:34,0
DA:35,0
DA:36,0
DA:37,0
DA:40,0
DA:41,0
DA:42,0
DA:43,0
DA:46,0
DA:47,0
DA:48,0
DA:49,0
DA:52,0
DA:53,0
DA:54,0
DA:55,0
DA:58,0
DA:59,0
DA:60,0
DA:61,0
DA:64,0
LF:44
LH:0
BRDA:13,0,0,0
BRDA:16,1,0,0
BRDA:16,1,1,0
BRDA:16,1,2,0
BRDA:16,1,3,0
BRDA:16,1,4,0
BRDA:16,1,5,0
BRDA:16,1,6,0
BRDA:16,1,7,0
BRDA:16,1,8,0
BRDA:19,2,0,0
BRDA:19,2,1,0
BRDA:29,3,0,0
BRDA:29,3,1,0
BRDA:35,4,0,0
BRDA:35,4,1,0
BRDA:41,5,0,0
BRDA:41,5,1,0
BRDA:47,6,0,0
BRDA:47,6,1,0
BRDA:53,7,0,0
BRDA:53,7,1,0
BRDA:59,8,0,0
BRDA:59,8,1,0
BRF:24
BRH:0
end_of_record
TN:
SF:src/service/domain/assets/market-data/stockAPIService/providers/AlphaVantageAPIService.ts
FN:17,(anonymous_1)
FN:45,(anonymous_2)
FN:59,(anonymous_3)
FN:71,(anonymous_4)
FN:72,(anonymous_5)
FN:86,(anonymous_6)
FN:98,(anonymous_7)
FN:110,(anonymous_8)
FN:111,(anonymous_9)
FNF:9
FNH:0
FNDA:0,(anonymous_1)
FNDA:0,(anonymous_2)
FNDA:0,(anonymous_3)
FNDA:0,(anonymous_4)
FNDA:0,(anonymous_5)
FNDA:0,(anonymous_6)
FNDA:0,(anonymous_7)
FNDA:0,(anonymous_8)
FNDA:0,(anonymous_9)
DA:1,0
DA:7,0
DA:13,0
DA:14,0
DA:15,0
DA:18,0
DA:19,0
DA:21,0
DA:22,0
DA:23,0
DA:26,0
DA:27,0
DA:28,0
DA:31,0
DA:40,0
DA:41,0
DA:46,0
DA:48,0
DA:49,0
DA:50,0
DA:52,0
DA:53,0
DA:54,0
DA:56,0
DA:57,0
DA:59,0
DA:71,0
DA:72,0
DA:74,0
DA:81,0
DA:82,0
DA:87,0
DA:89,0
DA:91,0
DA:92,0
DA:93,0
DA:95,0
DA:96,0
DA:98,0
DA:110,0
DA:111,0
DA:114,0
DA:115,0
DA:118,0
DA:125,0
DA:126,0
LF:46
LH:0
BRDA:27,0,0,0
BRDA:27,0,1,0
BRDA:32,1,0,0
BRDA:32,1,1,0
BRDA:36,2,0,0
BRDA:36,2,1,0
BRDA:37,3,0,0
BRDA:37,3,1,0
BRDA:45,4,0,0
BRDA:49,5,0,0
BRDA:49,5,1,0
BRDA:57,6,0,0
BRDA:57,6,1,0
BRDA:71,7,0,0
BRDA:71,7,1,0
BRDA:72,8,0,0
BRDA:72,8,1,0
BRDA:72,9,0,0
BRDA:72,9,1,0
BRDA:96,10,0,0
BRDA:96,10,1,0
BRDA:110,11,0,0
BRDA:110,11,1,0
BRDA:111,12,0,0
BRDA:111,12,1,0
BRDA:111,13,0,0
BRDA:111,13,1,0
BRDA:114,14,0,0
BRDA:114,14,1,0
BRF:29
BRH:0
end_of_record
TN:
SF:src/service/domain/assets/market-data/stockAPIService/providers/BaseStockAPIService.ts
FN:18,(anonymous_1)
FN:26,(anonymous_2)
FN:40,(anonymous_3)
FN:59,(anonymous_4)
FN:77,(anonymous_5)
FN:84,(anonymous_6)
FN:91,(anonymous_7)
FNF:7
FNH:0
FNDA:0,(anonymous_1)
FNDA:0,(anonymous_2)
FNDA:0,(anonymous_3)
FNDA:0,(anonymous_4)
FNDA:0,(anonymous_5)
FNDA:0,(anonymous_6)
FNDA:0,(anonymous_7)
DA:6,0
DA:7,0
DA:13,0
DA:19,0
DA:20,0
DA:27,0
DA:28,0
DA:30,0
DA:31,0
DA:33,0
DA:41,0
DA:42,0
DA:44,0
DA:45,0
DA:48,0
DA:50,0
DA:51,0
DA:61,0
DA:62,0
DA:65,0
DA:66,0
DA:69,0
DA:70,0
DA:78,0
DA:85,0
DA:92,0
LF:26
LH:0
BRDA:18,0,0,0
BRDA:44,1,0,0
BRDA:44,1,1,0
BRDA:61,2,0,0
BRDA:61,2,1,0
BRDA:65,3,0,0
BRDA:65,3,1,0
BRDA:65,4,0,0
BRDA:65,4,1,0
BRDA:69,5,0,0
BRDA:69,5,1,0
BRDA:69,6,0,0
BRDA:69,6,1,0
BRDA:69,6,2,0
BRDA:70,7,0,0
BRDA:70,7,1,0
BRF:16
BRH:0
end_of_record
TN:
SF:src/service/domain/assets/market-data/stockAPIService/providers/EODHistoricalDataAPIService.ts
FN:18,(anonymous_1)
FN:42,(anonymous_2)
FN:58,(anonymous_3)
FN:81,(anonymous_4)
FN:98,(anonymous_5)
FNF:5
FNH:0
FNDA:0,(anonymous_1)
FNDA:0,(anonymous_2)
FNDA:0,(anonymous_3)
FNDA:0,(anonymous_4)
FNDA:0,(anonymous_5)
DA:1,0
DA:7,0
DA:14,0
DA:15,0
DA:16,0
DA:19,0
DA:21,0
DA:23,0
DA:24,0
DA:26,0
DA:28,0
DA:37,0
DA:38,0
DA:43,0
DA:45,0
DA:46,0
DA:48,0
DA:49,0
DA:51,0
DA:53,0
DA:54,0
DA:58,0
DA:69,0
DA:76,0
DA:77,0
DA:82,0
DA:84,0
DA:85,0
DA:88,0
DA:89,0
DA:91,0
DA:93,0
DA:94,0
DA:98,0
DA:109,0
DA:116,0
DA:117,0
LF:37
LH:0
BRDA:29,0,0,0
BRDA:29,0,1,0
BRDA:32,1,0,0
BRDA:32,1,1,0
BRDA:33,2,0,0
BRDA:33,2,1,0
BRDA:34,3,0,0
BRDA:34,3,1,0
BRDA:53,4,0,0
BRDA:53,4,1,0
BRDA:64,5,0,0
BRDA:64,5,1,0
BRDA:81,6,0,0
BRDA:93,7,0,0
BRDA:93,7,1,0
BRDA:104,8,0,0
BRDA:104,8,1,0
BRF:17
BRH:0
end_of_record
TN:
SF:src/service/domain/assets/market-data/stockAPIService/providers/FinnhubAPIService.ts
FN:45,(anonymous_1)
FN:52,(anonymous_2)
FN:67,(anonymous_3)
FN:89,(anonymous_4)
FN:96,(anonymous_5)
FN:103,(anonymous_6)
FN:135,(anonymous_7)
FN:205,(anonymous_8)
FNF:8
FNH:0
FNDA:0,(anonymous_1)
FNDA:0,(anonymous_2)
FNDA:0,(anonymous_3)
FNDA:0,(anonymous_4)
FNDA:0,(anonymous_5)
FNDA:0,(anonymous_6)
FNDA:0,(anonymous_7)
FNDA:0,(anonymous_8)
DA:1,0
DA:7,0
DA:8,0
DA:10,0
DA:38,0
DA:39,0
DA:40,0
DA:46,0
DA:49,0
DA:52,0
DA:53,0
DA:56,0
DA:57,0
DA:59,0
DA:60,0
DA:68,0
DA:69,0
DA:70,0
DA:71,0
DA:75,0
DA:76,0
DA:78,0
DA:79,0
DA:81,0
DA:82,0
DA:90,0
DA:97,0
DA:104,0
DA:105,0
DA:107,0
DA:111,0
DA:112,0
DA:115,0
DA:116,0
DA:118,0
DA:127,0
DA:128,0
DA:136,0
DA:137,0
DA:140,0
DA:141,0
DA:144,0
DA:145,0
DA:147,0
DA:154,0
DA:155,0
DA:158,0
DA:160,0
DA:161,0
DA:162,0
DA:164,0
DA:165,0
DA:166,0
DA:167,0
DA:168,0
DA:169,0
DA:171,0
DA:183,0
DA:190,0
DA:191,0
DA:206,0
DA:207,0
DA:210,0
DA:211,0
DA:214,0
DA:215,0
DA:218,0
DA:225,0
DA:226,0
DA:229,0
DA:231,0
DA:232,0
DA:233,0
DA:235,0
DA:236,0
DA:237,0
DA:238,0
DA:239,0
DA:240,0
DA:242,0
DA:254,0
DA:261,0
DA:262,0
LF:83
LH:0
BRDA:45,0,0,0
BRDA:70,1,0,0
BRDA:70,1,1,0
BRDA:90,2,0,0
BRDA:90,2,1,0
BRDA:111,3,0,0
BRDA:111,3,1,0
BRDA:116,4,0,0
BRDA:116,4,1,0
BRDA:140,5,0,0
BRDA:140,5,1,0
BRDA:140,6,0,0
BRDA:140,6,1,0
BRDA:154,7,0,0
BRDA:154,7,1,0
BRDA:154,8,0,0
BRDA:154,8,1,0
BRDA:154,8,2,0
BRDA:205,9,0,0
BRDA:210,10,0,0
BRDA:210,10,1,0
BRDA:210,11,0,0
BRDA:210,11,1,0
BRDA:225,12,0,0
BRDA:225,12,1,0
BRDA:225,13,0,0
BRDA:225,13,1,0
BRDA:225,13,2,0
BRF:28
BRH:0
end_of_record
TN:
SF:src/service/domain/assets/market-data/stockAPIService/providers/IEXCloudAPIService.ts
FN:18,(anonymous_1)
FN:40,(anonymous_2)
FN:56,(anonymous_3)
FN:84,(anonymous_4)
FN:93,(anonymous_5)
FN:102,(anonymous_6)
FNF:6
FNH:0
FNDA:0,(anonymous_1)
FNDA:0,(anonymous_2)
FNDA:0,(anonymous_3)
FNDA:0,(anonymous_4)
FNDA:0,(anonymous_5)
FNDA:0,(anonymous_6)
DA:1,0
DA:7,0
DA:14,0
DA:15,0
DA:16,0
DA:19,0
DA:21,0
DA:22,0
DA:23,0
DA:24,0
DA:26,0
DA:35,0
DA:36,0
DA:41,0
DA:43,0
DA:46,0
DA:47,0
DA:48,0
DA:49,0
DA:50,0
DA:52,0
DA:53,0
DA:54,0
DA:56,0
DA:67,0
DA:74,0
DA:75,0
DA:85,0
DA:87,0
DA:89,0
DA:90,0
DA:91,0
DA:93,0
DA:102,0
DA:104,0
DA:111,0
DA:112,0
LF:37
LH:0
BRDA:46,0,0,0
BRDA:46,0,1,0
BRDA:47,1,0,0
BRDA:47,1,1,0
BRDA:48,2,0,0
BRDA:48,2,1,0
BRDA:49,3,0,0
BRDA:49,3,1,0
BRDA:84,4,0,0
BRDA:95,5,0,0
BRDA:95,5,1,0
BRDA:96,6,0,0
BRDA:96,6,1,0
BRDA:97,7,0,0
BRDA:97,7,1,0
BRDA:99,8,0,0
BRDA:99,8,1,0
BRF:17
BRH:0
end_of_record
TN:
SF:src/service/domain/assets/market-data/stockAPIService/providers/PolygonIOAPIService.ts
FN:18,(anonymous_1)
FN:52,(anonymous_2)
FN:69,(anonymous_3)
FN:95,(anonymous_4)
FN:112,(anonymous_5)
FNF:5
FNH:0
FNDA:0,(anonymous_1)
FNDA:0,(anonymous_2)
FNDA:0,(anonymous_3)
FNDA:0,(anonymous_4)
FNDA:0,(anonymous_5)
DA:1,0
DA:7,0
DA:14,0
DA:15,0
DA:16,0
DA:19,0
DA:21,0
DA:23,0
DA:24,0
DA:26,0
DA:28,0
DA:29,0
DA:32,0
DA:33,0
DA:34,0
DA:35,0
DA:36,0
DA:38,0
DA:47,0
DA:48,0
DA:53,0
DA:55,0
DA:56,0
DA:59,0
DA:60,0
DA:62,0
DA:64,0
DA:65,0
DA:69,0
DA:70,0
DA:71,0
DA:83,0
DA:90,0
DA:91,0
DA:96,0
DA:98,0
DA:99,0
DA:102,0
DA:103,0
DA:105,0
DA:107,0
DA:108,0
DA:112,0
DA:113,0
DA:114,0
DA:126,0
DA:133,0
DA:134,0
LF:48
LH:0
BRDA:28,0,0,0
BRDA:28,0,1,0
BRDA:28,1,0,0
BRDA:28,1,1,0
BRDA:64,2,0,0
BRDA:64,2,1,0
BRDA:64,3,0,0
BRDA:64,3,1,0
BRDA:95,4,0,0
BRDA:107,5,0,0
BRDA:107,5,1,0
BRDA:107,6,0,0
BRDA:107,6,1,0
BRF:13
BRH:0
end_of_record
TN:
SF:src/service/domain/assets/market-data/stockAPIService/providers/QuandlAPIService.ts
FN:19,(anonymous_1)
FN:66,(anonymous_2)
FN:94,(anonymous_3)
FN:125,(anonymous_4)
FNF:4
FNH:0
FNDA:0,(anonymous_1)
FNDA:0,(anonymous_2)
FNDA:0,(anonymous_3)
FNDA:0,(anonymous_4)
DA:1,0
DA:7,0
DA:15,0
DA:16,0
DA:17,0
DA:20,0
DA:22,0
DA:25,0
DA:26,0
DA:27,0
DA:29,0
DA:31,0
DA:32,0
DA:35,0
DA:36,0
DA:39,0
DA:40,0
DA:43,0
DA:44,0
DA:45,0
DA:47,0
DA:48,0
DA:49,0
DA:50,0
DA:52,0
DA:61,0
DA:62,0
DA:67,0
DA:69,0
DA:70,0
DA:71,0
DA:73,0
DA:74,0
DA:76,0
DA:78,0
DA:79,0
DA:82,0
DA:83,0
DA:86,0
DA:87,0
DA:88,0
DA:89,0
DA:90,0
DA:91,0
DA:92,0
DA:94,0
DA:106,0
DA:108,0
DA:115,0
DA:116,0
DA:126,0
DA:130,0
LF:52
LH:0
BRDA:31,0,0,0
BRDA:31,0,1,0
BRDA:35,1,0,0
BRDA:35,1,1,0
BRDA:35,2,0,0
BRDA:35,2,1,0
BRDA:78,3,0,0
BRDA:78,3,1,0
BRDA:82,4,0,0
BRDA:82,4,1,0
BRDA:100,5,0,0
BRDA:100,5,1,0
BRDA:125,6,0,0
BRF:13
BRH:0
end_of_record
TN:
SF:src/service/domain/assets/market-data/stockAPIService/providers/TwelveDataAPIService.ts
FN:18,(anonymous_1)
FN:45,(anonymous_2)
FN:61,(anonymous_3)
FN:87,(anonymous_4)
FN:103,(anonymous_5)
FNF:5
FNH:0
FNDA:0,(anonymous_1)
FNDA:0,(anonymous_2)
FNDA:0,(anonymous_3)
FNDA:0,(anonymous_4)
FNDA:0,(anonymous_5)
DA:1,0
DA:7,0
DA:14,0
DA:15,0
DA:16,0
DA:19,0
DA:21,0
DA:22,0
DA:23,0
DA:25,0
DA:28,0
DA:29,0
DA:31,0
DA:40,0
DA:41,0
DA:46,0
DA:48,0
DA:50,0
DA:51,0
DA:53,0
DA:54,0
DA:56,0
DA:58,0
DA:61,0
DA:73,0
DA:75,0
DA:82,0
DA:83,0
DA:88,0
DA:90,0
DA:92,0
DA:93,0
DA:95,0
DA:96,0
DA:98,0
DA:100,0
DA:103,0
DA:115,0
DA:117,0
DA:124,0
DA:125,0
LF:41
LH:0
BRDA:36,0,0,0
BRDA:36,0,1,0
BRDA:37,1,0,0
BRDA:37,1,1,0
BRDA:58,2,0,0
BRDA:58,2,1,0
BRDA:67,3,0,0
BRDA:67,3,1,0
BRDA:87,4,0,0
BRDA:100,5,0,0
BRDA:100,5,1,0
BRDA:109,6,0,0
BRDA:109,6,1,0
BRF:13
BRH:0
end_of_record
TN:
SF:src/service/domain/assets/market-data/stockAPIService/providers/YahooAPIService.ts
FN:17,(anonymous_1)
FN:23,(anonymous_2)
FN:57,(anonymous_3)
FN:96,(anonymous_4)
FN:107,(anonymous_5)
FN:148,(anonymous_6)
FN:181,(anonymous_7)
FN:195,(anonymous_8)
FNF:8
FNH:0
FNDA:0,(anonymous_1)
FNDA:0,(anonymous_2)
FNDA:0,(anonymous_3)
FNDA:0,(anonymous_4)
FNDA:0,(anonymous_5)
FNDA:0,(anonymous_6)
FNDA:0,(anonymous_7)
FNDA:0,(anonymous_8)
DA:1,0
DA:7,0
DA:13,0
DA:14,0
DA:15,0
DA:19,0
DA:24,0
DA:25,0
DA:28,0
DA:29,0
DA:31,0
DA:35,0
DA:36,0
DA:38,0
DA:45,0
DA:46,0
DA:47,0
DA:50,0
DA:52,0
DA:53,0
DA:58,0
DA:61,0
DA:62,0
DA:63,0
DA:66,0
DA:67,0
DA:69,0
DA:70,0
DA:71,0
DA:74,0
DA:75,0
DA:76,0
DA:79,0
DA:88,0
DA:89,0
DA:91,0
DA:92,0
DA:97,0
DA:99,0
DA:100,0
DA:102,0
DA:103,0
DA:104,0
DA:107,0
DA:108,0
DA:109,0
DA:110,0
DA:111,0
DA:123,0
DA:130,0
DA:136,0
DA:138,0
DA:139,0
DA:150,0
DA:151,0
DA:153,0
DA:155,0
DA:156,0
DA:157,0
DA:158,0
DA:166,0
DA:167,0
DA:168,0
DA:176,0
DA:177,0
DA:178,0
DA:181,0
DA:182,0
DA:183,0
DA:184,0
DA:185,0
DA:195,0
DA:197,0
DA:204,0
DA:211,0
DA:213,0
DA:214,0
LF:77
LH:0
BRDA:24,0,0,0
BRDA:24,0,1,0
BRDA:24,1,0,0
BRDA:24,1,1,0
BRDA:24,1,2,0
BRDA:42,2,0,0
BRDA:42,2,1,0
BRDA:45,3,0,0
BRDA:45,3,1,0
BRDA:61,4,0,0
BRDA:61,4,1,0
BRDA:69,5,0,0
BRDA:69,5,1,0
BRDA:74,6,0,0
BRDA:74,6,1,0
BRDA:74,7,0,0
BRDA:74,7,1,0
BRDA:82,8,0,0
BRDA:82,8,1,0
BRDA:84,9,0,0
BRDA:84,9,1,0
BRDA:85,10,0,0
BRDA:85,10,1,0
BRDA:104,11,0,0
BRDA:104,11,1,0
BRDA:119,12,0,0
BRDA:119,12,1,0
BRDA:148,13,0,0
BRDA:161,14,0,0
BRDA:161,14,1,0
BRDA:166,15,0,0
BRDA:166,15,1,0
BRDA:166,16,0,0
BRDA:166,16,1,0
BRDA:172,17,0,0
BRDA:172,17,1,0
BRDA:178,18,0,0
BRDA:178,18,1,0
BRDA:189,19,0,0
BRDA:189,19,1,0
BRDA:190,20,0,0
BRDA:190,20,1,0
BRDA:193,21,0,0
BRDA:193,21,1,0
BRDA:195,22,0,0
BRDA:195,22,1,0
BRF:46
BRH:0
end_of_record
TN:
SF:src/service/domain/assets/market-data/stockAPIService/utils/fetch.ts
FN:7,(anonymous_1)
FN:15,(anonymous_2)
FN:22,(anonymous_3)
FN:40,(anonymous_4)
FNF:4
FNH:0
FNDA:0,(anonymous_1)
FNDA:0,(anonymous_2)
FNDA:0,(anonymous_3)
FNDA:0,(anonymous_4)
DA:1,0
DA:2,0
DA:7,0
DA:8,0
DA:9,0
DA:15,0
DA:16,0
DA:22,0
DA:23,0
DA:24,0
DA:25,0
DA:26,0
DA:27,0
DA:29,0
DA:31,0
DA:32,0
DA:33,0
DA:40,0
DA:41,0
DA:43,0
DA:44,0
DA:48,0
DA:49,0
DA:51,0
DA:52,0
LF:25
LH:0
BRDA:9,0,0,0
BRDA:9,0,1,0
BRDA:43,1,0,0
BRDA:43,1,1,0
BRF:4
BRH:0
end_of_record
TN:
SF:src/service/domain/dashboard/assetFocusService.ts
FN:21,(anonymous_1)
FN:27,(anonymous_2)
FN:28,(anonymous_3)
FN:50,(anonymous_4)
FN:51,(anonymous_5)
FN:65,(anonymous_6)
FN:66,(anonymous_7)
FN:68,(anonymous_8)
FN:71,(anonymous_9)
FN:88,(anonymous_10)
FNF:10
FNH:0
FNDA:0,(anonymous_1)
FNDA:0,(anonymous_2)
FNDA:0,(anonymous_3)
FNDA:0,(anonymous_4)
FNDA:0,(anonymous_5)
FNDA:0,(anonymous_6)
FNDA:0,(anonymous_7)
FNDA:0,(anonymous_8)
FNDA:0,(anonymous_9)
FNDA:0,(anonymous_10)
DA:3,0
DA:22,0
DA:23,0
DA:25,0
DA:26,0
DA:27,0
DA:28,0
DA:29,0
DA:30,0
DA:31,0
DA:33,0
DA:34,0
DA:35,0
DA:36,0
DA:37,0
DA:38,0
DA:39,0
DA:41,0
DA:49,0
DA:50,0
DA:51,0
DA:57,0
DA:58,0
DA:66,0
DA:68,0
DA:69,0
DA:70,0
DA:71,0
DA:72,0
DA:73,0
DA:74,0
DA:75,0
DA:77,0
DA:78,0
DA:89,0
DA:90,0
DA:91,0
DA:98,0
DA:99,0
LF:39
LH:0
BRDA:22,0,0,0
BRDA:22,0,1,0
BRDA:22,1,0,0
BRDA:22,1,1,0
BRDA:22,1,2,0
BRDA:22,1,3,0
BRDA:29,2,0,0
BRDA:29,2,1,0
BRDA:34,3,0,0
BRDA:34,3,1,0
BRDA:34,4,0,0
BRDA:34,4,1,0
BRDA:34,5,0,0
BRDA:34,5,1,0
BRDA:35,6,0,0
BRDA:35,6,1,0
BRDA:35,7,0,0
BRDA:35,7,1,0
BRDA:35,8,0,0
BRDA:35,8,1,0
BRDA:37,9,0,0
BRDA:37,9,1,0
BRDA:53,10,0,0
BRDA:53,10,1,0
BRDA:70,11,0,0
BRDA:70,11,1,0
BRDA:70,12,0,0
BRDA:70,12,1,0
BRDA:72,13,0,0
BRDA:72,13,1,0
BRDA:72,13,2,0
BRDA:73,14,0,0
BRDA:73,14,1,0
BRDA:77,15,0,0
BRDA:77,15,1,0
BRF:35
BRH:0
end_of_record
TN:
SF:src/service/domain/financial/calculations/compositeCalculatorService.ts
FNF:0
FNH:0
DA:1,1
DA:2,1
DA:3,1
DA:4,1
DA:5,1
DA:12,1
DA:63,1
LF:7
LH:7
BRF:0
BRH:0
end_of_record
TN:
SF:src/service/domain/financial/calculations/financialCalculatorService/methods/calculateCashFlow.ts
FN:1,(anonymous_0)
FNF:1
FNH:0
FNDA:0,(anonymous_0)
DA:1,0
DA:6,0
LF:2
LH:0
BRF:0
BRH:0
end_of_record
TN:
SF:src/service/domain/financial/calculations/financialCalculatorService/methods/calculateNetWorth.ts
FN:1,(anonymous_0)
FNF:1
FNH:0
FNDA:0,(anonymous_0)
DA:1,0
DA:2,0
LF:2
LH:0
BRF:0
BRH:0
end_of_record
TN:
SF:src/service/domain/financial/exchange/exchangeService/methods/clearExchangeRates.ts
FN:8,(anonymous_1)
FNF:1
FNH:0
FNDA:0,(anonymous_1)
DA:1,0
DA:2,0
DA:8,0
DA:9,0
DA:10,0
DA:13,0
DA:15,0
DA:16,0
DA:17,0
DA:21,0
DA:22,0
DA:23,0
DA:27,0
DA:30,0
DA:31,0
LF:15
LH:0
BRDA:15,0,0,0
BRDA:15,0,1,0
BRDA:22,1,0,0
BRDA:22,1,1,0
BRDA:31,2,0,0
BRDA:31,2,1,0
BRF:6
BRH:0
end_of_record
TN:
SF:src/service/domain/financial/exchange/exchangeService/methods/getAllExchangeRates.ts
FN:9,(anonymous_1)
FN:16,(anonymous_2)
FNF:2
FNH:0
FNDA:0,(anonymous_1)
FNDA:0,(anonymous_2)
DA:1,0
DA:2,0
DA:9,0
DA:10,0
DA:11,0
DA:13,0
DA:15,0
DA:16,0
DA:18,0
DA:19,0
DA:22,0
DA:23,0
LF:12
LH:0
BRF:0
BRH:0
end_of_record
TN:
SF:src/service/domain/financial/exchange/exchangeService/methods/getExchangeRate.ts
FN:9,(anonymous_1)
FN:16,(anonymous_2)
FN:29,(anonymous_3)
FN:38,(anonymous_4)
FNF:4
FNH:0
FNDA:0,(anonymous_1)
FNDA:0,(anonymous_2)
FNDA:0,(anonymous_3)
FNDA:0,(anonymous_4)
DA:1,0
DA:2,0
DA:3,0
DA:9,0
DA:10,0
DA:11,0
DA:12,0
DA:15,0
DA:16,0
DA:18,0
DA:19,0
DA:20,0
DA:24,0
DA:25,0
DA:28,0
DA:29,0
DA:31,0
DA:32,0
DA:33,0
DA:37,0
DA:38,0
DA:39,0
DA:40,0
DA:41,0
DA:42,0
DA:46,0
DA:47,0
DA:48,0
DA:51,0
DA:54,0
DA:55,0
DA:56,0
LF:32
LH:0
BRDA:18,0,0,0
BRDA:18,0,1,0
BRDA:31,1,0,0
BRDA:31,1,1,0
BRDA:39,2,0,0
BRDA:39,2,1,0
BRF:6
BRH:0
end_of_record
TN:
SF:src/service/domain/financial/exchange/exchangeService/methods/getExchangeRateByDate.ts
FN:8,(anonymous_1)
FN:21,(anonymous_2)
FNF:2
FNH:0
FNDA:0,(anonymous_1)
FNDA:0,(anonymous_2)
DA:1,0
DA:2,0
DA:8,0
DA:9,0
DA:10,0
DA:13,0
DA:14,0
DA:15,0
DA:16,0
DA:20,0
DA:21,0
DA:23,0
DA:24,0
DA:25,0
DA:28,0
DA:29,0
DA:32,0
DA:33,0
LF:18
LH:0
BRDA:14,0,0,0
BRDA:14,0,1,0
BRDA:23,1,0,0
BRDA:23,1,1,0
BRF:4
BRH:0
end_of_record
TN:
SF:src/service/domain/financial/exchange/exchangeService/methods/refreshExchangeRate.ts
FN:9,(anonymous_1)
FN:16,(anonymous_2)
FNF:2
FNH:0
FNDA:0,(anonymous_1)
FNDA:0,(anonymous_2)
DA:1,0
DA:2,0
DA:9,0
DA:10,0
DA:11,0
DA:12,0
DA:15,0
DA:16,0
DA:18,0
DA:19,0
DA:20,0
DA:23,0
DA:26,0
DA:27,0
DA:28,0
DA:31,0
DA:32,0
DA:35,0
DA:36,0
DA:39,0
DA:40,0
DA:41,0
DA:43,0
DA:44,0
DA:47,0
DA:48,0
DA:49,0
DA:53,0
DA:54,0
DA:55,0
DA:56,0
DA:57,0
DA:58,0
DA:63,0
DA:64,0
DA:69,0
DA:71,0
DA:74,0
DA:80,0
DA:81,0
DA:84,0
DA:85,0
LF:42
LH:0
BRDA:18,0,0,0
BRDA:18,0,1,0
BRDA:27,1,0,0
BRDA:27,1,1,0
BRDA:43,2,0,0
BRDA:43,2,1,0
BRDA:48,3,0,0
BRDA:48,3,1,0
BRDA:54,4,0,0
BRDA:54,4,1,0
BRDA:56,5,0,0
BRDA:56,5,1,0
BRDA:63,6,0,0
BRDA:63,6,1,0
BRDA:63,7,0,0
BRDA:63,7,1,0
BRDA:85,8,0,0
BRDA:85,8,1,0
BRF:18
BRH:0
end_of_record
TN:
SF:src/service/domain/financial/expenses/expenseCalculatorService/methods/calculateExpenseBreakdown.ts
FN:6,(anonymous_1)
FN:10,(anonymous_2)
FN:19,(anonymous_3)
FN:24,(anonymous_4)
FNF:4
FNH:0
FNDA:0,(anonymous_1)
FNDA:0,(anonymous_2)
FNDA:0,(anonymous_3)
FNDA:0,(anonymous_4)
DA:3,0
DA:4,0
DA:6,0
DA:7,0
DA:8,0
DA:10,0
DA:11,0
DA:12,0
DA:13,0
DA:14,0
DA:15,0
DA:18,0
DA:19,0
DA:24,0
DA:26,0
DA:27,0
LF:16
LH:0
BRDA:11,0,0,0
BRDA:11,0,1,0
BRDA:13,1,0,0
BRDA:13,1,1,0
BRDA:22,2,0,0
BRDA:22,2,1,0
BRF:6
BRH:0
end_of_record
TN:
SF:src/service/domain/financial/expenses/expenseCalculatorService/methods/calculateExpenses.ts
FN:3,(anonymous_0)
FN:17,(anonymous_1)
FN:26,(anonymous_2)
FN:27,(anonymous_3)
FN:30,(anonymous_4)
FN:40,(anonymous_5)
FN:68,(anonymous_6)
FNF:7
FNH:0
FNDA:0,(anonymous_0)
FNDA:0,(anonymous_1)
FNDA:0,(anonymous_2)
FNDA:0,(anonymous_3)
FNDA:0,(anonymous_4)
FNDA:0,(anonymous_5)
FNDA:0,(anonymous_6)
DA:3,0
DA:4,0
DA:5,0
DA:8,0
DA:10,0
DA:12,0
DA:14,0
DA:16,0
DA:17,0
DA:18,0
DA:20,0
DA:22,0
DA:26,0
DA:27,0
DA:30,0
DA:31,0
DA:40,0
DA:41,0
DA:42,0
DA:44,0
DA:45,0
DA:48,0
DA:49,0
DA:50,0
DA:54,0
DA:56,0
DA:59,0
DA:68,0
DA:69,0
DA:70,0
DA:73,0
DA:74,0
DA:78,0
LF:33
LH:0
BRDA:4,0,0,0
BRDA:4,0,1,0
BRDA:8,1,0,0
BRDA:8,1,1,0
BRDA:8,1,2,0
BRDA:8,1,3,0
BRDA:8,1,4,0
BRDA:16,2,0,0
BRDA:16,2,1,0
BRDA:41,3,0,0
BRDA:41,3,1,0
BRDA:42,4,0,0
BRDA:42,4,1,0
BRDA:48,5,0,0
BRDA:48,5,1,0
BRDA:54,6,0,0
BRDA:54,6,1,0
BRDA:69,7,0,0
BRDA:69,7,1,0
BRDA:73,8,0,0
BRDA:73,8,1,0
BRF:21
BRH:0
end_of_record
TN:
SF:src/service/domain/financial/income/incomeCalculatorService/methods/calculateAllocations.ts
FN:19,(anonymous_0)
FN:9,(anonymous_1)
FN:11,(anonymous_2)
FNF:3
FNH:0
FNDA:0,(anonymous_0)
FNDA:0,(anonymous_1)
FNDA:0,(anonymous_2)
DA:5,0
DA:6,0
DA:7,0
DA:9,0
DA:11,0
DA:12,0
DA:13,0
DA:16,0
DA:19,0
LF:9
LH:0
BRF:0
BRH:0
end_of_record
TN:
SF:src/service/domain/financial/income/incomeCalculatorService/methods/calculateIncome.ts
FN:3,(anonymous_0)
FN:17,(anonymous_1)
FN:26,(anonymous_2)
FN:27,(anonymous_3)
FN:30,(anonymous_4)
FN:34,(anonymous_5)
FN:37,(anonymous_6)
FN:38,(anonymous_7)
FN:47,(anonymous_8)
FN:75,(anonymous_9)
FNF:10
FNH:0
FNDA:0,(anonymous_0)
FNDA:0,(anonymous_1)
FNDA:0,(anonymous_2)
FNDA:0,(anonymous_3)
FNDA:0,(anonymous_4)
FNDA:0,(anonymous_5)
FNDA:0,(anonymous_6)
FNDA:0,(anonymous_7)
FNDA:0,(anonymous_8)
FNDA:0,(anonymous_9)
DA:3,0
DA:4,0
DA:5,0
DA:8,0
DA:10,0
DA:12,0
DA:14,0
DA:16,0
DA:17,0
DA:18,0
DA:20,0
DA:22,0
DA:26,0
DA:27,0
DA:30,0
DA:31,0
DA:34,0
DA:36,0
DA:37,0
DA:38,0
DA:47,0
DA:48,0
DA:49,0
DA:51,0
DA:52,0
DA:55,0
DA:56,0
DA:57,0
DA:61,0
DA:63,0
DA:66,0
DA:75,0
DA:76,0
DA:77,0
DA:80,0
DA:81,0
DA:85,0
LF:37
LH:0
BRDA:4,0,0,0
BRDA:4,0,1,0
BRDA:8,1,0,0
BRDA:8,1,1,0
BRDA:8,1,2,0
BRDA:8,1,3,0
BRDA:8,1,4,0
BRDA:16,2,0,0
BRDA:16,2,1,0
BRDA:48,3,0,0
BRDA:48,3,1,0
BRDA:49,4,0,0
BRDA:49,4,1,0
BRDA:55,5,0,0
BRDA:55,5,1,0
BRDA:61,6,0,0
BRDA:61,6,1,0
BRDA:76,7,0,0
BRDA:76,7,1,0
BRDA:80,8,0,0
BRDA:80,8,1,0
BRF:21
BRH:0
end_of_record
TN:
SF:src/service/domain/financial/income/incomeCalculatorService/methods/calculatePayment.ts
FN:12,(anonymous_1)
FN:34,(anonymous_2)
FN:66,(anonymous_3)
FNF:3
FNH:0
FNDA:0,(anonymous_1)
FNDA:0,(anonymous_2)
FNDA:0,(anonymous_3)
DA:4,0
DA:5,0
DA:12,0
DA:13,0
DA:15,0
DA:16,0
DA:19,0
DA:25,0
DA:26,0
DA:28,0
DA:34,0
DA:38,0
DA:42,0
DA:43,0
DA:47,0
DA:53,0
DA:55,0
DA:59,0
DA:66,0
DA:71,0
DA:72,0
DA:75,0
LF:22
LH:0
BRDA:15,0,0,0
BRDA:15,0,1,0
BRDA:15,1,0,0
BRDA:15,1,1,0
BRDA:29,2,0,0
BRDA:29,2,1,0
BRDA:30,3,0,0
BRDA:30,3,1,0
BRDA:42,4,0,0
BRDA:42,4,1,0
BRDA:42,5,0,0
BRDA:42,5,1,0
BRDA:42,5,2,0
BRDA:42,5,3,0
BRDA:60,6,0,0
BRDA:60,6,1,0
BRDA:61,7,0,0
BRDA:61,7,1,0
BRDA:71,8,0,0
BRDA:71,8,1,0
BRDA:71,9,0,0
BRDA:71,9,1,0
BRDA:71,9,2,0
BRF:23
BRH:0
end_of_record
TN:
SF:src/service/domain/financial/income/incomeCalculatorService/methods/paymentHelpers.ts
FN:3,(anonymous_0)
FN:29,(anonymous_1)
FN:48,(anonymous_2)
FNF:3
FNH:0
FNDA:0,(anonymous_0)
FNDA:0,(anonymous_1)
FNDA:0,(anonymous_2)
DA:3,0
DA:8,0
DA:10,0
DA:12,0
DA:14,0
DA:16,0
DA:17,0
DA:18,0
DA:20,0
DA:22,0
DA:27,0
DA:29,0
DA:34,0
DA:36,0
DA:38,0
DA:40,0
DA:42,0
DA:44,0
DA:48,0
DA:53,0
DA:54,0
DA:57,0
DA:60,0
DA:65,0
DA:70,0
DA:71,0
DA:72,0
DA:73,0
DA:77,0
LF:29
LH:0
BRDA:8,0,0,0
BRDA:8,0,1,0
BRDA:8,0,2,0
BRDA:8,0,3,0
BRDA:8,0,4,0
BRDA:16,1,0,0
BRDA:16,1,1,0
BRDA:34,2,0,0
BRDA:34,2,1,0
BRDA:34,2,2,0
BRDA:34,2,3,0
BRDA:34,2,4,0
BRDA:38,3,0,0
BRDA:38,3,1,0
BRDA:40,4,0,0
BRDA:40,4,1,0
BRDA:42,5,0,0
BRDA:42,5,1,0
BRDA:51,6,0,0
BRDA:53,7,0,0
BRDA:53,7,1,0
BRDA:53,8,0,0
BRDA:53,8,1,0
BRDA:60,9,0,0
BRDA:60,9,1,0
BRDA:61,10,0,0
BRDA:61,10,1,0
BRDA:61,10,2,0
BRDA:70,11,0,0
BRDA:70,11,1,0
BRDA:70,12,0,0
BRDA:70,12,1,0
BRDA:72,13,0,0
BRDA:72,13,1,0
BRDA:72,14,0,0
BRDA:72,14,1,0
BRDA:77,15,0,0
BRDA:77,15,1,0
BRF:38
BRH:0
end_of_record
TN:
SF:src/service/domain/financial/liabilities/liabilityCalculatorService/methods/calculateLiabilities.ts
FN:3,(anonymous_0)
FN:18,(anonymous_1)
FN:27,(anonymous_2)
FN:28,(anonymous_3)
FN:31,(anonymous_4)
FN:32,(anonymous_5)
FNF:6
FNH:0
FNDA:0,(anonymous_0)
FNDA:0,(anonymous_1)
FNDA:0,(anonymous_2)
FNDA:0,(anonymous_3)
FNDA:0,(anonymous_4)
FNDA:0,(anonymous_5)
DA:3,0
DA:4,0
DA:5,0
DA:8,0
DA:10,0
DA:12,0
DA:14,0
DA:16,0
DA:17,0
DA:18,0
DA:19,0
DA:21,0
DA:23,0
DA:27,0
DA:28,0
DA:31,0
DA:32,0
LF:17
LH:0
BRDA:4,0,0,0
BRDA:4,0,1,0
BRDA:8,1,0,0
BRDA:8,1,1,0
BRDA:8,1,2,0
BRDA:8,1,3,0
BRDA:8,1,4,0
BRDA:16,2,0,0
BRDA:16,2,1,0
BRF:9
BRH:0
end_of_record
TN:
SF:src/service/domain/portfolio/history/portfolioHistoryService/methods/calculatePerformanceMetrics.ts
FN:8,calculatePerformanceMetrics
FN:35,(anonymous_2)
FN:36,(anonymous_3)
FNF:3
FNH:0
FNDA:0,calculatePerformanceMetrics
FNDA:0,(anonymous_2)
FNDA:0,(anonymous_3)
DA:2,0
DA:8,0
DA:12,0
DA:13,0
DA:14,0
DA:27,0
DA:31,0
DA:34,0
DA:35,0
DA:36,0
DA:38,0
DA:39,0
DA:40,0
DA:53,0
DA:54,0
DA:55,0
DA:56,0
DA:59,0
DA:63,0
DA:75,0
LF:20
LH:0
BRDA:12,0,0,0
BRDA:12,0,1,0
BRDA:31,1,0,0
BRDA:31,1,1,0
BRDA:36,2,0,0
BRDA:36,2,1,0
BRDA:38,3,0,0
BRDA:38,3,1,0
BRDA:56,4,0,0
BRDA:56,4,1,0
BRF:10
BRH:0
end_of_record
TN:
SF:src/service/domain/portfolio/history/portfolioHistoryService/methods/calculatePortfolioHistory.ts
FN:6,calculatePortfolioHistory
FNF:1
FNH:0
FNDA:0,calculatePortfolioHistory
DA:2,0
DA:3,0
DA:10,0
DA:15,0
DA:16,0
DA:19,0
DA:20,0
DA:22,0
DA:24,0
DA:27,0
DA:28,0
DA:33,0
DA:34,0
DA:37,0
LF:14
LH:0
BRDA:8,0,0,0
BRDA:16,1,0,0
BRDA:16,1,1,0
BRF:3
BRH:0
end_of_record
TN:
[...]
DA:6,0
DA:18,0
DA:19,0
DA:20,0
DA:21,0
DA:23,0
DA:24,0
DA:25,0
DA:26,0
DA:27,0
DA:30,0
DA:31,0
DA:32,0
DA:38,0
DA:39,0
DA:40,0
DA:41,0
DA:42,0
DA:43,0
DA:44,0
DA:46,0
DA:51,0
DA:54,0
DA:56,0
DA:57,0
DA:58,0
DA:60,0
DA:61,0
DA:62,0
DA:63,0
DA:65,0
DA:70,0
DA:75,0
DA:76,0
DA:77,0
DA:78,0
DA:79,0
DA:80,0
DA:81,0
DA:82,0
DA:84,0
DA:85,0
DA:86,0
DA:88,0
LF:46
LH:0
BRDA:19,0,0,0
BRDA:19,0,1,0
BRDA:19,1,0,0
BRDA:19,1,1,0
BRDA:25,2,0,0
BRDA:25,2,1,0
BRDA:31,3,0,0
BRDA:31,3,1,0
BRDA:31,4,0,0
BRDA:31,4,1,0
BRDA:41,5,0,0
BRDA:41,5,1,0
BRDA:41,6,0,0
BRDA:41,6,1,0
BRDA:54,7,0,0
BRDA:54,7,1,0
BRDA:54,8,0,0
BRDA:54,8,1,0
BRDA:63,9,0,0
BRDA:63,9,1,0
BRDA:85,10,0,0
BRDA:85,10,1,0
BRDA:88,11,0,0
BRDA:88,11,1,0
BRF:24
BRH:0
end_of_record
TN:
SF:src/service/infrastructure/sqlLiteService/methods/initDatabase.ts
FN:10,(anonymous_0)
FN:12,(anonymous_1)
FNF:2
FNH:0
FNDA:0,(anonymous_0)
FNDA:0,(anonymous_1)
DA:1,0
DA:5,0
DA:7,0
DA:8,0
DA:10,0
DA:11,0
DA:13,0
DA:16,0
DA:17,0
DA:18,0
DA:19,0
DA:21,0
DA:23,0
DA:24,0
DA:26,0
DA:30,0
DA:31,0
DA:32,0
DA:33,0
DA:37,0
DA:38,0
DA:39,0
DA:40,0
DA:44,0
DA:45,0
DA:47,0
DA:48,0
DA:49,0
DA:52,0
DA:53,0
DA:54,0
DA:55,0
DA:58,0
DA:59,0
DA:60,0
DA:61,0
DA:66,0
DA:67,0
DA:70,0
DA:71,0
DA:72,0
DA:73,0
DA:77,0
LF:43
LH:0
BRDA:16,0,0,0
BRDA:16,0,1,0
BRDA:30,1,0,0
BRDA:30,1,1,0
BRDA:30,2,0,0
BRDA:30,2,1,0
BRDA:37,3,0,0
BRDA:37,3,1,0
BRDA:37,4,0,0
BRDA:37,4,1,0
BRDA:44,5,0,0
BRDA:44,5,1,0
BRDA:47,6,0,0
BRDA:47,6,1,0
BRDA:52,7,0,0
BRDA:52,7,1,0
BRDA:58,8,0,0
BRDA:58,8,1,0
BRDA:66,9,0,0
BRDA:66,9,1,0
BRDA:70,10,0,0
BRDA:70,10,1,0
BRF:22
BRH:0
end_of_record
TN:
SF:src/service/infrastructure/sqlLiteService/utils/clearDatabase.ts
FN:5,(anonymous_0)
FN:12,(anonymous_1)
FN:13,(anonymous_2)
FN:24,(anonymous_3)
FN:29,(anonymous_4)
FNF:5
FNH:0
FNDA:0,(anonymous_0)
FNDA:0,(anonymous_1)
FNDA:0,(anonymous_2)
FNDA:0,(anonymous_3)
FNDA:0,(anonymous_4)
DA:5,0
DA:6,0
DA:8,0
DA:10,0
DA:12,0
DA:13,0
DA:14,0
DA:16,0
DA:17,0
DA:19,0
DA:21,0
DA:24,0
DA:25,0
DA:26,0
DA:29,0
DA:30,0
DA:31,0
DA:35,0
DA:36,0
DA:43,0
LF:20
LH:0
BRDA:16,0,0,0
BRDA:16,0,1,0
BRDA:19,1,0,0
BRDA:19,1,1,0
BRF:4
BRH:0
end_of_record
TN:
SF:src/service/shared/cache/assetIncomeCacheUtils.ts
FN:8,(anonymous_1)
FN:9,(anonymous_2)
FN:16,(anonymous_3)
FN:44,(anonymous_4)
FNF:4
FNH:0
FNDA:0,(anonymous_1)
FNDA:0,(anonymous_2)
FNDA:0,(anonymous_3)
FNDA:0,(anonymous_4)
DA:2,0
DA:3,0
DA:8,0
DA:9,0
DA:10,0
DA:11,0
DA:16,0
DA:17,0
DA:18,0
DA:20,0
DA:22,0
DA:23,0
DA:24,0
DA:25,0
DA:26,0
DA:28,0
DA:29,0
DA:30,0
DA:34,0
DA:35,0
DA:36,0
DA:38,0
DA:39,0
DA:44,0
DA:48,0
DA:49,0
DA:51,0
DA:53,0
DA:54,0
DA:55,0
DA:56,0
DA:57,0
DA:58,0
DA:60,0
DA:61,0
DA:62,0
DA:66,0
DA:67,0
DA:68,0
DA:70,0
DA:71,0
LF:41
LH:0
BRDA:24,0,0,0
BRDA:24,0,1,0
BRDA:34,1,0,0
BRDA:34,1,1,0
BRDA:55,2,0,0
BRDA:55,2,1,0
BRDA:56,3,0,0
BRDA:56,3,1,0
BRDA:66,4,0,0
BRDA:66,4,1,0
BRF:10
BRH:0
end_of_record
TN:
SF:src/service/shared/calculations/allocationCalculations.ts
FN:11,(anonymous_1)
FN:21,(anonymous_2)
FN:33,(anonymous_3)
FN:38,(anonymous_4)
FN:69,(anonymous_5)
FN:75,(anonymous_6)
FN:83,(anonymous_7)
FN:86,(anonymous_8)
FN:91,(anonymous_9)
FN:101,(anonymous_10)
FN:107,(anonymous_11)
FNF:11
FNH:11
FNDA:6,(anonymous_1)
FNDA:8,(anonymous_2)
FNDA:12,(anonymous_3)
FNDA:15,(anonymous_4)
FNDA:8,(anonymous_5)
FNDA:14,(anonymous_6)
FNDA:13,(anonymous_7)
FNDA:6,(anonymous_8)
FNDA:17,(anonymous_9)
FNDA:14,(anonymous_10)
FNDA:15,(anonymous_11)
DA:5,1
DA:11,1
DA:17,6
DA:18,6
DA:21,6
DA:22,8
DA:24,7
DA:25,7
DA:27,7
DA:28,7
DA:29,7
DA:33,6
DA:34,12
DA:35,12
DA:38,15
DA:39,12
DA:42,11
DA:44,3
DA:45,3
DA:47,3
DA:48,3
DA:50,2
DA:51,2
DA:53,1
DA:54,1
DA:56,2
DA:57,2
DA:59,0
DA:62,11
DA:63,11
DA:64,11
DA:68,6
DA:69,6
DA:70,8
DA:71,8
DA:75,14
DA:82,6
DA:83,13
DA:86,1
DA:87,6
DA:88,6
DA:89,6
DA:91,6
DA:92,17
DA:93,17
DA:95,17
DA:96,17
DA:97,17
DA:100,6
DA:101,14
DA:107,15
DA:109,6
DA:110,6
LF:53
LH:52
BRDA:22,0,0,1
BRDA:22,0,1,7
BRDA:25,1,0,0
BRDA:25,1,1,7
BRDA:27,2,0,7
BRDA:27,2,1,7
BRDA:35,3,0,0
BRDA:35,3,1,12
BRDA:39,4,0,1
BRDA:39,4,1,11
BRDA:42,5,0,3
BRDA:42,5,1,3
BRDA:42,5,2,2
BRDA:42,5,3,1
BRDA:42,5,4,2
BRDA:42,5,5,0
BRDA:62,6,0,11
BRDA:62,6,1,7
BRDA:70,7,0,8
BRDA:70,7,1,8
BRDA:78,8,0,14
BRDA:78,8,1,0
BRDA:79,9,0,14
BRDA:79,9,1,7
BRDA:92,10,0,17
BRDA:92,10,1,14
BRDA:93,11,0,17
BRDA:93,11,1,14
BRDA:104,12,0,14
BRDA:104,12,1,0
BRDA:105,13,0,14
BRDA:105,13,1,0
BRF:32
BRH:26
end_of_record
TN:
SF:src/service/shared/calculations/assetIncomeCalculations.ts
FN:11,getStockDividendBreakdown
FN:34,getInterestBreakdown
FN:52,getRealEstateBreakdown
FN:75,calculateAssetIncomeBreakdown
FN:85,(anonymous_5)
FNF:5
FNH:0
FNDA:0,getStockDividendBreakdown
FNDA:0,getInterestBreakdown
FNDA:0,getRealEstateBreakdown
FNDA:0,calculateAssetIncomeBreakdown
FNDA:0,(anonymous_5)
DA:2,0
DA:3,0
DA:4,0
DA:8,0
DA:11,0
DA:12,0
DA:14,0
DA:16,0
DA:19,0
DA:20,0
DA:22,0
DA:23,0
DA:24,0
DA:25,0
DA:26,0
DA:27,0
DA:28,0
DA:30,0
DA:34,0
DA:35,0
DA:37,0
DA:39,0
DA:41,0
DA:42,0
DA:43,0
DA:44,0
DA:45,0
DA:46,0
DA:48,0
DA:52,0
DA:53,0
DA:55,0
DA:59,0
DA:60,0
DA:63,0
DA:65,0
DA:66,0
DA:67,0
DA:68,0
DA:69,0
DA:71,0
DA:75,0
DA:76,0
DA:85,0
DA:99,0
DA:100,0
DA:101,0
DA:104,0
DA:112,0
DA:117,0
DA:120,0
DA:124,0
LF:52
LH:0
BRDA:12,0,0,0
BRDA:12,0,1,0
BRDA:16,1,0,0
BRDA:16,1,1,0
BRDA:20,2,0,0
BRDA:20,2,1,0
BRDA:23,3,0,0
BRDA:23,3,1,0
BRDA:24,4,0,0
BRDA:24,4,1,0
BRDA:28,5,0,0
BRDA:28,5,1,0
BRDA:35,6,0,0
BRDA:35,6,1,0
BRDA:35,7,0,0
BRDA:35,7,1,0
BRDA:39,8,0,0
BRDA:39,8,1,0
BRDA:39,9,0,0
BRDA:39,9,1,0
BRDA:53,10,0,0
BRDA:53,10,1,0
BRDA:59,11,0,0
BRDA:59,11,1,0
BRDA:63,12,0,0
BRDA:63,12,1,0
BRDA:65,13,0,0
BRDA:65,13,1,0
BRDA:77,14,0,0
BRDA:77,14,1,0
BRDA:77,14,2,0
BRDA:77,14,3,0
BRDA:100,15,0,0
BRDA:100,15,1,0
BRDA:102,16,0,0
BRDA:102,16,1,0
BRDA:105,17,0,0
BRDA:105,17,1,0
BRDA:106,18,0,0
BRDA:106,18,1,0
BRDA:107,19,0,0
BRDA:107,19,1,0
BRF:42
BRH:0
end_of_record
TN:
SF:src/service/shared/logging/Logger/logger.ts
FN:20,(anonymous_0)
FN:39,(anonymous_1)
FN:46,(anonymous_2)
FN:50,(anonymous_3)
FN:56,(anonymous_4)
FN:63,(anonymous_5)
FN:78,(anonymous_6)
FN:85,(anonymous_7)
FN:91,(anonymous_8)
FN:97,(anonymous_9)
FN:110,(anonymous_10)
FN:116,(anonymous_11)
FN:123,(anonymous_12)
FN:130,(anonymous_13)
FN:136,(anonymous_14)
FN:141,(anonymous_15)
FN:145,(anonymous_16)
FNF:17
FNH:0
FNDA:0,(anonymous_0)
FNDA:0,(anonymous_1)
FNDA:0,(anonymous_2)
FNDA:0,(anonymous_3)
FNDA:0,(anonymous_4)
FNDA:0,(anonymous_5)
FNDA:0,(anonymous_6)
FNDA:0,(anonymous_7)
FNDA:0,(anonymous_8)
FNDA:0,(anonymous_9)
FNDA:0,(anonymous_10)
FNDA:0,(anonymous_11)
FNDA:0,(anonymous_12)
FNDA:0,(anonymous_13)
FNDA:0,(anonymous_14)
FNDA:0,(anonymous_15)
FNDA:0,(anonymous_16)
DA:1,0
DA:2,0
DA:13,0
DA:16,0
DA:17,0
DA:18,0
DA:21,0
DA:23,0
DA:24,0
DA:26,0
DA:27,0
DA:28,0
DA:29,0
DA:30,0
DA:31,0
DA:36,0
DA:40,0
DA:41,0
DA:43,0
DA:47,0
DA:51,0
DA:52,0
DA:53,0
DA:57,0
DA:58,0
DA:59,0
DA:64,0
DA:65,0
DA:66,0
DA:68,0
DA:69,0
DA:70,0
DA:71,0
DA:73,0
DA:74,0
DA:79,0
DA:80,0
DA:86,0
DA:87,0
DA:92,0
DA:93,0
DA:98,0
DA:99,0
DA:100,0
DA:101,0
DA:103,0
DA:104,0
DA:106,0
DA:111,0
DA:112,0
DA:117,0
DA:118,0
DA:124,0
DA:125,0
DA:126,0
DA:131,0
DA:132,0
DA:137,0
DA:138,0
DA:142,0
DA:146,0
DA:147,0
DA:148,0
DA:153,0
LF:64
LH:0
BRDA:16,0,0,0
BRDA:16,0,1,0
BRDA:16,0,2,0
BRDA:23,1,0,0
BRDA:23,1,1,0
BRDA:28,2,0,0
BRDA:28,2,1,0
BRDA:30,3,0,0
BRDA:30,3,1,0
BRDA:40,4,0,0
BRDA:40,4,1,0
BRDA:47,5,0,0
BRDA:47,5,1,0
BRDA:51,6,0,0
BRDA:51,6,1,0
BRDA:52,7,0,0
BRDA:52,7,1,0
BRDA:53,8,0,0
BRDA:53,8,1,0
BRDA:57,9,0,0
BRDA:57,9,1,0
BRDA:58,10,0,0
BRDA:58,10,1,0
BRDA:68,11,0,0
BRDA:68,11,1,0
BRDA:68,12,0,0
BRDA:68,12,1,0
BRDA:70,13,0,0
BRDA:70,13,1,0
BRDA:79,14,0,0
BRDA:79,14,1,0
BRDA:79,15,0,0
BRDA:79,15,1,0
BRDA:86,16,0,0
BRDA:86,16,1,0
BRDA:86,17,0,0
BRDA:86,17,1,0
BRDA:92,18,0,0
BRDA:92,18,1,0
BRDA:92,19,0,0
BRDA:92,19,1,0
BRDA:98,20,0,0
BRDA:98,20,1,0
BRDA:98,21,0,0
BRDA:98,21,1,0
BRDA:100,22,0,0
BRDA:100,22,1,0
BRDA:103,23,0,0
BRDA:103,23,1,0
BRDA:111,24,0,0
BRDA:111,24,1,0
BRDA:111,25,0,0
BRDA:111,25,1,0
BRDA:117,26,0,0
BRDA:117,26,1,0
BRDA:117,27,0,0
BRDA:117,27,1,0
BRDA:124,28,0,0
BRDA:124,28,1,0
BRDA:124,29,0,0
BRDA:124,29,1,0
BRDA:131,30,0,0
BRDA:131,30,1,0
BRDA:131,31,0,0
BRDA:131,31,1,0
BRDA:146,32,0,0
BRDA:146,32,1,0
BRF:67
BRH:0
end_of_record
TN:
SF:src/service/shared/utilities/dataValidationUtils.ts
FN:35,(anonymous_0)
FN:39,(anonymous_1)
FN:43,(anonymous_2)
FN:49,(anonymous_3)
FN:53,(anonymous_4)
FN:59,(anonymous_5)
FN:108,(anonymous_6)
FN:159,(anonymous_7)
FN:204,(anonymous_8)
FN:209,(anonymous_9)
FN:215,(anonymous_10)
FN:219,(anonymous_11)
FN:236,(anonymous_12)
FN:245,(anonymous_13)
FN:250,(anonymous_14)
FN:257,(anonymous_15)
FN:258,(anonymous_16)
FN:262,(anonymous_17)
FNF:18
FNH:17
FNDA:44,(anonymous_0)
FNDA:21,(anonymous_1)
FNDA:25,(anonymous_2)
FNDA:33,(anonymous_3)
FNDA:8,(anonymous_4)
FNDA:14,(anonymous_5)
FNDA:5,(anonymous_6)
FNDA:6,(anonymous_7)
FNDA:3,(anonymous_8)
FNDA:7,(anonymous_9)
FNDA:5,(anonymous_10)
FNDA:0,(anonymous_11)
FNDA:8,(anonymous_12)
FNDA:5,(anonymous_13)
FNDA:5,(anonymous_14)
FNDA:1,(anonymous_15)
FNDA:2,(anonymous_16)
FNDA:4,(anonymous_17)
DA:33,1
DA:36,44
DA:40,21
DA:44,25
DA:45,22
DA:46,22
DA:50,33
DA:54,8
DA:55,8
DA:60,14
DA:61,14
DA:64,14
DA:65,1
DA:66,13
DA:67,0
DA:68,13
DA:69,4
DA:70,9
DA:71,1
DA:75,14
DA:76,1
DA:77,13
DA:78,3
DA:80,10
DA:81,10
DA:82,10
DA:83,10
DA:85,10
DA:86,1
DA:91,14
DA:92,1
DA:96,14
DA:97,1
DA:100,14
DA:109,5
DA:110,5
DA:113,5
DA:114,1
DA:115,4
DA:116,0
DA:117,4
DA:118,1
DA:122,5
DA:123,5
DA:124,1
DA:125,4
DA:126,1
DA:130,5
DA:131,1
DA:135,5
DA:136,0
DA:139,5
DA:140,0
DA:143,5
DA:144,2
DA:145,2
DA:146,2
DA:147,1
DA:151,5
DA:160,6
DA:161,6
DA:164,6
DA:165,1
DA:166,5
DA:167,1
DA:171,6
DA:172,1
DA:173,5
DA:174,0
DA:175,5
DA:176,1
DA:180,6
DA:181,1
DA:182,5
DA:183,0
DA:184,5
DA:185,1
DA:189,6
DA:190,6
DA:191,1
DA:192,5
DA:193,1
DA:196,6
DA:205,3
DA:206,3
DA:207,3
DA:209,3
DA:210,7
DA:211,7
DA:212,3
DA:215,7
DA:216,5
DA:219,7
DA:220,0
DA:224,3
DA:225,2
DA:228,3
DA:237,8
DA:238,6
DA:239,4
DA:240,4
DA:242,2
DA:246,5
DA:247,2
DA:251,5
DA:252,3
DA:253,3
DA:258,1
DA:259,2
DA:260,2
DA:262,2
DA:263,4
DA:264,4
DA:265,4
DA:266,2
DA:270,2
LF:116
LH:109
BRDA:36,0,0,44
BRDA:36,0,1,40
BRDA:36,0,2,38
BRDA:40,1,0,21
BRDA:40,1,1,19
BRDA:44,2,0,3
BRDA:44,2,1,22
BRDA:46,3,0,22
BRDA:46,3,1,22
BRDA:49,4,0,31
BRDA:50,5,0,33
BRDA:50,5,1,28
BRDA:64,6,0,1
BRDA:64,6,1,13
BRDA:64,7,0,14
BRDA:64,7,1,13
BRDA:66,8,0,0
BRDA:66,8,1,13
BRDA:68,9,0,4
BRDA:68,9,1,9
BRDA:70,10,0,1
BRDA:70,10,1,8
BRDA:75,11,0,1
BRDA:75,11,1,13
BRDA:75,12,0,14
BRDA:75,12,1,13
BRDA:77,13,0,3
BRDA:77,13,1,10
BRDA:85,14,0,1
BRDA:85,14,1,9
BRDA:91,15,0,1
BRDA:91,15,1,13
BRDA:96,16,0,1
BRDA:96,16,1,13
BRDA:96,17,0,14
BRDA:96,17,1,2
BRDA:113,18,0,1
BRDA:113,18,1,4
BRDA:113,19,0,5
BRDA:113,19,1,4
BRDA:115,20,0,0
BRDA:115,20,1,4
BRDA:117,21,0,1
BRDA:117,21,1,3
BRDA:123,22,0,1
BRDA:123,22,1,4
BRDA:125,23,0,1
BRDA:125,23,1,3
BRDA:130,24,0,1
BRDA:130,24,1,4
BRDA:135,25,0,0
BRDA:135,25,1,5
BRDA:135,26,0,5
BRDA:135,26,1,2
BRDA:139,27,0,0
BRDA:139,27,1,5
BRDA:139,28,0,5
BRDA:139,28,1,2
BRDA:143,29,0,2
BRDA:143,29,1,3
BRDA:143,30,0,5
BRDA:143,30,1,2
BRDA:146,31,0,1
BRDA:146,31,1,1
BRDA:164,32,0,1
BRDA:164,32,1,5
BRDA:166,33,0,1
BRDA:166,33,1,4
BRDA:171,34,0,1
BRDA:171,34,1,5
BRDA:171,35,0,6
BRDA:171,35,1,5
BRDA:173,36,0,0
BRDA:173,36,1,5
BRDA:175,37,0,1
BRDA:175,37,1,4
BRDA:175,38,0,5
BRDA:175,38,1,1
BRDA:180,39,0,1
BRDA:180,39,1,5
BRDA:180,40,0,6
BRDA:180,40,1,5
BRDA:182,41,0,0
BRDA:182,41,1,5
BRDA:184,42,0,1
BRDA:184,42,1,4
BRDA:190,43,0,1
BRDA:190,43,1,5
BRDA:192,44,0,1
BRDA:192,44,1,4
BRDA:211,45,0,3
BRDA:211,45,1,4
BRDA:224,46,0,2
BRDA:224,46,1,1
BRDA:224,47,0,3
BRDA:224,47,1,3
BRDA:237,48,0,2
BRDA:237,48,1,6
BRDA:238,49,0,4
BRDA:238,49,1,2
BRDA:240,50,0,1
BRDA:240,50,1,3
BRDA:245,51,0,4
BRDA:246,52,0,3
BRDA:246,52,1,2
BRDA:251,53,0,2
BRDA:251,53,1,3
BRDA:253,54,0,1
BRDA:253,54,1,2
BRDA:265,55,0,2
BRDA:265,55,1,2
BRF:111
BRH:105
end_of_record
TN:
SF:src/service/shared/utilities/financialCalculatorUtils.ts
FN:31,(anonymous_0)
FN:44,(anonymous_1)
FN:45,(anonymous_2)
FN:50,(anonymous_3)
FN:52,(anonymous_4)
FN:53,(anonymous_5)
FN:58,(anonymous_6)
FN:64,(anonymous_7)
FN:77,(anonymous_8)
FN:78,(anonymous_9)
FN:83,(anonymous_10)
FN:86,(anonymous_11)
FN:99,(anonymous_12)
FN:106,(anonymous_13)
FN:107,(anonymous_14)
FN:113,(anonymous_15)
FN:114,(anonymous_16)
FN:117,(anonymous_17)
FN:118,(anonymous_18)
FN:121,(anonymous_19)
FN:127,(anonymous_20)
FN:131,(anonymous_21)
FN:136,(anonymous_22)
FN:141,(anonymous_23)
FNF:24
FNH:24
FNDA:13,(anonymous_0)
FNDA:2,(anonymous_1)
FNDA:6,(anonymous_2)
FNDA:2,(anonymous_3)
FNDA:6,(anonymous_4)
FNDA:4,(anonymous_5)
FNDA:4,(anonymous_6)
FNDA:14,(anonymous_7)
FNDA:2,(anonymous_8)
FNDA:7,(anonymous_9)
FNDA:1,(anonymous_10)
FNDA:4,(anonymous_11)
FNDA:9,(anonymous_12)
FNDA:2,(anonymous_13)
FNDA:6,(anonymous_14)
FNDA:2,(anonymous_15)
FNDA:5,(anonymous_16)
FNDA:2,(anonymous_17)
FNDA:5,(anonymous_18)
FNDA:2,(anonymous_19)
FNDA:4,(anonymous_20)
FNDA:4,(anonymous_21)
FNDA:4,(anonymous_22)
FNDA:4,(anonymous_23)
DA:29,1
DA:32,13
DA:34,3
DA:36,5
DA:38,5
DA:40,0
DA:45,2
DA:46,6
DA:51,2
DA:52,6
DA:54,4
DA:59,4
DA:60,3
DA:65,14
DA:67,6
DA:69,4
DA:71,4
DA:73,0
DA:78,2
DA:79,7
DA:84,1
DA:86,1
DA:87,4
DA:88,4
DA:89,1
DA:91,3
DA:95,1
DA:100,9
DA:101,5
DA:103,4
DA:107,2
DA:108,6
DA:114,5
DA:118,5
DA:122,2
DA:123,1
DA:128,4
DA:132,4
DA:137,4
DA:138,3
DA:142,4
DA:143,3
LF:42
LH:40
BRDA:32,0,0,3
BRDA:32,0,1,5
BRDA:32,0,2,5
BRDA:32,0,3,0
BRDA:59,1,0,1
BRDA:59,1,1,3
BRDA:65,2,0,6
BRDA:65,2,1,4
BRDA:65,2,2,4
BRDA:65,2,3,0
BRDA:88,3,0,1
BRDA:88,3,1,3
BRDA:100,4,0,5
BRDA:100,4,1,4
BRDA:100,5,0,9
BRDA:100,5,1,5
BRDA:122,6,0,1
BRDA:122,6,1,1
BRDA:137,7,0,1
BRDA:137,7,1,3
BRDA:142,8,0,1
BRDA:142,8,1,3
BRF:22
BRH:20
end_of_record
TN:
SF:src/service/shared/utilities/mathUtils.ts
FN:6,(anonymous_0)
FN:7,(anonymous_1)
FN:8,(anonymous_2)
FN:14,(anonymous_3)
FNF:4
FNH:4
FNDA:5,(anonymous_0)
FNDA:5,(anonymous_1)
FNDA:4,(anonymous_2)
FNDA:4,(anonymous_3)
DA:5,1
DA:6,5
DA:7,5
DA:9,4
DA:10,1
DA:12,3
DA:15,4
DA:16,3
LF:8
LH:8
BRDA:9,0,0,1
BRDA:9,0,1,3
BRDA:15,1,0,1
BRDA:15,1,1,3
BRF:4
BRH:4
end_of_record
TN:
SF:src/service/shared/utilities/portfolioAnalysisUtils.ts
FN:22,(anonymous_0)
FN:26,(anonymous_1)
FN:27,(anonymous_2)
FN:33,(anonymous_3)
FN:37,(anonymous_4)
FN:46,(anonymous_5)
FN:55,(anonymous_6)
FN:56,(anonymous_7)
FN:65,(anonymous_8)
FN:74,(anonymous_9)
FN:78,(anonymous_10)
FN:87,(anonymous_11)
FN:89,(anonymous_12)
FN:93,(anonymous_13)
FN:98,(anonymous_14)
FN:103,(anonymous_15)
FN:110,(anonymous_16)
FN:114,(anonymous_17)
FN:115,(anonymous_18)
FN:127,(anonymous_19)
FN:135,(anonymous_20)
FN:136,(anonymous_21)
FN:142,(anonymous_22)
FNF:23
FNH:23
FNDA:171,(anonymous_0)
FNDA:22,(anonymous_1)
FNDA:90,(anonymous_2)
FNDA:8,(anonymous_3)
FNDA:33,(anonymous_4)
FNDA:26,(anonymous_5)
FNDA:6,(anonymous_6)
FNDA:22,(anonymous_7)
FNDA:3,(anonymous_8)
FNDA:4,(anonymous_9)
FNDA:20,(anonymous_10)
FNDA:3,(anonymous_11)
FNDA:15,(anonymous_12)
FNDA:27,(anonymous_13)
FNDA:3,(anonymous_14)
FNDA:15,(anonymous_15)
FNDA:4,(anonymous_16)
FNDA:16,(anonymous_17)
FNDA:40,(anonymous_18)
FNDA:3,(anonymous_19)
FNDA:12,(anonymous_20)
FNDA:7,(anonymous_21)
FNDA:10,(anonymous_22)
DA:20,1
DA:23,171
DA:27,22
DA:28,90
DA:34,8
DA:35,8
DA:37,8
DA:38,33
DA:39,33
DA:40,33
DA:46,26
DA:56,6
DA:57,22
DA:58,12
DA:59,12
DA:61,10
DA:66,3
DA:67,3
DA:69,3
DA:70,2
DA:75,4
DA:76,4
DA:78,4
DA:79,20
DA:80,20
DA:81,20
DA:84,4
DA:88,3
DA:89,15
DA:93,27
DA:99,3
DA:100,3
DA:103,3
DA:104,15
DA:107,3
DA:111,4
DA:112,4
DA:114,4
DA:115,40
DA:116,16
DA:123,4
DA:131,3
DA:132,3
DA:134,3
DA:135,12
DA:136,7
DA:142,10
LF:47
LH:47
BRDA:39,0,0,33
BRDA:39,0,1,26
BRDA:49,1,0,24
BRDA:49,1,1,2
BRDA:57,2,0,12
BRDA:57,2,1,10
BRDA:69,3,0,1
BRDA:69,3,1,2
BRDA:80,4,0,20
BRDA:80,4,1,0
BRDA:87,5,0,0
BRDA:115,6,0,16
BRDA:115,6,1,0
BRDA:138,7,0,3
BRDA:138,7,1,4
BRF:15
BRH:12
end_of_record
TN:
SF:src/service/shared/utilities/setupWizardService.ts
FN:14,(anonymous_1)
FN:30,(anonymous_2)
FN:42,(anonymous_3)
FN:54,(anonymous_4)
FN:61,(anonymous_5)
FN:68,(anonymous_6)
FNF:6
FNH:6
FNDA:9,(anonymous_1)
FNDA:3,(anonymous_2)
FNDA:1,(anonymous_3)
FNDA:3,(anonymous_4)
FNDA:1,(anonymous_5)
FNDA:2,(anonymous_6)
DA:4,1
DA:6,1
DA:7,1
DA:8,1
DA:9,1
DA:15,9
DA:16,9
DA:17,4
DA:20,4
DA:22,5
DA:23,5
DA:31,3
DA:32,3
DA:33,1
DA:35,2
DA:43,1
DA:44,1
DA:45,0
DA:47,1
DA:55,3
DA:62,1
DA:69,2
DA:70,2
DA:72,2
DA:73,2
DA:78,1
LF:26
LH:25
BRDA:20,0,0,4
BRDA:20,0,1,2
BRDA:22,1,0,5
BRDA:22,1,1,0
BRDA:35,2,0,2
BRDA:35,2,1,0
BRDA:47,3,0,1
BRDA:47,3,1,0
BRDA:72,4,0,2
BRDA:72,4,1,0
BRF:10
BRH:6
end_of_record
TN:
SF:src/service/shared/utilities/helper/downloadFile.ts
FN:5,(anonymous_1)
FN:34,(anonymous_2)
FN:45,(anonymous_3)
FNF:3
FNH:0
FNDA:0,(anonymous_1)
FNDA:0,(anonymous_2)
FNDA:0,(anonymous_3)
DA:1,0
DA:2,0
DA:3,0
DA:5,0
DA:6,0
DA:7,0
DA:8,0
DA:9,0
DA:11,0
DA:16,0
DA:18,0
DA:23,0
DA:27,0
DA:28,0
DA:30,0
DA:34,0
DA:35,0
DA:36,0
DA:37,0
DA:38,0
DA:39,0
DA:40,0
DA:41,0
DA:42,0
DA:45,0
DA:46,0
DA:47,0
DA:48,0
DA:49,0
DA:50,0
DA:51,0
DA:52,0
DA:54,0
LF:33
LH:0
BRDA:27,0,0,0
BRDA:27,0,1,0
BRF:2
BRH:0
end_of_record
TN:
SF:src/service/shared/utilities/helper/fontSizeHelper.ts
FN:8,(anonymous_0)
FNF:1
FNH:0
FNDA:0,(anonymous_0)
DA:1,0
DA:8,0
DA:9,0
DA:10,0
DA:12,0
DA:13,0
DA:14,0
DA:15,0
DA:16,0
DA:17,0
DA:19,0
LF:11
LH:0
BRDA:12,0,0,0
BRDA:12,0,1,0
BRDA:14,1,0,0
BRDA:14,1,1,0
BRDA:16,2,0,0
BRDA:16,2,1,0
BRF:6
BRH:0
end_of_record
TN:
SF:src/service/shared/utilities/helper/stockPriceUpdater.ts
FN:21,(anonymous_1)
FN:26,(anonymous_2)
FN:98,(anonymous_3)
FN:111,(anonymous_4)
FN:116,(anonymous_5)
FN:146,(anonymous_6)
FN:156,(anonymous_7)
FN:159,(anonymous_8)
FN:163,(anonymous_9)
FN:197,(anonymous_10)
FN:202,(anonymous_11)
FN:234,(anonymous_12)
FN:247,(anonymous_13)
FN:250,(anonymous_14)
FN:254,(anonymous_15)
FN:300,(anonymous_16)
FN:315,(anonymous_17)
FN:348,(anonymous_18)
FNF:18
FNH:0
FNDA:0,(anonymous_1)
FNDA:0,(anonymous_2)
FNDA:0,(anonymous_3)
FNDA:0,(anonymous_4)
FNDA:0,(anonymous_5)
FNDA:0,(anonymous_6)
FNDA:0,(anonymous_7)
FNDA:0,(anonymous_8)
FNDA:0,(anonymous_9)
FNDA:0,(anonymous_10)
FNDA:0,(anonymous_11)
FNDA:0,(anonymous_12)
FNDA:0,(anonymous_13)
FNDA:0,(anonymous_14)
FNDA:0,(anonymous_15)
FNDA:0,(anonymous_16)
FNDA:0,(anonymous_17)
FNDA:0,(anonymous_18)
DA:2,0
DA:3,0
DA:4,0
DA:16,0
DA:24,0
DA:27,0
DA:33,0
DA:34,0
DA:37,0
DA:40,0
DA:45,0
DA:46,0
DA:48,0
DA:50,0
DA:51,0
DA:53,0
DA:54,0
DA:56,0
DA:59,0
DA:66,0
DA:71,0
DA:74,0
DA:77,0
DA:79,0
DA:82,0
DA:87,0
DA:90,0
DA:95,0
DA:97,0
DA:98,0
DA:100,0
DA:103,0
DA:114,0
DA:117,0
DA:123,0
DA:124,0
DA:127,0
DA:130,0
DA:135,0
DA:136,0
DA:138,0
DA:139,0
DA:143,0
DA:146,0
DA:152,0
DA:158,0
DA:159,0
DA:163,0
DA:170,0
DA:175,0
DA:176,0
DA:182,0
DA:185,0
DA:188,0
DA:201,0
DA:202,0
DA:205,0
DA:206,0
DA:209,0
DA:212,0
DA:217,0
DA:218,0
DA:220,0
DA:222,0
DA:223,0
DA:225,0
DA:231,0
DA:234,0
DA:240,0
DA:249,0
DA:250,0
DA:255,0
DA:262,0
DA:270,0
DA:271,0
DA:275,0
DA:276,0
DA:281,0
DA:284,0
DA:289,0
DA:292,0
DA:297,0
DA:299,0
DA:300,0
DA:302,0
DA:305,0
DA:321,0
DA:335,0
DA:336,0
DA:341,0
DA:349,0
DA:350,0
DA:351,0
DA:352,0
LF:94
LH:0
BRDA:27,0,0,0
BRDA:27,0,1,0
BRDA:27,0,2,0
BRDA:33,1,0,0
BRDA:33,1,1,0
BRDA:54,2,0,0
BRDA:54,2,1,0
BRDA:75,3,0,0
BRDA:75,3,1,0
BRDA:95,4,0,0
BRDA:95,4,1,0
BRDA:117,5,0,0
BRDA:117,5,1,0
BRDA:117,5,2,0
BRDA:123,6,0,0
BRDA:123,6,1,0
BRDA:143,7,0,0
BRDA:143,7,1,0
BRDA:143,8,0,0
BRDA:143,8,1,0
BRDA:146,9,0,0
BRDA:146,9,1,0
BRDA:154,10,0,0
BRDA:154,10,1,0
BRDA:159,11,0,0
BRDA:159,11,1,0
BRDA:202,12,0,0
BRDA:202,12,1,0
BRDA:205,13,0,0
BRDA:205,13,1,0
BRDA:231,14,0,0
BRDA:231,14,1,0
BRDA:231,15,0,0
BRDA:231,15,1,0
BRDA:234,16,0,0
BRDA:234,16,1,0
BRDA:243,17,0,0
BRDA:243,17,1,0
BRDA:250,18,0,0
BRDA:250,18,1,0
BRDA:297,19,0,0
BRDA:297,19,1,0
BRF:42
BRH:0
end_of_record
TN:
SF:src/service/shared/utilities/helper/useDeviceCheck.ts
FN:3,(anonymous_0)
FN:6,(anonymous_1)
FN:7,(anonymous_2)
FN:14,(anonymous_3)
FNF:4
FNH:0
FNDA:0,(anonymous_0)
FNDA:0,(anonymous_1)
FNDA:0,(anonymous_2)
FNDA:0,(anonymous_3)
DA:1,0
DA:3,0
DA:4,0
DA:6,0
DA:7,0
DA:8,0
DA:9,0
DA:12,0
DA:13,0
DA:14,0
DA:17,0
LF:11
LH:0
BRDA:8,0,0,0
BRDA:8,0,1,0
BRF:2
BRH:0
end_of_record
